2022-02-19T20:17:49.000+0000,Process Create (rule: ProcessCreate),process,1,2022-02-19T20:17:48.265Z,Microsoft-Windows-Sysmon,127.0.0.1:8088,x86_64,rdp01,rdp01.magnumtempus.financial,sysmon,"C:\Windows\System32\WindowsPowerShell\v1.0\powershell.exe
-Version
5.1
-s
-NoLogo
-NoProfile","""C:\Windows\System32\WindowsPowerShell\v1.0\powershell.exe"" -Version 5.1 -s -NoLogo -NoProfile",{B59E2A9A-5069-6211-A503-000000001202},C:\Windows\System32\WindowsPowerShell\v1.0\powershell.exe,097ce5761c89434367598b34fe32893b,044a0cf1f6bc478a7172bf207eef1e201a18ba02,ba4038fd20e474c047be8aad5bfacdb1bfc1ddbe12f803f473b7918d8d819436,powershell.exe,C:\Windows\System32\WindowsPowerShell\v1.0\powershell.exe,"""C:\Windows\System32\WindowsPowerShell\v1.0\powershell.exe"" ",{B59E2A9A-4F1B-6211-8A01-000000001202},C:\Windows\System32\WindowsPowerShell\v1.0\powershell.exe,powershell.exe,6784,Microsoft Corporation,Windows PowerShell,10.0.14393.206 (rs1_release.160915-0644),caee994f79d85e47c06e5fa9cdeae453,PowerShell.EXE,Microsoft® Windows® Operating System,8072,,C:\Users\pat.risus\,"technique_id=T1086,technique_name=PowerShell",MAGNUMTEMPUS,S-1-5-18,pat.risus,0x6082d1
2022-02-19T20:17:47.000+0000,Process Create (rule: ProcessCreate),process,1,2022-02-19T20:17:46.500Z,Microsoft-Windows-Sysmon,127.0.0.1:8088,x86_64,rdp01,rdp01.magnumtempus.financial,sysmon,"C:\Windows\Microsoft.NET\Framework64\v4.0.30319\csc.exe
/noconfig
/fullpaths
@C:\Users\pat.risus\AppData\Local\Temp\3\texpoojh.cmdline","""C:\Windows\Microsoft.NET\Framework64\v4.0.30319\csc.exe"" /noconfig /fullpaths @""C:\Users\pat.risus\AppData\Local\Temp\3\texpoojh.cmdline""",{B59E2A9A-5069-6211-A303-000000001202},C:\Windows\Microsoft.NET\Framework64\v4.0.30319\csc.exe,23ee3d381cfe3b9f6229483e2ce2f9e1,93cf877f5627e55ec076a656e935042fac39950e,4240a12e0b246c9d69af1f697488fe7da1b497df20f4a6f95135b4d5fe180a57,csc.exe,"C:\Windows\System32\WindowsPowerShell\v1.0\powershell.exe
-Version
5.1
-s
-NoLogo
-NoProfile","""C:\Windows\System32\WindowsPowerShell\v1.0\powershell.exe"" -Version 5.1 -s -NoLogo -NoProfile",{B59E2A9A-5061-6211-7403-000000001202},C:\Windows\System32\WindowsPowerShell\v1.0\powershell.exe,powershell.exe,8328,Microsoft Corporation,Visual C# Command Line Compiler,4.8.3761.0 built by: NET48REL1,ee1e569ad02aa1f7aeca80ac0601d80d,csc.exe,Microsoft® .NET Framework,8204,,C:\Users\pat.risus\,"technique_id=T1086,technique_name=PowerShell",MAGNUMTEMPUS,S-1-5-18,pat.risus,0x6082d1
2022-02-19T20:17:47.000+0000,Process Create (rule: ProcessCreate),process,1,2022-02-19T20:17:46.497Z,Microsoft-Windows-Sysmon,127.0.0.1:8088,x86_64,rdp01,rdp01.magnumtempus.financial,sysmon,"C:\Windows\System32\WindowsPowerShell\v1.0\powershell.exe
-Version
5.1
-s
-NoLogo
-NoProfile","""C:\Windows\System32\WindowsPowerShell\v1.0\powershell.exe"" -Version 5.1 -s -NoLogo -NoProfile",{B59E2A9A-5068-6211-9D03-000000001202},C:\Windows\System32\WindowsPowerShell\v1.0\powershell.exe,097ce5761c89434367598b34fe32893b,044a0cf1f6bc478a7172bf207eef1e201a18ba02,ba4038fd20e474c047be8aad5bfacdb1bfc1ddbe12f803f473b7918d8d819436,powershell.exe,C:\Windows\System32\WindowsPowerShell\v1.0\powershell.exe,"""C:\Windows\System32\WindowsPowerShell\v1.0\powershell.exe"" ",{B59E2A9A-4F1B-6211-8A01-000000001202},C:\Windows\System32\WindowsPowerShell\v1.0\powershell.exe,powershell.exe,6784,Microsoft Corporation,Windows PowerShell,10.0.14393.206 (rs1_release.160915-0644),caee994f79d85e47c06e5fa9cdeae453,PowerShell.EXE,Microsoft® Windows® Operating System,8256,,C:\Users\pat.risus\,"technique_id=T1086,technique_name=PowerShell",MAGNUMTEMPUS,S-1-5-18,pat.risus,0x6082d1
2022-02-19T20:17:47.000+0000,Process Create (rule: ProcessCreate),process,1,2022-02-19T20:17:46.500Z,Microsoft-Windows-Sysmon,127.0.0.1:8088,x86_64,rdp01,rdp01.magnumtempus.financial,sysmon,"C:\Windows\Microsoft.NET\Framework64\v4.0.30319\csc.exe
/noconfig
/fullpaths
@C:\Users\pat.risus\AppData\Local\Temp\3\mbml3425.cmdline","""C:\Windows\Microsoft.NET\Framework64\v4.0.30319\csc.exe"" /noconfig /fullpaths @""C:\Users\pat.risus\AppData\Local\Temp\3\mbml3425.cmdline""",{B59E2A9A-5069-6211-A103-000000001202},C:\Windows\Microsoft.NET\Framework64\v4.0.30319\csc.exe,23ee3d381cfe3b9f6229483e2ce2f9e1,93cf877f5627e55ec076a656e935042fac39950e,4240a12e0b246c9d69af1f697488fe7da1b497df20f4a6f95135b4d5fe180a57,csc.exe,"C:\Windows\System32\WindowsPowerShell\v1.0\powershell.exe
-Version
5.1
-s
-NoLogo
-NoProfile","""C:\Windows\System32\WindowsPowerShell\v1.0\powershell.exe"" -Version 5.1 -s -NoLogo -NoProfile",{B59E2A9A-5068-6211-9B03-000000001202},C:\Windows\System32\WindowsPowerShell\v1.0\powershell.exe,powershell.exe,5712,Microsoft Corporation,Visual C# Command Line Compiler,4.8.3761.0 built by: NET48REL1,ee1e569ad02aa1f7aeca80ac0601d80d,csc.exe,Microsoft® .NET Framework,2372,,C:\Users\pat.risus\,"technique_id=T1086,technique_name=PowerShell",MAGNUMTEMPUS,S-1-5-18,pat.risus,0x6082d1
2022-02-19T20:17:47.000+0000,Process Create (rule: ProcessCreate),process,1,2022-02-19T20:17:46.500Z,Microsoft-Windows-Sysmon,127.0.0.1:8088,x86_64,rdp01,rdp01.magnumtempus.financial,sysmon,"C:\Windows\System32\WindowsPowerShell\v1.0\powershell.exe
-Version
5.1
-s
-NoLogo
-NoProfile","""C:\Windows\System32\WindowsPowerShell\v1.0\powershell.exe"" -Version 5.1 -s -NoLogo -NoProfile",{B59E2A9A-5069-6211-9F03-000000001202},C:\Windows\System32\WindowsPowerShell\v1.0\powershell.exe,097ce5761c89434367598b34fe32893b,044a0cf1f6bc478a7172bf207eef1e201a18ba02,ba4038fd20e474c047be8aad5bfacdb1bfc1ddbe12f803f473b7918d8d819436,powershell.exe,C:\Windows\System32\WindowsPowerShell\v1.0\powershell.exe,"""C:\Windows\System32\WindowsPowerShell\v1.0\powershell.exe"" ",{B59E2A9A-4F1B-6211-8A01-000000001202},C:\Windows\System32\WindowsPowerShell\v1.0\powershell.exe,powershell.exe,6784,Microsoft Corporation,Windows PowerShell,10.0.14393.206 (rs1_release.160915-0644),caee994f79d85e47c06e5fa9cdeae453,PowerShell.EXE,Microsoft® Windows® Operating System,5428,,C:\Users\pat.risus\,"technique_id=T1086,technique_name=PowerShell",MAGNUMTEMPUS,S-1-5-18,pat.risus,0x6082d1
2022-02-19T20:17:46.000+0000,Process Create (rule: ProcessCreate),process,1,2022-02-19T20:17:45.152Z,Microsoft-Windows-Sysmon,127.0.0.1:8088,x86_64,rdp01,rdp01.magnumtempus.financial,sysmon,"C:\Windows\System32\WindowsPowerShell\v1.0\powershell.exe
-Version
5.1
-s
-NoLogo
-NoProfile","""C:\Windows\System32\WindowsPowerShell\v1.0\powershell.exe"" -Version 5.1 -s -NoLogo -NoProfile",{B59E2A9A-5068-6211-9B03-000000001202},C:\Windows\System32\WindowsPowerShell\v1.0\powershell.exe,097ce5761c89434367598b34fe32893b,044a0cf1f6bc478a7172bf207eef1e201a18ba02,ba4038fd20e474c047be8aad5bfacdb1bfc1ddbe12f803f473b7918d8d819436,powershell.exe,C:\Windows\System32\WindowsPowerShell\v1.0\powershell.exe,"""C:\Windows\System32\WindowsPowerShell\v1.0\powershell.exe"" ",{B59E2A9A-4F1B-6211-8A01-000000001202},C:\Windows\System32\WindowsPowerShell\v1.0\powershell.exe,powershell.exe,6784,Microsoft Corporation,Windows PowerShell,10.0.14393.206 (rs1_release.160915-0644),caee994f79d85e47c06e5fa9cdeae453,PowerShell.EXE,Microsoft® Windows® Operating System,5712,,C:\Users\pat.risus\,"technique_id=T1086,technique_name=PowerShell",MAGNUMTEMPUS,S-1-5-18,pat.risus,0x6082d1
2022-02-19T20:17:46.000+0000,Process Create (rule: ProcessCreate),process,1,2022-02-19T20:17:45.149Z,Microsoft-Windows-Sysmon,127.0.0.1:8088,x86_64,rdp01,rdp01.magnumtempus.financial,sysmon,"C:\Windows\System32\WindowsPowerShell\v1.0\powershell.exe
-Version
5.1
-s
-NoLogo
-NoProfile","""C:\Windows\System32\WindowsPowerShell\v1.0\powershell.exe"" -Version 5.1 -s -NoLogo -NoProfile",{B59E2A9A-5068-6211-9903-000000001202},C:\Windows\System32\WindowsPowerShell\v1.0\powershell.exe,097ce5761c89434367598b34fe32893b,044a0cf1f6bc478a7172bf207eef1e201a18ba02,ba4038fd20e474c047be8aad5bfacdb1bfc1ddbe12f803f473b7918d8d819436,powershell.exe,C:\Windows\System32\WindowsPowerShell\v1.0\powershell.exe,"""C:\Windows\System32\WindowsPowerShell\v1.0\powershell.exe"" ",{B59E2A9A-4F1B-6211-8A01-000000001202},C:\Windows\System32\WindowsPowerShell\v1.0\powershell.exe,powershell.exe,6784,Microsoft Corporation,Windows PowerShell,10.0.14393.206 (rs1_release.160915-0644),caee994f79d85e47c06e5fa9cdeae453,PowerShell.EXE,Microsoft® Windows® Operating System,1380,,C:\Users\pat.risus\,"technique_id=T1086,technique_name=PowerShell",MAGNUMTEMPUS,S-1-5-18,pat.risus,0x6082d1
2022-02-19T20:17:45.000+0000,Process Create (rule: ProcessCreate),process,1,2022-02-19T20:17:44.052Z,Microsoft-Windows-Sysmon,127.0.0.1:8088,x86_64,rdp01,rdp01.magnumtempus.financial,sysmon,"C:\Windows\System32\WindowsPowerShell\v1.0\powershell.exe
-Version
5.1
-s
-NoLogo
-NoProfile","""C:\Windows\System32\WindowsPowerShell\v1.0\powershell.exe"" -Version 5.1 -s -NoLogo -NoProfile",{B59E2A9A-5067-6211-9703-000000001202},C:\Windows\System32\WindowsPowerShell\v1.0\powershell.exe,097ce5761c89434367598b34fe32893b,044a0cf1f6bc478a7172bf207eef1e201a18ba02,ba4038fd20e474c047be8aad5bfacdb1bfc1ddbe12f803f473b7918d8d819436,powershell.exe,C:\Windows\System32\WindowsPowerShell\v1.0\powershell.exe,"""C:\Windows\System32\WindowsPowerShell\v1.0\powershell.exe"" ",{B59E2A9A-4F1B-6211-8A01-000000001202},C:\Windows\System32\WindowsPowerShell\v1.0\powershell.exe,powershell.exe,6784,Microsoft Corporation,Windows PowerShell,10.0.14393.206 (rs1_release.160915-0644),caee994f79d85e47c06e5fa9cdeae453,PowerShell.EXE,Microsoft® Windows® Operating System,7208,,C:\Users\pat.risus\,"technique_id=T1086,technique_name=PowerShell",MAGNUMTEMPUS,S-1-5-18,pat.risus,0x6082d1
2022-02-19T20:17:45.000+0000,Process Create (rule: ProcessCreate),process,1,2022-02-19T20:17:44.049Z,Microsoft-Windows-Sysmon,127.0.0.1:8088,x86_64,rdp01,rdp01.magnumtempus.financial,sysmon,"C:\Windows\System32\WindowsPowerShell\v1.0\powershell.exe
-Version
5.1
-s
-NoLogo
-NoProfile","""C:\Windows\System32\WindowsPowerShell\v1.0\powershell.exe"" -Version 5.1 -s -NoLogo -NoProfile",{B59E2A9A-5066-6211-9503-000000001202},C:\Windows\System32\WindowsPowerShell\v1.0\powershell.exe,097ce5761c89434367598b34fe32893b,044a0cf1f6bc478a7172bf207eef1e201a18ba02,ba4038fd20e474c047be8aad5bfacdb1bfc1ddbe12f803f473b7918d8d819436,powershell.exe,C:\Windows\System32\WindowsPowerShell\v1.0\powershell.exe,"""C:\Windows\System32\WindowsPowerShell\v1.0\powershell.exe"" ",{B59E2A9A-4F1B-6211-8A01-000000001202},C:\Windows\System32\WindowsPowerShell\v1.0\powershell.exe,powershell.exe,6784,Microsoft Corporation,Windows PowerShell,10.0.14393.206 (rs1_release.160915-0644),caee994f79d85e47c06e5fa9cdeae453,PowerShell.EXE,Microsoft® Windows® Operating System,7028,,C:\Users\pat.risus\,"technique_id=T1086,technique_name=PowerShell",MAGNUMTEMPUS,S-1-5-18,pat.risus,0x6082d1
2022-02-19T20:17:45.000+0000,Process Create (rule: ProcessCreate),process,1,2022-02-19T20:17:43.895Z,Microsoft-Windows-Sysmon,127.0.0.1:8088,x86_64,rdp01,rdp01.magnumtempus.financial,sysmon,"C:\Windows\System32\WindowsPowerShell\v1.0\powershell.exe
-Version
5.1
-s
-NoLogo
-NoProfile","""C:\Windows\System32\WindowsPowerShell\v1.0\powershell.exe"" -Version 5.1 -s -NoLogo -NoProfile",{B59E2A9A-5066-6211-9203-000000001202},C:\Windows\System32\WindowsPowerShell\v1.0\powershell.exe,097ce5761c89434367598b34fe32893b,044a0cf1f6bc478a7172bf207eef1e201a18ba02,ba4038fd20e474c047be8aad5bfacdb1bfc1ddbe12f803f473b7918d8d819436,powershell.exe,C:\Windows\System32\WindowsPowerShell\v1.0\powershell.exe,"""C:\Windows\System32\WindowsPowerShell\v1.0\powershell.exe"" ",{B59E2A9A-4F1B-6211-8A01-000000001202},C:\Windows\System32\WindowsPowerShell\v1.0\powershell.exe,powershell.exe,6784,Microsoft Corporation,Windows PowerShell,10.0.14393.206 (rs1_release.160915-0644),caee994f79d85e47c06e5fa9cdeae453,PowerShell.EXE,Microsoft® Windows® Operating System,4336,,C:\Users\pat.risus\,"technique_id=T1086,technique_name=PowerShell",MAGNUMTEMPUS,S-1-5-18,pat.risus,0x6082d1
2022-02-19T20:17:43.000+0000,Process Create (rule: ProcessCreate),process,1,2022-02-19T20:17:42.518Z,Microsoft-Windows-Sysmon,127.0.0.1:8088,x86_64,rdp01,rdp01.magnumtempus.financial,sysmon,"C:\Windows\Microsoft.NET\Framework64\v4.0.30319\csc.exe
/noconfig
/fullpaths
@C:\Users\pat.risus\AppData\Local\Temp\3\o11acr0g.cmdline","""C:\Windows\Microsoft.NET\Framework64\v4.0.30319\csc.exe"" /noconfig /fullpaths @""C:\Users\pat.risus\AppData\Local\Temp\3\o11acr0g.cmdline""",{B59E2A9A-5065-6211-8B03-000000001202},C:\Windows\Microsoft.NET\Framework64\v4.0.30319\csc.exe,23ee3d381cfe3b9f6229483e2ce2f9e1,93cf877f5627e55ec076a656e935042fac39950e,4240a12e0b246c9d69af1f697488fe7da1b497df20f4a6f95135b4d5fe180a57,csc.exe,"C:\Windows\System32\WindowsPowerShell\v1.0\powershell.exe
-Version
5.1
-s
-NoLogo
-NoProfile","""C:\Windows\System32\WindowsPowerShell\v1.0\powershell.exe"" -Version 5.1 -s -NoLogo -NoProfile",{B59E2A9A-505E-6211-6103-000000001202},C:\Windows\System32\WindowsPowerShell\v1.0\powershell.exe,powershell.exe,5460,Microsoft Corporation,Visual C# Command Line Compiler,4.8.3761.0 built by: NET48REL1,ee1e569ad02aa1f7aeca80ac0601d80d,csc.exe,Microsoft® .NET Framework,8448,,C:\Users\pat.risus\,"technique_id=T1086,technique_name=PowerShell",MAGNUMTEMPUS,S-1-5-18,pat.risus,0x6082d1
2022-02-19T20:17:43.000+0000,Process Create (rule: ProcessCreate),process,1,2022-02-19T20:17:42.519Z,Microsoft-Windows-Sysmon,127.0.0.1:8088,x86_64,rdp01,rdp01.magnumtempus.financial,sysmon,"C:\Windows\Microsoft.NET\Framework64\v4.0.30319\csc.exe
/noconfig
/fullpaths
@C:\Users\pat.risus\AppData\Local\Temp\3\mza1o00t.cmdline","""C:\Windows\Microsoft.NET\Framework64\v4.0.30319\csc.exe"" /noconfig /fullpaths @""C:\Users\pat.risus\AppData\Local\Temp\3\mza1o00t.cmdline""",{B59E2A9A-5065-6211-8F03-000000001202},C:\Windows\Microsoft.NET\Framework64\v4.0.30319\csc.exe,23ee3d381cfe3b9f6229483e2ce2f9e1,93cf877f5627e55ec076a656e935042fac39950e,4240a12e0b246c9d69af1f697488fe7da1b497df20f4a6f95135b4d5fe180a57,csc.exe,"C:\Windows\System32\WindowsPowerShell\v1.0\powershell.exe
-Version
5.1
-s
-NoLogo
-NoProfile","""C:\Windows\System32\WindowsPowerShell\v1.0\powershell.exe"" -Version 5.1 -s -NoLogo -NoProfile",{B59E2A9A-505F-6211-6603-000000001202},C:\Windows\System32\WindowsPowerShell\v1.0\powershell.exe,powershell.exe,6180,Microsoft Corporation,Visual C# Command Line Compiler,4.8.3761.0 built by: NET48REL1,ee1e569ad02aa1f7aeca80ac0601d80d,csc.exe,Microsoft® .NET Framework,5940,,C:\Users\pat.risus\,"technique_id=T1086,technique_name=PowerShell",MAGNUMTEMPUS,S-1-5-18,pat.risus,0x6082d1
2022-02-19T20:17:43.000+0000,Process Create (rule: ProcessCreate),process,1,2022-02-19T20:17:42.519Z,Microsoft-Windows-Sysmon,127.0.0.1:8088,x86_64,rdp01,rdp01.magnumtempus.financial,sysmon,"C:\Windows\System32\WindowsPowerShell\v1.0\powershell.exe
-Version
5.1
-s
-NoLogo
-NoProfile","""C:\Windows\System32\WindowsPowerShell\v1.0\powershell.exe"" -Version 5.1 -s -NoLogo -NoProfile",{B59E2A9A-5065-6211-8D03-000000001202},C:\Windows\System32\WindowsPowerShell\v1.0\powershell.exe,097ce5761c89434367598b34fe32893b,044a0cf1f6bc478a7172bf207eef1e201a18ba02,ba4038fd20e474c047be8aad5bfacdb1bfc1ddbe12f803f473b7918d8d819436,powershell.exe,C:\Windows\System32\WindowsPowerShell\v1.0\powershell.exe,"""C:\Windows\System32\WindowsPowerShell\v1.0\powershell.exe"" ",{B59E2A9A-4F1B-6211-8A01-000000001202},C:\Windows\System32\WindowsPowerShell\v1.0\powershell.exe,powershell.exe,6784,Microsoft Corporation,Windows PowerShell,10.0.14393.206 (rs1_release.160915-0644),caee994f79d85e47c06e5fa9cdeae453,PowerShell.EXE,Microsoft® Windows® Operating System,3180,,C:\Users\pat.risus\,"technique_id=T1086,technique_name=PowerShell",MAGNUMTEMPUS,S-1-5-18,pat.risus,0x6082d1
2022-02-19T20:17:42.000+0000,Process Create (rule: ProcessCreate),process,1,2022-02-19T20:17:42.516Z,Microsoft-Windows-Sysmon,127.0.0.1:8088,x86_64,rdp01,rdp01.magnumtempus.financial,sysmon,"C:\Windows\System32\WindowsPowerShell\v1.0\powershell.exe
-Version
5.1
-s
-NoLogo
-NoProfile","""C:\Windows\System32\WindowsPowerShell\v1.0\powershell.exe"" -Version 5.1 -s -NoLogo -NoProfile",{B59E2A9A-5064-6211-8903-000000001202},C:\Windows\System32\WindowsPowerShell\v1.0\powershell.exe,097ce5761c89434367598b34fe32893b,044a0cf1f6bc478a7172bf207eef1e201a18ba02,ba4038fd20e474c047be8aad5bfacdb1bfc1ddbe12f803f473b7918d8d819436,powershell.exe,C:\Windows\System32\WindowsPowerShell\v1.0\powershell.exe,"""C:\Windows\System32\WindowsPowerShell\v1.0\powershell.exe"" ",{B59E2A9A-4F1B-6211-8A01-000000001202},C:\Windows\System32\WindowsPowerShell\v1.0\powershell.exe,powershell.exe,6784,Microsoft Corporation,Windows PowerShell,10.0.14393.206 (rs1_release.160915-0644),caee994f79d85e47c06e5fa9cdeae453,PowerShell.EXE,Microsoft® Windows® Operating System,8756,,C:\Users\pat.risus\,"technique_id=T1086,technique_name=PowerShell",MAGNUMTEMPUS,S-1-5-18,pat.risus,0x6082d1
2022-02-19T20:17:42.000+0000,Process Create (rule: ProcessCreate),process,1,2022-02-19T20:17:42.513Z,Microsoft-Windows-Sysmon,127.0.0.1:8088,x86_64,rdp01,rdp01.magnumtempus.financial,sysmon,"C:\Windows\Microsoft.NET\Framework64\v4.0.30319\csc.exe
/noconfig
/fullpaths
@C:\Users\pat.risus\AppData\Local\Temp\3\ehjyjmvx.cmdline","""C:\Windows\Microsoft.NET\Framework64\v4.0.30319\csc.exe"" /noconfig /fullpaths @""C:\Users\pat.risus\AppData\Local\Temp\3\ehjyjmvx.cmdline""",{B59E2A9A-5064-6211-8503-000000001202},C:\Windows\Microsoft.NET\Framework64\v4.0.30319\csc.exe,23ee3d381cfe3b9f6229483e2ce2f9e1,93cf877f5627e55ec076a656e935042fac39950e,4240a12e0b246c9d69af1f697488fe7da1b497df20f4a6f95135b4d5fe180a57,csc.exe,"C:\Windows\System32\WindowsPowerShell\v1.0\powershell.exe
-Version
5.1
-s
-NoLogo
-NoProfile","""C:\Windows\System32\WindowsPowerShell\v1.0\powershell.exe"" -Version 5.1 -s -NoLogo -NoProfile",{B59E2A9A-505D-6211-5D03-000000001202},C:\Windows\System32\WindowsPowerShell\v1.0\powershell.exe,powershell.exe,7588,Microsoft Corporation,Visual C# Command Line Compiler,4.8.3761.0 built by: NET48REL1,ee1e569ad02aa1f7aeca80ac0601d80d,csc.exe,Microsoft® .NET Framework,7284,,C:\Users\pat.risus\,"technique_id=T1086,technique_name=PowerShell",MAGNUMTEMPUS,S-1-5-18,pat.risus,0x6082d1
2022-02-19T20:17:42.000+0000,Process Create (rule: ProcessCreate),process,1,2022-02-19T20:17:42.511Z,Microsoft-Windows-Sysmon,127.0.0.1:8088,x86_64,rdp01,rdp01.magnumtempus.financial,sysmon,"C:\Windows\Microsoft.NET\Framework64\v4.0.30319\csc.exe
/noconfig
/fullpaths
@C:\Users\pat.risus\AppData\Local\Temp\3\0lci1xb1.cmdline","""C:\Windows\Microsoft.NET\Framework64\v4.0.30319\csc.exe"" /noconfig /fullpaths @""C:\Users\pat.risus\AppData\Local\Temp\3\0lci1xb1.cmdline""",{B59E2A9A-5063-6211-8203-000000001202},C:\Windows\Microsoft.NET\Framework64\v4.0.30319\csc.exe,23ee3d381cfe3b9f6229483e2ce2f9e1,93cf877f5627e55ec076a656e935042fac39950e,4240a12e0b246c9d69af1f697488fe7da1b497df20f4a6f95135b4d5fe180a57,csc.exe,"C:\Windows\System32\WindowsPowerShell\v1.0\powershell.exe
-Version
5.1
-s
-NoLogo
-NoProfile","""C:\Windows\System32\WindowsPowerShell\v1.0\powershell.exe"" -Version 5.1 -s -NoLogo -NoProfile",{B59E2A9A-5060-6211-6F03-000000001202},C:\Windows\System32\WindowsPowerShell\v1.0\powershell.exe,powershell.exe,8660,Microsoft Corporation,Visual C# Command Line Compiler,4.8.3761.0 built by: NET48REL1,ee1e569ad02aa1f7aeca80ac0601d80d,csc.exe,Microsoft® .NET Framework,8468,,C:\Users\pat.risus\,"technique_id=T1086,technique_name=PowerShell",MAGNUMTEMPUS,S-1-5-18,pat.risus,0x6082d1
2022-02-19T20:17:42.000+0000,Process Create (rule: ProcessCreate),process,1,2022-02-19T20:17:42.513Z,Microsoft-Windows-Sysmon,127.0.0.1:8088,x86_64,rdp01,rdp01.magnumtempus.financial,sysmon,"C:\Windows\System32\WindowsPowerShell\v1.0\powershell.exe
-Version
5.1
-s
-NoLogo
-NoProfile","""C:\Windows\System32\WindowsPowerShell\v1.0\powershell.exe"" -Version 5.1 -s -NoLogo -NoProfile",{B59E2A9A-5064-6211-8603-000000001202},C:\Windows\System32\WindowsPowerShell\v1.0\powershell.exe,097ce5761c89434367598b34fe32893b,044a0cf1f6bc478a7172bf207eef1e201a18ba02,ba4038fd20e474c047be8aad5bfacdb1bfc1ddbe12f803f473b7918d8d819436,powershell.exe,C:\Windows\System32\WindowsPowerShell\v1.0\powershell.exe,"""C:\Windows\System32\WindowsPowerShell\v1.0\powershell.exe"" ",{B59E2A9A-4F1B-6211-8A01-000000001202},C:\Windows\System32\WindowsPowerShell\v1.0\powershell.exe,powershell.exe,6784,Microsoft Corporation,Windows PowerShell,10.0.14393.206 (rs1_release.160915-0644),caee994f79d85e47c06e5fa9cdeae453,PowerShell.EXE,Microsoft® Windows® Operating System,6960,,C:\Users\pat.risus\,"technique_id=T1086,technique_name=PowerShell",MAGNUMTEMPUS,S-1-5-18,pat.risus,0x6082d1
2022-02-19T20:17:41.000+0000,Process Create (rule: ProcessCreate),process,1,2022-02-19T20:17:40.629Z,Microsoft-Windows-Sysmon,127.0.0.1:8088,x86_64,rdp01,rdp01.magnumtempus.financial,sysmon,"C:\Windows\Microsoft.NET\Framework64\v4.0.30319\csc.exe
/noconfig
/fullpaths
@C:\Users\pat.risus\AppData\Local\Temp\3\cnluqutk.cmdline","""C:\Windows\Microsoft.NET\Framework64\v4.0.30319\csc.exe"" /noconfig /fullpaths @""C:\Users\pat.risus\AppData\Local\Temp\3\cnluqutk.cmdline""",{B59E2A9A-5063-6211-8103-000000001202},C:\Windows\Microsoft.NET\Framework64\v4.0.30319\csc.exe,23ee3d381cfe3b9f6229483e2ce2f9e1,93cf877f5627e55ec076a656e935042fac39950e,4240a12e0b246c9d69af1f697488fe7da1b497df20f4a6f95135b4d5fe180a57,csc.exe,"C:\Windows\System32\WindowsPowerShell\v1.0\powershell.exe
-Version
5.1
-s
-NoLogo
-NoProfile","""C:\Windows\System32\WindowsPowerShell\v1.0\powershell.exe"" -Version 5.1 -s -NoLogo -NoProfile",{B59E2A9A-505D-6211-5903-000000001202},C:\Windows\System32\WindowsPowerShell\v1.0\powershell.exe,powershell.exe,3992,Microsoft Corporation,Visual C# Command Line Compiler,4.8.3761.0 built by: NET48REL1,ee1e569ad02aa1f7aeca80ac0601d80d,csc.exe,Microsoft® .NET Framework,7868,,C:\Users\pat.risus\,"technique_id=T1086,technique_name=PowerShell",MAGNUMTEMPUS,S-1-5-18,pat.risus,0x6082d1
2022-02-19T20:17:41.000+0000,Process Create (rule: ProcessCreate),process,1,2022-02-19T20:17:40.629Z,Microsoft-Windows-Sysmon,127.0.0.1:8088,x86_64,rdp01,rdp01.magnumtempus.financial,sysmon,"C:\Windows\Microsoft.NET\Framework64\v4.0.30319\csc.exe
/noconfig
/fullpaths
@C:\Users\pat.risus\AppData\Local\Temp\3\keenhp5w.cmdline","""C:\Windows\Microsoft.NET\Framework64\v4.0.30319\csc.exe"" /noconfig /fullpaths @""C:\Users\pat.risus\AppData\Local\Temp\3\keenhp5w.cmdline""",{B59E2A9A-5062-6211-7C03-000000001202},C:\Windows\Microsoft.NET\Framework64\v4.0.30319\csc.exe,23ee3d381cfe3b9f6229483e2ce2f9e1,93cf877f5627e55ec076a656e935042fac39950e,4240a12e0b246c9d69af1f697488fe7da1b497df20f4a6f95135b4d5fe180a57,csc.exe,"C:\Windows\System32\WindowsPowerShell\v1.0\powershell.exe
-Version
5.1
-s
-NoLogo
-NoProfile","""C:\Windows\System32\WindowsPowerShell\v1.0\powershell.exe"" -Version 5.1 -s -NoLogo -NoProfile",{B59E2A9A-505C-6211-5703-000000001202},C:\Windows\System32\WindowsPowerShell\v1.0\powershell.exe,powershell.exe,8620,Microsoft Corporation,Visual C# Command Line Compiler,4.8.3761.0 built by: NET48REL1,ee1e569ad02aa1f7aeca80ac0601d80d,csc.exe,Microsoft® .NET Framework,8436,,C:\Users\pat.risus\,"technique_id=T1086,technique_name=PowerShell",MAGNUMTEMPUS,S-1-5-18,pat.risus,0x6082d1
2022-02-19T20:17:40.000+0000,Process Create (rule: ProcessCreate),process,1,2022-02-19T20:17:39.443Z,Microsoft-Windows-Sysmon,127.0.0.1:8088,x86_64,rdp01,rdp01.magnumtempus.financial,sysmon,"C:\Windows\Microsoft.NET\Framework64\v4.0.30319\csc.exe
/noconfig
/fullpaths
@C:\Users\pat.risus\AppData\Local\Temp\3\pksrlwuw.cmdline","""C:\Windows\Microsoft.NET\Framework64\v4.0.30319\csc.exe"" /noconfig /fullpaths @""C:\Users\pat.risus\AppData\Local\Temp\3\pksrlwuw.cmdline""",{B59E2A9A-5062-6211-7803-000000001202},C:\Windows\Microsoft.NET\Framework64\v4.0.30319\csc.exe,23ee3d381cfe3b9f6229483e2ce2f9e1,93cf877f5627e55ec076a656e935042fac39950e,4240a12e0b246c9d69af1f697488fe7da1b497df20f4a6f95135b4d5fe180a57,csc.exe,"C:\Windows\System32\WindowsPowerShell\v1.0\powershell.exe
-Version
5.1
-s
-NoLogo
-NoProfile","""C:\Windows\System32\WindowsPowerShell\v1.0\powershell.exe"" -Version 5.1 -s -NoLogo -NoProfile",{B59E2A9A-505C-6211-5303-000000001202},C:\Windows\System32\WindowsPowerShell\v1.0\powershell.exe,powershell.exe,6792,Microsoft Corporation,Visual C# Command Line Compiler,4.8.3761.0 built by: NET48REL1,ee1e569ad02aa1f7aeca80ac0601d80d,csc.exe,Microsoft® .NET Framework,7692,,C:\Users\pat.risus\,"technique_id=T1086,technique_name=PowerShell",MAGNUMTEMPUS,S-1-5-18,pat.risus,0x6082d1
2022-02-19T20:17:40.000+0000,Process Create (rule: ProcessCreate),process,1,2022-02-19T20:17:39.442Z,Microsoft-Windows-Sysmon,127.0.0.1:8088,x86_64,rdp01,rdp01.magnumtempus.financial,sysmon,"C:\Windows\Microsoft.NET\Framework64\v4.0.30319\csc.exe
/noconfig
/fullpaths
@C:\Users\pat.risus\AppData\Local\Temp\3\s2w4e5ne.cmdline","""C:\Windows\Microsoft.NET\Framework64\v4.0.30319\csc.exe"" /noconfig /fullpaths @""C:\Users\pat.risus\AppData\Local\Temp\3\s2w4e5ne.cmdline""",{B59E2A9A-5061-6211-7703-000000001202},C:\Windows\Microsoft.NET\Framework64\v4.0.30319\csc.exe,23ee3d381cfe3b9f6229483e2ce2f9e1,93cf877f5627e55ec076a656e935042fac39950e,4240a12e0b246c9d69af1f697488fe7da1b497df20f4a6f95135b4d5fe180a57,csc.exe,"C:\Windows\System32\WindowsPowerShell\v1.0\powershell.exe
-Version
5.1
-s
-NoLogo
-NoProfile","""C:\Windows\System32\WindowsPowerShell\v1.0\powershell.exe"" -Version 5.1 -s -NoLogo -NoProfile",{B59E2A9A-505F-6211-6B03-000000001202},C:\Windows\System32\WindowsPowerShell\v1.0\powershell.exe,powershell.exe,8832,Microsoft Corporation,Visual C# Command Line Compiler,4.8.3761.0 built by: NET48REL1,ee1e569ad02aa1f7aeca80ac0601d80d,csc.exe,Microsoft® .NET Framework,3580,,C:\Users\pat.risus\,"technique_id=T1086,technique_name=PowerShell",MAGNUMTEMPUS,S-1-5-18,pat.risus,0x6082d1
2022-02-19T20:17:40.000+0000,Process Create (rule: ProcessCreate),process,1,2022-02-19T20:17:39.441Z,Microsoft-Windows-Sysmon,127.0.0.1:8088,x86_64,rdp01,rdp01.magnumtempus.financial,sysmon,"C:\Windows\System32\WindowsPowerShell\v1.0\powershell.exe
-Version
5.1
-s
-NoLogo
-NoProfile","""C:\Windows\System32\WindowsPowerShell\v1.0\powershell.exe"" -Version 5.1 -s -NoLogo -NoProfile",{B59E2A9A-5061-6211-7403-000000001202},C:\Windows\System32\WindowsPowerShell\v1.0\powershell.exe,097ce5761c89434367598b34fe32893b,044a0cf1f6bc478a7172bf207eef1e201a18ba02,ba4038fd20e474c047be8aad5bfacdb1bfc1ddbe12f803f473b7918d8d819436,powershell.exe,C:\Windows\System32\WindowsPowerShell\v1.0\powershell.exe,"""C:\Windows\System32\WindowsPowerShell\v1.0\powershell.exe"" ",{B59E2A9A-4F1B-6211-8A01-000000001202},C:\Windows\System32\WindowsPowerShell\v1.0\powershell.exe,powershell.exe,6784,Microsoft Corporation,Windows PowerShell,10.0.14393.206 (rs1_release.160915-0644),caee994f79d85e47c06e5fa9cdeae453,PowerShell.EXE,Microsoft® Windows® Operating System,8328,,C:\Users\pat.risus\,"technique_id=T1086,technique_name=PowerShell",MAGNUMTEMPUS,S-1-5-18,pat.risus,0x6082d1
2022-02-19T20:17:40.000+0000,Process Create (rule: ProcessCreate),process,1,2022-02-19T20:17:39.441Z,Microsoft-Windows-Sysmon,127.0.0.1:8088,x86_64,rdp01,rdp01.magnumtempus.financial,sysmon,"C:\Windows\Microsoft.NET\Framework64\v4.0.30319\csc.exe
/noconfig
/fullpaths
@C:\Users\pat.risus\AppData\Local\Temp\3\yq00q5qv.cmdline","""C:\Windows\Microsoft.NET\Framework64\v4.0.30319\csc.exe"" /noconfig /fullpaths @""C:\Users\pat.risus\AppData\Local\Temp\3\yq00q5qv.cmdline""",{B59E2A9A-5061-6211-7303-000000001202},C:\Windows\Microsoft.NET\Framework64\v4.0.30319\csc.exe,23ee3d381cfe3b9f6229483e2ce2f9e1,93cf877f5627e55ec076a656e935042fac39950e,4240a12e0b246c9d69af1f697488fe7da1b497df20f4a6f95135b4d5fe180a57,csc.exe,"C:\Windows\System32\WindowsPowerShell\v1.0\powershell.exe
-Version
5.1
-s
-NoLogo
-NoProfile","""C:\Windows\System32\WindowsPowerShell\v1.0\powershell.exe"" -Version 5.1 -s -NoLogo -NoProfile",{B59E2A9A-505B-6211-4D03-000000001202},C:\Windows\System32\WindowsPowerShell\v1.0\powershell.exe,powershell.exe,8564,Microsoft Corporation,Visual C# Command Line Compiler,4.8.3761.0 built by: NET48REL1,ee1e569ad02aa1f7aeca80ac0601d80d,csc.exe,Microsoft® .NET Framework,7792,,C:\Users\pat.risus\,"technique_id=T1086,technique_name=PowerShell",MAGNUMTEMPUS,S-1-5-18,pat.risus,0x6082d1
2022-02-19T20:17:40.000+0000,Process Create (rule: ProcessCreate),process,1,2022-02-19T20:17:39.439Z,Microsoft-Windows-Sysmon,127.0.0.1:8088,x86_64,rdp01,rdp01.magnumtempus.financial,sysmon,"C:\Windows\Microsoft.NET\Framework64\v4.0.30319\csc.exe
/noconfig
/fullpaths
@C:\Users\pat.risus\AppData\Local\Temp\3\3opdg0vu.cmdline","""C:\Windows\Microsoft.NET\Framework64\v4.0.30319\csc.exe"" /noconfig /fullpaths @""C:\Users\pat.risus\AppData\Local\Temp\3\3opdg0vu.cmdline""",{B59E2A9A-5060-6211-7103-000000001202},C:\Windows\Microsoft.NET\Framework64\v4.0.30319\csc.exe,23ee3d381cfe3b9f6229483e2ce2f9e1,93cf877f5627e55ec076a656e935042fac39950e,4240a12e0b246c9d69af1f697488fe7da1b497df20f4a6f95135b4d5fe180a57,csc.exe,"C:\Windows\System32\WindowsPowerShell\v1.0\powershell.exe
-Version
5.1
-s
-NoLogo
-NoProfile","""C:\Windows\System32\WindowsPowerShell\v1.0\powershell.exe"" -Version 5.1 -s -NoLogo -NoProfile",{B59E2A9A-505A-6211-4803-000000001202},C:\Windows\System32\WindowsPowerShell\v1.0\powershell.exe,powershell.exe,4420,Microsoft Corporation,Visual C# Command Line Compiler,4.8.3761.0 built by: NET48REL1,ee1e569ad02aa1f7aeca80ac0601d80d,csc.exe,Microsoft® .NET Framework,5816,,C:\Users\pat.risus\,"technique_id=T1086,technique_name=PowerShell",MAGNUMTEMPUS,S-1-5-18,pat.risus,0x6082d1
2022-02-19T20:17:40.000+0000,Process Create (rule: ProcessCreate),process,1,2022-02-19T20:17:39.438Z,Microsoft-Windows-Sysmon,127.0.0.1:8088,x86_64,rdp01,rdp01.magnumtempus.financial,sysmon,"C:\Windows\System32\WindowsPowerShell\v1.0\powershell.exe
-Version
5.1
-s
-NoLogo
-NoProfile","""C:\Windows\System32\WindowsPowerShell\v1.0\powershell.exe"" -Version 5.1 -s -NoLogo -NoProfile",{B59E2A9A-5060-6211-6F03-000000001202},C:\Windows\System32\WindowsPowerShell\v1.0\powershell.exe,097ce5761c89434367598b34fe32893b,044a0cf1f6bc478a7172bf207eef1e201a18ba02,ba4038fd20e474c047be8aad5bfacdb1bfc1ddbe12f803f473b7918d8d819436,powershell.exe,C:\Windows\System32\WindowsPowerShell\v1.0\powershell.exe,"""C:\Windows\System32\WindowsPowerShell\v1.0\powershell.exe"" ",{B59E2A9A-4F1B-6211-8A01-000000001202},C:\Windows\System32\WindowsPowerShell\v1.0\powershell.exe,powershell.exe,6784,Microsoft Corporation,Windows PowerShell,10.0.14393.206 (rs1_release.160915-0644),caee994f79d85e47c06e5fa9cdeae453,PowerShell.EXE,Microsoft® Windows® Operating System,8660,,C:\Users\pat.risus\,"technique_id=T1086,technique_name=PowerShell",MAGNUMTEMPUS,S-1-5-18,pat.risus,0x6082d1
2022-02-19T20:17:39.000+0000,Process Create (rule: ProcessCreate),process,1,2022-02-19T20:17:38.857Z,Microsoft-Windows-Sysmon,127.0.0.1:8088,x86_64,rdp01,rdp01.magnumtempus.financial,sysmon,"C:\Windows\Microsoft.NET\Framework64\v4.0.30319\csc.exe
/noconfig
/fullpaths
@C:\Users\pat.risus\AppData\Local\Temp\3\mvlt2kii.cmdline","""C:\Windows\Microsoft.NET\Framework64\v4.0.30319\csc.exe"" /noconfig /fullpaths @""C:\Users\pat.risus\AppData\Local\Temp\3\mvlt2kii.cmdline""",{B59E2A9A-505F-6211-6D03-000000001202},C:\Windows\Microsoft.NET\Framework64\v4.0.30319\csc.exe,23ee3d381cfe3b9f6229483e2ce2f9e1,93cf877f5627e55ec076a656e935042fac39950e,4240a12e0b246c9d69af1f697488fe7da1b497df20f4a6f95135b4d5fe180a57,csc.exe,"C:\Windows\System32\WindowsPowerShell\v1.0\powershell.exe
-Version
5.1
-s
-NoLogo
-NoProfile","""C:\Windows\System32\WindowsPowerShell\v1.0\powershell.exe"" -Version 5.1 -s -NoLogo -NoProfile",{B59E2A9A-505A-6211-4403-000000001202},C:\Windows\System32\WindowsPowerShell\v1.0\powershell.exe,powershell.exe,5968,Microsoft Corporation,Visual C# Command Line Compiler,4.8.3761.0 built by: NET48REL1,ee1e569ad02aa1f7aeca80ac0601d80d,csc.exe,Microsoft® .NET Framework,5772,,C:\Users\pat.risus\,"technique_id=T1086,technique_name=PowerShell",MAGNUMTEMPUS,S-1-5-18,pat.risus,0x6082d1
2022-02-19T20:17:39.000+0000,Process Create (rule: ProcessCreate),process,1,2022-02-19T20:17:38.857Z,Microsoft-Windows-Sysmon,127.0.0.1:8088,x86_64,rdp01,rdp01.magnumtempus.financial,sysmon,"C:\Windows\System32\WindowsPowerShell\v1.0\powershell.exe
-Version
5.1
-s
-NoLogo
-NoProfile","""C:\Windows\System32\WindowsPowerShell\v1.0\powershell.exe"" -Version 5.1 -s -NoLogo -NoProfile",{B59E2A9A-505F-6211-6B03-000000001202},C:\Windows\System32\WindowsPowerShell\v1.0\powershell.exe,097ce5761c89434367598b34fe32893b,044a0cf1f6bc478a7172bf207eef1e201a18ba02,ba4038fd20e474c047be8aad5bfacdb1bfc1ddbe12f803f473b7918d8d819436,powershell.exe,C:\Windows\System32\WindowsPowerShell\v1.0\powershell.exe,"""C:\Windows\System32\WindowsPowerShell\v1.0\powershell.exe"" ",{B59E2A9A-4F1B-6211-8A01-000000001202},C:\Windows\System32\WindowsPowerShell\v1.0\powershell.exe,powershell.exe,6784,Microsoft Corporation,Windows PowerShell,10.0.14393.206 (rs1_release.160915-0644),caee994f79d85e47c06e5fa9cdeae453,PowerShell.EXE,Microsoft® Windows® Operating System,8832,,C:\Users\pat.risus\,"technique_id=T1086,technique_name=PowerShell",MAGNUMTEMPUS,S-1-5-18,pat.risus,0x6082d1
2022-02-19T20:17:39.000+0000,Process Create (rule: ProcessCreate),process,1,2022-02-19T20:17:38.856Z,Microsoft-Windows-Sysmon,127.0.0.1:8088,x86_64,rdp01,rdp01.magnumtempus.financial,sysmon,"C:\Windows\Microsoft.NET\Framework64\v4.0.30319\csc.exe
/noconfig
/fullpaths
@C:\Users\pat.risus\AppData\Local\Temp\3\5wipnzux.cmdline","""C:\Windows\Microsoft.NET\Framework64\v4.0.30319\csc.exe"" /noconfig /fullpaths @""C:\Users\pat.risus\AppData\Local\Temp\3\5wipnzux.cmdline""",{B59E2A9A-505F-6211-6903-000000001202},C:\Windows\Microsoft.NET\Framework64\v4.0.30319\csc.exe,23ee3d381cfe3b9f6229483e2ce2f9e1,93cf877f5627e55ec076a656e935042fac39950e,4240a12e0b246c9d69af1f697488fe7da1b497df20f4a6f95135b4d5fe180a57,csc.exe,"C:\Windows\System32\WindowsPowerShell\v1.0\powershell.exe
-Version
5.1
-s
-NoLogo
-NoProfile","""C:\Windows\System32\WindowsPowerShell\v1.0\powershell.exe"" -Version 5.1 -s -NoLogo -NoProfile",{B59E2A9A-5059-6211-4103-000000001202},C:\Windows\System32\WindowsPowerShell\v1.0\powershell.exe,powershell.exe,5376,Microsoft Corporation,Visual C# Command Line Compiler,4.8.3761.0 built by: NET48REL1,ee1e569ad02aa1f7aeca80ac0601d80d,csc.exe,Microsoft® .NET Framework,8256,,C:\Users\pat.risus\,"technique_id=T1086,technique_name=PowerShell",MAGNUMTEMPUS,S-1-5-18,pat.risus,0x6082d1
2022-02-19T20:17:36.000+0000,Process Create (rule: ProcessCreate),process,1,2022-02-19T20:17:36.213Z,Microsoft-Windows-Sysmon,127.0.0.1:8088,x86_64,rdp01,rdp01.magnumtempus.financial,sysmon,"C:\Windows\System32\WindowsPowerShell\v1.0\powershell.exe
-Version
5.1
-s
-NoLogo
-NoProfile","""C:\Windows\System32\WindowsPowerShell\v1.0\powershell.exe"" -Version 5.1 -s -NoLogo -NoProfile",{B59E2A9A-505F-6211-6603-000000001202},C:\Windows\System32\WindowsPowerShell\v1.0\powershell.exe,097ce5761c89434367598b34fe32893b,044a0cf1f6bc478a7172bf207eef1e201a18ba02,ba4038fd20e474c047be8aad5bfacdb1bfc1ddbe12f803f473b7918d8d819436,powershell.exe,C:\Windows\System32\WindowsPowerShell\v1.0\powershell.exe,"""C:\Windows\System32\WindowsPowerShell\v1.0\powershell.exe"" ",{B59E2A9A-4F1B-6211-8A01-000000001202},C:\Windows\System32\WindowsPowerShell\v1.0\powershell.exe,powershell.exe,6784,Microsoft Corporation,Windows PowerShell,10.0.14393.206 (rs1_release.160915-0644),caee994f79d85e47c06e5fa9cdeae453,PowerShell.EXE,Microsoft® Windows® Operating System,6180,,C:\Users\pat.risus\,"technique_id=T1086,technique_name=PowerShell",MAGNUMTEMPUS,S-1-5-18,pat.risus,0x6082d1
2022-02-19T20:17:36.000+0000,Process Create (rule: ProcessCreate),process,1,2022-02-19T20:17:36.210Z,Microsoft-Windows-Sysmon,127.0.0.1:8088,x86_64,rdp01,rdp01.magnumtempus.financial,sysmon,"C:\Windows\Microsoft.NET\Framework64\v4.0.30319\csc.exe
/noconfig
/fullpaths
@C:\Users\pat.risus\AppData\Local\Temp\3\gsemczzf.cmdline","""C:\Windows\Microsoft.NET\Framework64\v4.0.30319\csc.exe"" /noconfig /fullpaths @""C:\Users\pat.risus\AppData\Local\Temp\3\gsemczzf.cmdline""",{B59E2A9A-505E-6211-6303-000000001202},C:\Windows\Microsoft.NET\Framework64\v4.0.30319\csc.exe,23ee3d381cfe3b9f6229483e2ce2f9e1,93cf877f5627e55ec076a656e935042fac39950e,4240a12e0b246c9d69af1f697488fe7da1b497df20f4a6f95135b4d5fe180a57,csc.exe,"C:\Windows\System32\WindowsPowerShell\v1.0\powershell.exe
-Version
5.1
-s
-NoLogo
-NoProfile","""C:\Windows\System32\WindowsPowerShell\v1.0\powershell.exe"" -Version 5.1 -s -NoLogo -NoProfile",{B59E2A9A-5058-6211-3703-000000001202},C:\Windows\System32\WindowsPowerShell\v1.0\powershell.exe,powershell.exe,8920,Microsoft Corporation,Visual C# Command Line Compiler,4.8.3761.0 built by: NET48REL1,ee1e569ad02aa1f7aeca80ac0601d80d,csc.exe,Microsoft® .NET Framework,7844,,C:\Users\pat.risus\,"technique_id=T1086,technique_name=PowerShell",MAGNUMTEMPUS,S-1-5-18,pat.risus,0x6082d1
2022-02-19T20:17:36.000+0000,Process Create (rule: ProcessCreate),process,1,2022-02-19T20:17:36.213Z,Microsoft-Windows-Sysmon,127.0.0.1:8088,x86_64,rdp01,rdp01.magnumtempus.financial,sysmon,"C:\Windows\Microsoft.NET\Framework64\v4.0.30319\csc.exe
/noconfig
/fullpaths
@C:\Users\pat.risus\AppData\Local\Temp\3\5hkzomqk.cmdline","""C:\Windows\Microsoft.NET\Framework64\v4.0.30319\csc.exe"" /noconfig /fullpaths @""C:\Users\pat.risus\AppData\Local\Temp\3\5hkzomqk.cmdline""",{B59E2A9A-505F-6211-6503-000000001202},C:\Windows\Microsoft.NET\Framework64\v4.0.30319\csc.exe,23ee3d381cfe3b9f6229483e2ce2f9e1,93cf877f5627e55ec076a656e935042fac39950e,4240a12e0b246c9d69af1f697488fe7da1b497df20f4a6f95135b4d5fe180a57,csc.exe,"C:\Windows\System32\WindowsPowerShell\v1.0\powershell.exe
-Version
5.1
-s
-NoLogo
-NoProfile","""C:\Windows\System32\WindowsPowerShell\v1.0\powershell.exe"" -Version 5.1 -s -NoLogo -NoProfile",{B59E2A9A-5058-6211-3B03-000000001202},C:\Windows\System32\WindowsPowerShell\v1.0\powershell.exe,powershell.exe,7356,Microsoft Corporation,Visual C# Command Line Compiler,4.8.3761.0 built by: NET48REL1,ee1e569ad02aa1f7aeca80ac0601d80d,csc.exe,Microsoft® .NET Framework,8552,,C:\Users\pat.risus\,"technique_id=T1086,technique_name=PowerShell",MAGNUMTEMPUS,S-1-5-18,pat.risus,0x6082d1
2022-02-19T20:17:36.000+0000,Process Create (rule: ProcessCreate),process,1,2022-02-19T20:17:36.210Z,Microsoft-Windows-Sysmon,127.0.0.1:8088,x86_64,rdp01,rdp01.magnumtempus.financial,sysmon,"C:\Windows\System32\WindowsPowerShell\v1.0\powershell.exe
-Version
5.1
-s
-NoLogo
-NoProfile","""C:\Windows\System32\WindowsPowerShell\v1.0\powershell.exe"" -Version 5.1 -s -NoLogo -NoProfile",{B59E2A9A-505E-6211-6103-000000001202},C:\Windows\System32\WindowsPowerShell\v1.0\powershell.exe,097ce5761c89434367598b34fe32893b,044a0cf1f6bc478a7172bf207eef1e201a18ba02,ba4038fd20e474c047be8aad5bfacdb1bfc1ddbe12f803f473b7918d8d819436,powershell.exe,C:\Windows\System32\WindowsPowerShell\v1.0\powershell.exe,"""C:\Windows\System32\WindowsPowerShell\v1.0\powershell.exe"" ",{B59E2A9A-4F1B-6211-8A01-000000001202},C:\Windows\System32\WindowsPowerShell\v1.0\powershell.exe,powershell.exe,6784,Microsoft Corporation,Windows PowerShell,10.0.14393.206 (rs1_release.160915-0644),caee994f79d85e47c06e5fa9cdeae453,PowerShell.EXE,Microsoft® Windows® Operating System,5460,,C:\Users\pat.risus\,"technique_id=T1086,technique_name=PowerShell",MAGNUMTEMPUS,S-1-5-18,pat.risus,0x6082d1
2022-02-19T20:17:35.000+0000,Process Create (rule: ProcessCreate),process,1,2022-02-19T20:17:34.716Z,Microsoft-Windows-Sysmon,127.0.0.1:8088,x86_64,rdp01,rdp01.magnumtempus.financial,sysmon,"C:\Windows\Microsoft.NET\Framework64\v4.0.30319\csc.exe
/noconfig
/fullpaths
@C:\Users\pat.risus\AppData\Local\Temp\3\uradwylv.cmdline","""C:\Windows\Microsoft.NET\Framework64\v4.0.30319\csc.exe"" /noconfig /fullpaths @""C:\Users\pat.risus\AppData\Local\Temp\3\uradwylv.cmdline""",{B59E2A9A-505D-6211-5F03-000000001202},C:\Windows\Microsoft.NET\Framework64\v4.0.30319\csc.exe,23ee3d381cfe3b9f6229483e2ce2f9e1,93cf877f5627e55ec076a656e935042fac39950e,4240a12e0b246c9d69af1f697488fe7da1b497df20f4a6f95135b4d5fe180a57,csc.exe,"C:\Windows\System32\WindowsPowerShell\v1.0\powershell.exe
-Version
5.1
-s
-NoLogo
-NoProfile","""C:\Windows\System32\WindowsPowerShell\v1.0\powershell.exe"" -Version 5.1 -s -NoLogo -NoProfile",{B59E2A9A-5057-6211-3503-000000001202},C:\Windows\System32\WindowsPowerShell\v1.0\powershell.exe,powershell.exe,4616,Microsoft Corporation,Visual C# Command Line Compiler,4.8.3761.0 built by: NET48REL1,ee1e569ad02aa1f7aeca80ac0601d80d,csc.exe,Microsoft® .NET Framework,9104,,C:\Users\pat.risus\,"technique_id=T1086,technique_name=PowerShell",MAGNUMTEMPUS,S-1-5-18,pat.risus,0x6082d1
2022-02-19T20:17:35.000+0000,Process Create (rule: ProcessCreate),process,1,2022-02-19T20:17:34.714Z,Microsoft-Windows-Sysmon,127.0.0.1:8088,x86_64,rdp01,rdp01.magnumtempus.financial,sysmon,"C:\Windows\System32\WindowsPowerShell\v1.0\powershell.exe
-Version
5.1
-s
-NoLogo
-NoProfile","""C:\Windows\System32\WindowsPowerShell\v1.0\powershell.exe"" -Version 5.1 -s -NoLogo -NoProfile",{B59E2A9A-505D-6211-5D03-000000001202},C:\Windows\System32\WindowsPowerShell\v1.0\powershell.exe,097ce5761c89434367598b34fe32893b,044a0cf1f6bc478a7172bf207eef1e201a18ba02,ba4038fd20e474c047be8aad5bfacdb1bfc1ddbe12f803f473b7918d8d819436,powershell.exe,C:\Windows\System32\WindowsPowerShell\v1.0\powershell.exe,"""C:\Windows\System32\WindowsPowerShell\v1.0\powershell.exe"" ",{B59E2A9A-4F1B-6211-8A01-000000001202},C:\Windows\System32\WindowsPowerShell\v1.0\powershell.exe,powershell.exe,6784,Microsoft Corporation,Windows PowerShell,10.0.14393.206 (rs1_release.160915-0644),caee994f79d85e47c06e5fa9cdeae453,PowerShell.EXE,Microsoft® Windows® Operating System,7588,,C:\Users\pat.risus\,"technique_id=T1086,technique_name=PowerShell",MAGNUMTEMPUS,S-1-5-18,pat.risus,0x6082d1
2022-02-19T20:17:35.000+0000,Process Create (rule: ProcessCreate),process,1,2022-02-19T20:17:34.706Z,Microsoft-Windows-Sysmon,127.0.0.1:8088,x86_64,rdp01,rdp01.magnumtempus.financial,sysmon,"C:\Windows\Microsoft.NET\Framework64\v4.0.30319\csc.exe
/noconfig
/fullpaths
@C:\Users\pat.risus\AppData\Local\Temp\3\fsgp5d01.cmdline","""C:\Windows\Microsoft.NET\Framework64\v4.0.30319\csc.exe"" /noconfig /fullpaths @""C:\Users\pat.risus\AppData\Local\Temp\3\fsgp5d01.cmdline""",{B59E2A9A-505D-6211-5B03-000000001202},C:\Windows\Microsoft.NET\Framework64\v4.0.30319\csc.exe,23ee3d381cfe3b9f6229483e2ce2f9e1,93cf877f5627e55ec076a656e935042fac39950e,4240a12e0b246c9d69af1f697488fe7da1b497df20f4a6f95135b4d5fe180a57,csc.exe,"C:\Windows\System32\WindowsPowerShell\v1.0\powershell.exe
-Version
5.1
-s
-NoLogo
-NoProfile","""C:\Windows\System32\WindowsPowerShell\v1.0\powershell.exe"" -Version 5.1 -s -NoLogo -NoProfile",{B59E2A9A-5057-6211-3003-000000001202},C:\Windows\System32\WindowsPowerShell\v1.0\powershell.exe,powershell.exe,5908,Microsoft Corporation,Visual C# Command Line Compiler,4.8.3761.0 built by: NET48REL1,ee1e569ad02aa1f7aeca80ac0601d80d,csc.exe,Microsoft® .NET Framework,4220,,C:\Users\pat.risus\,"technique_id=T1086,technique_name=PowerShell",MAGNUMTEMPUS,S-1-5-18,pat.risus,0x6082d1
2022-02-19T20:17:34.000+0000,Process Create (rule: ProcessCreate),process,1,2022-02-19T20:17:33.390Z,Microsoft-Windows-Sysmon,127.0.0.1:8088,x86_64,rdp01,rdp01.magnumtempus.financial,sysmon,"C:\Windows\System32\WindowsPowerShell\v1.0\powershell.exe
-Version
5.1
-s
-NoLogo
-NoProfile","""C:\Windows\System32\WindowsPowerShell\v1.0\powershell.exe"" -Version 5.1 -s -NoLogo -NoProfile",{B59E2A9A-505D-6211-5903-000000001202},C:\Windows\System32\WindowsPowerShell\v1.0\powershell.exe,097ce5761c89434367598b34fe32893b,044a0cf1f6bc478a7172bf207eef1e201a18ba02,ba4038fd20e474c047be8aad5bfacdb1bfc1ddbe12f803f473b7918d8d819436,powershell.exe,C:\Windows\System32\WindowsPowerShell\v1.0\powershell.exe,"""C:\Windows\System32\WindowsPowerShell\v1.0\powershell.exe"" ",{B59E2A9A-4F1B-6211-8A01-000000001202},C:\Windows\System32\WindowsPowerShell\v1.0\powershell.exe,powershell.exe,6784,Microsoft Corporation,Windows PowerShell,10.0.14393.206 (rs1_release.160915-0644),caee994f79d85e47c06e5fa9cdeae453,PowerShell.EXE,Microsoft® Windows® Operating System,3992,,C:\Users\pat.risus\,"technique_id=T1086,technique_name=PowerShell",MAGNUMTEMPUS,S-1-5-18,pat.risus,0x6082d1
2022-02-19T20:17:34.000+0000,Process Create (rule: ProcessCreate),process,1,2022-02-19T20:17:33.387Z,Microsoft-Windows-Sysmon,127.0.0.1:8088,x86_64,rdp01,rdp01.magnumtempus.financial,sysmon,"C:\Windows\Microsoft.NET\Framework64\v4.0.30319\csc.exe
/noconfig
/fullpaths
@C:\Users\pat.risus\AppData\Local\Temp\3\qcbirvll.cmdline","""C:\Windows\Microsoft.NET\Framework64\v4.0.30319\csc.exe"" /noconfig /fullpaths @""C:\Users\pat.risus\AppData\Local\Temp\3\qcbirvll.cmdline""",{B59E2A9A-505C-6211-5503-000000001202},C:\Windows\Microsoft.NET\Framework64\v4.0.30319\csc.exe,23ee3d381cfe3b9f6229483e2ce2f9e1,93cf877f5627e55ec076a656e935042fac39950e,4240a12e0b246c9d69af1f697488fe7da1b497df20f4a6f95135b4d5fe180a57,csc.exe,"C:\Windows\System32\WindowsPowerShell\v1.0\powershell.exe
-Version
5.1
-s
-NoLogo
-NoProfile","""C:\Windows\System32\WindowsPowerShell\v1.0\powershell.exe"" -Version 5.1 -s -NoLogo -NoProfile",{B59E2A9A-5056-6211-2D03-000000001202},C:\Windows\System32\WindowsPowerShell\v1.0\powershell.exe,powershell.exe,3540,Microsoft Corporation,Visual C# Command Line Compiler,4.8.3761.0 built by: NET48REL1,ee1e569ad02aa1f7aeca80ac0601d80d,csc.exe,Microsoft® .NET Framework,8956,,C:\Users\pat.risus\,"technique_id=T1086,technique_name=PowerShell",MAGNUMTEMPUS,S-1-5-18,pat.risus,0x6082d1
2022-02-19T20:17:34.000+0000,Process Create (rule: ProcessCreate),process,1,2022-02-19T20:17:33.227Z,Microsoft-Windows-Sysmon,127.0.0.1:8088,x86_64,rdp01,rdp01.magnumtempus.financial,sysmon,"C:\Windows\System32\WindowsPowerShell\v1.0\powershell.exe
-Version
5.1
-s
-NoLogo
-NoProfile","""C:\Windows\System32\WindowsPowerShell\v1.0\powershell.exe"" -Version 5.1 -s -NoLogo -NoProfile",{B59E2A9A-505B-6211-4D03-000000001202},C:\Windows\System32\WindowsPowerShell\v1.0\powershell.exe,097ce5761c89434367598b34fe32893b,044a0cf1f6bc478a7172bf207eef1e201a18ba02,ba4038fd20e474c047be8aad5bfacdb1bfc1ddbe12f803f473b7918d8d819436,powershell.exe,C:\Windows\System32\WindowsPowerShell\v1.0\powershell.exe,"""C:\Windows\System32\WindowsPowerShell\v1.0\powershell.exe"" ",{B59E2A9A-4F1B-6211-8A01-000000001202},C:\Windows\System32\WindowsPowerShell\v1.0\powershell.exe,powershell.exe,6784,Microsoft Corporation,Windows PowerShell,10.0.14393.206 (rs1_release.160915-0644),caee994f79d85e47c06e5fa9cdeae453,PowerShell.EXE,Microsoft® Windows® Operating System,8564,,C:\Users\pat.risus\,"technique_id=T1086,technique_name=PowerShell",MAGNUMTEMPUS,S-1-5-18,pat.risus,0x6082d1
2022-02-19T20:17:34.000+0000,Process Create (rule: ProcessCreate),process,1,2022-02-19T20:17:33.388Z,Microsoft-Windows-Sysmon,127.0.0.1:8088,x86_64,rdp01,rdp01.magnumtempus.financial,sysmon,"C:\Windows\System32\WindowsPowerShell\v1.0\powershell.exe
-Version
5.1
-s
-NoLogo
-NoProfile","""C:\Windows\System32\WindowsPowerShell\v1.0\powershell.exe"" -Version 5.1 -s -NoLogo -NoProfile",{B59E2A9A-505C-6211-5703-000000001202},C:\Windows\System32\WindowsPowerShell\v1.0\powershell.exe,097ce5761c89434367598b34fe32893b,044a0cf1f6bc478a7172bf207eef1e201a18ba02,ba4038fd20e474c047be8aad5bfacdb1bfc1ddbe12f803f473b7918d8d819436,powershell.exe,C:\Windows\System32\WindowsPowerShell\v1.0\powershell.exe,"""C:\Windows\System32\WindowsPowerShell\v1.0\powershell.exe"" ",{B59E2A9A-4F1B-6211-8A01-000000001202},C:\Windows\System32\WindowsPowerShell\v1.0\powershell.exe,powershell.exe,6784,Microsoft Corporation,Windows PowerShell,10.0.14393.206 (rs1_release.160915-0644),caee994f79d85e47c06e5fa9cdeae453,PowerShell.EXE,Microsoft® Windows® Operating System,8620,,C:\Users\pat.risus\,"technique_id=T1086,technique_name=PowerShell",MAGNUMTEMPUS,S-1-5-18,pat.risus,0x6082d1
2022-02-19T20:17:34.000+0000,Process Create (rule: ProcessCreate),process,1,2022-02-19T20:17:33.230Z,Microsoft-Windows-Sysmon,127.0.0.1:8088,x86_64,rdp01,rdp01.magnumtempus.financial,sysmon,"C:\Windows\System32\WindowsPowerShell\v1.0\powershell.exe
-Version
5.1
-s
-NoLogo
-NoProfile","""C:\Windows\System32\WindowsPowerShell\v1.0\powershell.exe"" -Version 5.1 -s -NoLogo -NoProfile",{B59E2A9A-505C-6211-5303-000000001202},C:\Windows\System32\WindowsPowerShell\v1.0\powershell.exe,097ce5761c89434367598b34fe32893b,044a0cf1f6bc478a7172bf207eef1e201a18ba02,ba4038fd20e474c047be8aad5bfacdb1bfc1ddbe12f803f473b7918d8d819436,powershell.exe,C:\Windows\System32\WindowsPowerShell\v1.0\powershell.exe,"""C:\Windows\System32\WindowsPowerShell\v1.0\powershell.exe"" ",{B59E2A9A-4F1B-6211-8A01-000000001202},C:\Windows\System32\WindowsPowerShell\v1.0\powershell.exe,powershell.exe,6784,Microsoft Corporation,Windows PowerShell,10.0.14393.206 (rs1_release.160915-0644),caee994f79d85e47c06e5fa9cdeae453,PowerShell.EXE,Microsoft® Windows® Operating System,6792,,C:\Users\pat.risus\,"technique_id=T1086,technique_name=PowerShell",MAGNUMTEMPUS,S-1-5-18,pat.risus,0x6082d1
