2022-02-19T20:15:58.000+0000,Process Create (rule: ProcessCreate),process,1,2022-02-19T20:15:57.379Z,Microsoft-Windows-Sysmon,127.0.0.1:8088,x86_64,rdp01,rdp01.magnumtempus.financial,sysmon,"C:\Windows\System32\WindowsPowerShell\v1.0\powershell.exe
-Version
5.1
-s
-NoLogo
-NoProfile","""C:\Windows\System32\WindowsPowerShell\v1.0\powershell.exe"" -Version 5.1 -s -NoLogo -NoProfile",{B59E2A9A-4FFC-6211-0F02-000000001202},C:\Windows\System32\WindowsPowerShell\v1.0\powershell.exe,097ce5761c89434367598b34fe32893b,044a0cf1f6bc478a7172bf207eef1e201a18ba02,ba4038fd20e474c047be8aad5bfacdb1bfc1ddbe12f803f473b7918d8d819436,powershell.exe,C:\Windows\System32\WindowsPowerShell\v1.0\powershell.exe,"""C:\Windows\System32\WindowsPowerShell\v1.0\powershell.exe"" ",{B59E2A9A-4F1B-6211-8A01-000000001202},C:\Windows\System32\WindowsPowerShell\v1.0\powershell.exe,powershell.exe,6784,Microsoft Corporation,Windows PowerShell,10.0.14393.206 (rs1_release.160915-0644),caee994f79d85e47c06e5fa9cdeae453,PowerShell.EXE,Microsoft® Windows® Operating System,8168,,C:\Users\pat.risus\,"technique_id=T1086,technique_name=PowerShell",MAGNUMTEMPUS,S-1-5-18,pat.risus,0x6082d1
2022-02-19T20:15:58.000+0000,Process Create (rule: ProcessCreate),process,1,2022-02-19T20:15:57.377Z,Microsoft-Windows-Sysmon,127.0.0.1:8088,x86_64,rdp01,rdp01.magnumtempus.financial,sysmon,"C:\Windows\System32\WindowsPowerShell\v1.0\powershell.exe
-Version
5.1
-s
-NoLogo
-NoProfile","""C:\Windows\System32\WindowsPowerShell\v1.0\powershell.exe"" -Version 5.1 -s -NoLogo -NoProfile",{B59E2A9A-4FFB-6211-0D02-000000001202},C:\Windows\System32\WindowsPowerShell\v1.0\powershell.exe,097ce5761c89434367598b34fe32893b,044a0cf1f6bc478a7172bf207eef1e201a18ba02,ba4038fd20e474c047be8aad5bfacdb1bfc1ddbe12f803f473b7918d8d819436,powershell.exe,C:\Windows\System32\WindowsPowerShell\v1.0\powershell.exe,"""C:\Windows\System32\WindowsPowerShell\v1.0\powershell.exe"" ",{B59E2A9A-4F1B-6211-8A01-000000001202},C:\Windows\System32\WindowsPowerShell\v1.0\powershell.exe,powershell.exe,6784,Microsoft Corporation,Windows PowerShell,10.0.14393.206 (rs1_release.160915-0644),caee994f79d85e47c06e5fa9cdeae453,PowerShell.EXE,Microsoft® Windows® Operating System,5780,,C:\Users\pat.risus\,"technique_id=T1086,technique_name=PowerShell",MAGNUMTEMPUS,S-1-5-18,pat.risus,0x6082d1
2022-02-19T20:15:58.000+0000,Process Create (rule: ProcessCreate),process,1,2022-02-19T20:15:57.372Z,Microsoft-Windows-Sysmon,127.0.0.1:8088,x86_64,rdp01,rdp01.magnumtempus.financial,sysmon,"C:\Windows\System32\WindowsPowerShell\v1.0\powershell.exe
-Version
5.1
-s
-NoLogo
-NoProfile","""C:\Windows\System32\WindowsPowerShell\v1.0\powershell.exe"" -Version 5.1 -s -NoLogo -NoProfile",{B59E2A9A-4FFB-6211-0902-000000001202},C:\Windows\System32\WindowsPowerShell\v1.0\powershell.exe,097ce5761c89434367598b34fe32893b,044a0cf1f6bc478a7172bf207eef1e201a18ba02,ba4038fd20e474c047be8aad5bfacdb1bfc1ddbe12f803f473b7918d8d819436,powershell.exe,C:\Windows\System32\WindowsPowerShell\v1.0\powershell.exe,"""C:\Windows\System32\WindowsPowerShell\v1.0\powershell.exe"" ",{B59E2A9A-4F1B-6211-8A01-000000001202},C:\Windows\System32\WindowsPowerShell\v1.0\powershell.exe,powershell.exe,6784,Microsoft Corporation,Windows PowerShell,10.0.14393.206 (rs1_release.160915-0644),caee994f79d85e47c06e5fa9cdeae453,PowerShell.EXE,Microsoft® Windows® Operating System,5564,,C:\Users\pat.risus\,"technique_id=T1086,technique_name=PowerShell",MAGNUMTEMPUS,S-1-5-18,pat.risus,0x6082d1
2022-02-19T20:15:58.000+0000,Process Create (rule: ProcessCreate),process,1,2022-02-19T20:15:57.374Z,Microsoft-Windows-Sysmon,127.0.0.1:8088,x86_64,rdp01,rdp01.magnumtempus.financial,sysmon,"C:\Windows\System32\WindowsPowerShell\v1.0\powershell.exe
-Version
5.1
-s
-NoLogo
-NoProfile","""C:\Windows\System32\WindowsPowerShell\v1.0\powershell.exe"" -Version 5.1 -s -NoLogo -NoProfile",{B59E2A9A-4FFB-6211-0B02-000000001202},C:\Windows\System32\WindowsPowerShell\v1.0\powershell.exe,097ce5761c89434367598b34fe32893b,044a0cf1f6bc478a7172bf207eef1e201a18ba02,ba4038fd20e474c047be8aad5bfacdb1bfc1ddbe12f803f473b7918d8d819436,powershell.exe,C:\Windows\System32\WindowsPowerShell\v1.0\powershell.exe,"""C:\Windows\System32\WindowsPowerShell\v1.0\powershell.exe"" ",{B59E2A9A-4F1B-6211-8A01-000000001202},C:\Windows\System32\WindowsPowerShell\v1.0\powershell.exe,powershell.exe,6784,Microsoft Corporation,Windows PowerShell,10.0.14393.206 (rs1_release.160915-0644),caee994f79d85e47c06e5fa9cdeae453,PowerShell.EXE,Microsoft® Windows® Operating System,5648,,C:\Users\pat.risus\,"technique_id=T1086,technique_name=PowerShell",MAGNUMTEMPUS,S-1-5-18,pat.risus,0x6082d1
2022-02-19T20:15:57.000+0000,Process Create (rule: ProcessCreate),process,1,2022-02-19T20:15:56.258Z,Microsoft-Windows-Sysmon,127.0.0.1:8088,x86_64,rdp01,rdp01.magnumtempus.financial,sysmon,"C:\Windows\System32\WindowsPowerShell\v1.0\powershell.exe
-Version
5.1
-s
-NoLogo
-NoProfile","""C:\Windows\System32\WindowsPowerShell\v1.0\powershell.exe"" -Version 5.1 -s -NoLogo -NoProfile",{B59E2A9A-4FFA-6211-0502-000000001202},C:\Windows\System32\WindowsPowerShell\v1.0\powershell.exe,097ce5761c89434367598b34fe32893b,044a0cf1f6bc478a7172bf207eef1e201a18ba02,ba4038fd20e474c047be8aad5bfacdb1bfc1ddbe12f803f473b7918d8d819436,powershell.exe,C:\Windows\System32\WindowsPowerShell\v1.0\powershell.exe,"""C:\Windows\System32\WindowsPowerShell\v1.0\powershell.exe"" ",{B59E2A9A-4F1B-6211-8A01-000000001202},C:\Windows\System32\WindowsPowerShell\v1.0\powershell.exe,powershell.exe,6784,Microsoft Corporation,Windows PowerShell,10.0.14393.206 (rs1_release.160915-0644),caee994f79d85e47c06e5fa9cdeae453,PowerShell.EXE,Microsoft® Windows® Operating System,2288,,C:\Users\pat.risus\,"technique_id=T1086,technique_name=PowerShell",MAGNUMTEMPUS,S-1-5-18,pat.risus,0x6082d1
2022-02-19T20:15:57.000+0000,Process Create (rule: ProcessCreate),process,1,2022-02-19T20:15:56.239Z,Microsoft-Windows-Sysmon,127.0.0.1:8088,x86_64,rdp01,rdp01.magnumtempus.financial,sysmon,"C:\Windows\System32\WindowsPowerShell\v1.0\powershell.exe
-Version
5.1
-s
-NoLogo
-NoProfile","""C:\Windows\System32\WindowsPowerShell\v1.0\powershell.exe"" -Version 5.1 -s -NoLogo -NoProfile",{B59E2A9A-4FFA-6211-0302-000000001202},C:\Windows\System32\WindowsPowerShell\v1.0\powershell.exe,097ce5761c89434367598b34fe32893b,044a0cf1f6bc478a7172bf207eef1e201a18ba02,ba4038fd20e474c047be8aad5bfacdb1bfc1ddbe12f803f473b7918d8d819436,powershell.exe,C:\Windows\System32\WindowsPowerShell\v1.0\powershell.exe,"""C:\Windows\System32\WindowsPowerShell\v1.0\powershell.exe"" ",{B59E2A9A-4F1B-6211-8A01-000000001202},C:\Windows\System32\WindowsPowerShell\v1.0\powershell.exe,powershell.exe,6784,Microsoft Corporation,Windows PowerShell,10.0.14393.206 (rs1_release.160915-0644),caee994f79d85e47c06e5fa9cdeae453,PowerShell.EXE,Microsoft® Windows® Operating System,5960,,C:\Users\pat.risus\,"technique_id=T1086,technique_name=PowerShell",MAGNUMTEMPUS,S-1-5-18,pat.risus,0x6082d1
2022-02-19T20:15:57.000+0000,Process Create (rule: ProcessCreate),process,1,2022-02-19T20:15:56.260Z,Microsoft-Windows-Sysmon,127.0.0.1:8088,x86_64,rdp01,rdp01.magnumtempus.financial,sysmon,"C:\Windows\System32\WindowsPowerShell\v1.0\powershell.exe
-Version
5.1
-s
-NoLogo
-NoProfile","""C:\Windows\System32\WindowsPowerShell\v1.0\powershell.exe"" -Version 5.1 -s -NoLogo -NoProfile",{B59E2A9A-4FFB-6211-0702-000000001202},C:\Windows\System32\WindowsPowerShell\v1.0\powershell.exe,097ce5761c89434367598b34fe32893b,044a0cf1f6bc478a7172bf207eef1e201a18ba02,ba4038fd20e474c047be8aad5bfacdb1bfc1ddbe12f803f473b7918d8d819436,powershell.exe,C:\Windows\System32\WindowsPowerShell\v1.0\powershell.exe,"""C:\Windows\System32\WindowsPowerShell\v1.0\powershell.exe"" ",{B59E2A9A-4F1B-6211-8A01-000000001202},C:\Windows\System32\WindowsPowerShell\v1.0\powershell.exe,powershell.exe,6784,Microsoft Corporation,Windows PowerShell,10.0.14393.206 (rs1_release.160915-0644),caee994f79d85e47c06e5fa9cdeae453,PowerShell.EXE,Microsoft® Windows® Operating System,5456,,C:\Users\pat.risus\,"technique_id=T1086,technique_name=PowerShell",MAGNUMTEMPUS,S-1-5-18,pat.risus,0x6082d1
2022-02-19T20:15:57.000+0000,Process Create (rule: ProcessCreate),process,1,2022-02-19T20:15:56.235Z,Microsoft-Windows-Sysmon,127.0.0.1:8088,x86_64,rdp01,rdp01.magnumtempus.financial,sysmon,"C:\Windows\System32\WindowsPowerShell\v1.0\powershell.exe
-Version
5.1
-s
-NoLogo
-NoProfile","""C:\Windows\System32\WindowsPowerShell\v1.0\powershell.exe"" -Version 5.1 -s -NoLogo -NoProfile",{B59E2A9A-4FFA-6211-0102-000000001202},C:\Windows\System32\WindowsPowerShell\v1.0\powershell.exe,097ce5761c89434367598b34fe32893b,044a0cf1f6bc478a7172bf207eef1e201a18ba02,ba4038fd20e474c047be8aad5bfacdb1bfc1ddbe12f803f473b7918d8d819436,powershell.exe,C:\Windows\System32\WindowsPowerShell\v1.0\powershell.exe,"""C:\Windows\System32\WindowsPowerShell\v1.0\powershell.exe"" ",{B59E2A9A-4F1B-6211-8A01-000000001202},C:\Windows\System32\WindowsPowerShell\v1.0\powershell.exe,powershell.exe,6784,Microsoft Corporation,Windows PowerShell,10.0.14393.206 (rs1_release.160915-0644),caee994f79d85e47c06e5fa9cdeae453,PowerShell.EXE,Microsoft® Windows® Operating System,7848,,C:\Users\pat.risus\,"technique_id=T1086,technique_name=PowerShell",MAGNUMTEMPUS,S-1-5-18,pat.risus,0x6082d1
2022-02-19T20:15:55.000+0000,Process Create (rule: ProcessCreate),process,1,2022-02-19T20:15:54.974Z,Microsoft-Windows-Sysmon,127.0.0.1:8088,x86_64,rdp01,rdp01.magnumtempus.financial,sysmon,"C:\Windows\System32\WindowsPowerShell\v1.0\powershell.exe
-Version
5.1
-s
-NoLogo
-NoProfile","""C:\Windows\System32\WindowsPowerShell\v1.0\powershell.exe"" -Version 5.1 -s -NoLogo -NoProfile",{B59E2A9A-4FF9-6211-FB01-000000001202},C:\Windows\System32\WindowsPowerShell\v1.0\powershell.exe,097ce5761c89434367598b34fe32893b,044a0cf1f6bc478a7172bf207eef1e201a18ba02,ba4038fd20e474c047be8aad5bfacdb1bfc1ddbe12f803f473b7918d8d819436,powershell.exe,C:\Windows\System32\WindowsPowerShell\v1.0\powershell.exe,"""C:\Windows\System32\WindowsPowerShell\v1.0\powershell.exe"" ",{B59E2A9A-4F1B-6211-8A01-000000001202},C:\Windows\System32\WindowsPowerShell\v1.0\powershell.exe,powershell.exe,6784,Microsoft Corporation,Windows PowerShell,10.0.14393.206 (rs1_release.160915-0644),caee994f79d85e47c06e5fa9cdeae453,PowerShell.EXE,Microsoft® Windows® Operating System,7932,,C:\Users\pat.risus\,"technique_id=T1086,technique_name=PowerShell",MAGNUMTEMPUS,S-1-5-18,pat.risus,0x6082d1
2022-02-19T20:15:55.000+0000,Process Create (rule: ProcessCreate),process,1,2022-02-19T20:15:55.023Z,Microsoft-Windows-Sysmon,127.0.0.1:8088,x86_64,rdp01,rdp01.magnumtempus.financial,sysmon,"C:\Windows\System32\WindowsPowerShell\v1.0\powershell.exe
-Version
5.1
-s
-NoLogo
-NoProfile","""C:\Windows\System32\WindowsPowerShell\v1.0\powershell.exe"" -Version 5.1 -s -NoLogo -NoProfile",{B59E2A9A-4FFA-6211-FF01-000000001202},C:\Windows\System32\WindowsPowerShell\v1.0\powershell.exe,097ce5761c89434367598b34fe32893b,044a0cf1f6bc478a7172bf207eef1e201a18ba02,ba4038fd20e474c047be8aad5bfacdb1bfc1ddbe12f803f473b7918d8d819436,powershell.exe,C:\Windows\System32\WindowsPowerShell\v1.0\powershell.exe,"""C:\Windows\System32\WindowsPowerShell\v1.0\powershell.exe"" ",{B59E2A9A-4F1B-6211-8A01-000000001202},C:\Windows\System32\WindowsPowerShell\v1.0\powershell.exe,powershell.exe,6784,Microsoft Corporation,Windows PowerShell,10.0.14393.206 (rs1_release.160915-0644),caee994f79d85e47c06e5fa9cdeae453,PowerShell.EXE,Microsoft® Windows® Operating System,7776,,C:\Users\pat.risus\,"technique_id=T1086,technique_name=PowerShell",MAGNUMTEMPUS,S-1-5-18,pat.risus,0x6082d1
2022-02-19T20:15:55.000+0000,Process Create (rule: ProcessCreate),process,1,2022-02-19T20:15:55.019Z,Microsoft-Windows-Sysmon,127.0.0.1:8088,x86_64,rdp01,rdp01.magnumtempus.financial,sysmon,"C:\Windows\System32\WindowsPowerShell\v1.0\powershell.exe
-Version
5.1
-s
-NoLogo
-NoProfile","""C:\Windows\System32\WindowsPowerShell\v1.0\powershell.exe"" -Version 5.1 -s -NoLogo -NoProfile",{B59E2A9A-4FF9-6211-FD01-000000001202},C:\Windows\System32\WindowsPowerShell\v1.0\powershell.exe,097ce5761c89434367598b34fe32893b,044a0cf1f6bc478a7172bf207eef1e201a18ba02,ba4038fd20e474c047be8aad5bfacdb1bfc1ddbe12f803f473b7918d8d819436,powershell.exe,C:\Windows\System32\WindowsPowerShell\v1.0\powershell.exe,"""C:\Windows\System32\WindowsPowerShell\v1.0\powershell.exe"" ",{B59E2A9A-4F1B-6211-8A01-000000001202},C:\Windows\System32\WindowsPowerShell\v1.0\powershell.exe,powershell.exe,6784,Microsoft Corporation,Windows PowerShell,10.0.14393.206 (rs1_release.160915-0644),caee994f79d85e47c06e5fa9cdeae453,PowerShell.EXE,Microsoft® Windows® Operating System,6164,,C:\Users\pat.risus\,"technique_id=T1086,technique_name=PowerShell",MAGNUMTEMPUS,S-1-5-18,pat.risus,0x6082d1
2022-02-19T20:15:55.000+0000,Process Create (rule: ProcessCreate),process,1,2022-02-19T20:15:54.972Z,Microsoft-Windows-Sysmon,127.0.0.1:8088,x86_64,rdp01,rdp01.magnumtempus.financial,sysmon,"C:\Windows\System32\WindowsPowerShell\v1.0\powershell.exe
-Version
5.1
-s
-NoLogo
-NoProfile","""C:\Windows\System32\WindowsPowerShell\v1.0\powershell.exe"" -Version 5.1 -s -NoLogo -NoProfile",{B59E2A9A-4FF9-6211-F901-000000001202},C:\Windows\System32\WindowsPowerShell\v1.0\powershell.exe,097ce5761c89434367598b34fe32893b,044a0cf1f6bc478a7172bf207eef1e201a18ba02,ba4038fd20e474c047be8aad5bfacdb1bfc1ddbe12f803f473b7918d8d819436,powershell.exe,C:\Windows\System32\WindowsPowerShell\v1.0\powershell.exe,"""C:\Windows\System32\WindowsPowerShell\v1.0\powershell.exe"" ",{B59E2A9A-4F1B-6211-8A01-000000001202},C:\Windows\System32\WindowsPowerShell\v1.0\powershell.exe,powershell.exe,6784,Microsoft Corporation,Windows PowerShell,10.0.14393.206 (rs1_release.160915-0644),caee994f79d85e47c06e5fa9cdeae453,PowerShell.EXE,Microsoft® Windows® Operating System,3356,,C:\Users\pat.risus\,"technique_id=T1086,technique_name=PowerShell",MAGNUMTEMPUS,S-1-5-18,pat.risus,0x6082d1
2022-02-19T20:15:54.000+0000,Process Create (rule: ProcessCreate),process,1,2022-02-19T20:15:53.782Z,Microsoft-Windows-Sysmon,127.0.0.1:8088,x86_64,rdp01,rdp01.magnumtempus.financial,sysmon,"C:\Windows\System32\WindowsPowerShell\v1.0\powershell.exe
-Version
5.1
-s
-NoLogo
-NoProfile","""C:\Windows\System32\WindowsPowerShell\v1.0\powershell.exe"" -Version 5.1 -s -NoLogo -NoProfile",{B59E2A9A-4FF8-6211-F101-000000001202},C:\Windows\System32\WindowsPowerShell\v1.0\powershell.exe,097ce5761c89434367598b34fe32893b,044a0cf1f6bc478a7172bf207eef1e201a18ba02,ba4038fd20e474c047be8aad5bfacdb1bfc1ddbe12f803f473b7918d8d819436,powershell.exe,C:\Windows\System32\WindowsPowerShell\v1.0\powershell.exe,"""C:\Windows\System32\WindowsPowerShell\v1.0\powershell.exe"" ",{B59E2A9A-4F1B-6211-8A01-000000001202},C:\Windows\System32\WindowsPowerShell\v1.0\powershell.exe,powershell.exe,6784,Microsoft Corporation,Windows PowerShell,10.0.14393.206 (rs1_release.160915-0644),caee994f79d85e47c06e5fa9cdeae453,PowerShell.EXE,Microsoft® Windows® Operating System,7432,,C:\Users\pat.risus\,"technique_id=T1086,technique_name=PowerShell",MAGNUMTEMPUS,S-1-5-18,pat.risus,0x6082d1
2022-02-19T20:15:54.000+0000,Process Create (rule: ProcessCreate),process,1,2022-02-19T20:15:53.790Z,Microsoft-Windows-Sysmon,127.0.0.1:8088,x86_64,rdp01,rdp01.magnumtempus.financial,sysmon,"C:\Windows\System32\WindowsPowerShell\v1.0\powershell.exe
-Version
5.1
-s
-NoLogo
-NoProfile","""C:\Windows\System32\WindowsPowerShell\v1.0\powershell.exe"" -Version 5.1 -s -NoLogo -NoProfile",{B59E2A9A-4FF9-6211-F701-000000001202},C:\Windows\System32\WindowsPowerShell\v1.0\powershell.exe,097ce5761c89434367598b34fe32893b,044a0cf1f6bc478a7172bf207eef1e201a18ba02,ba4038fd20e474c047be8aad5bfacdb1bfc1ddbe12f803f473b7918d8d819436,powershell.exe,C:\Windows\System32\WindowsPowerShell\v1.0\powershell.exe,"""C:\Windows\System32\WindowsPowerShell\v1.0\powershell.exe"" ",{B59E2A9A-4F1B-6211-8A01-000000001202},C:\Windows\System32\WindowsPowerShell\v1.0\powershell.exe,powershell.exe,6784,Microsoft Corporation,Windows PowerShell,10.0.14393.206 (rs1_release.160915-0644),caee994f79d85e47c06e5fa9cdeae453,PowerShell.EXE,Microsoft® Windows® Operating System,6400,,C:\Users\pat.risus\,"technique_id=T1086,technique_name=PowerShell",MAGNUMTEMPUS,S-1-5-18,pat.risus,0x6082d1
2022-02-19T20:15:54.000+0000,Process Create (rule: ProcessCreate),process,1,2022-02-19T20:15:53.784Z,Microsoft-Windows-Sysmon,127.0.0.1:8088,x86_64,rdp01,rdp01.magnumtempus.financial,sysmon,"C:\Windows\System32\WindowsPowerShell\v1.0\powershell.exe
-Version
5.1
-s
-NoLogo
-NoProfile","""C:\Windows\System32\WindowsPowerShell\v1.0\powershell.exe"" -Version 5.1 -s -NoLogo -NoProfile",{B59E2A9A-4FF8-6211-F301-000000001202},C:\Windows\System32\WindowsPowerShell\v1.0\powershell.exe,097ce5761c89434367598b34fe32893b,044a0cf1f6bc478a7172bf207eef1e201a18ba02,ba4038fd20e474c047be8aad5bfacdb1bfc1ddbe12f803f473b7918d8d819436,powershell.exe,C:\Windows\System32\WindowsPowerShell\v1.0\powershell.exe,"""C:\Windows\System32\WindowsPowerShell\v1.0\powershell.exe"" ",{B59E2A9A-4F1B-6211-8A01-000000001202},C:\Windows\System32\WindowsPowerShell\v1.0\powershell.exe,powershell.exe,6784,Microsoft Corporation,Windows PowerShell,10.0.14393.206 (rs1_release.160915-0644),caee994f79d85e47c06e5fa9cdeae453,PowerShell.EXE,Microsoft® Windows® Operating System,8004,,C:\Users\pat.risus\,"technique_id=T1086,technique_name=PowerShell",MAGNUMTEMPUS,S-1-5-18,pat.risus,0x6082d1
2022-02-19T20:15:54.000+0000,Process Create (rule: ProcessCreate),process,1,2022-02-19T20:15:53.786Z,Microsoft-Windows-Sysmon,127.0.0.1:8088,x86_64,rdp01,rdp01.magnumtempus.financial,sysmon,"C:\Windows\System32\WindowsPowerShell\v1.0\powershell.exe
-Version
5.1
-s
-NoLogo
-NoProfile","""C:\Windows\System32\WindowsPowerShell\v1.0\powershell.exe"" -Version 5.1 -s -NoLogo -NoProfile",{B59E2A9A-4FF8-6211-F501-000000001202},C:\Windows\System32\WindowsPowerShell\v1.0\powershell.exe,097ce5761c89434367598b34fe32893b,044a0cf1f6bc478a7172bf207eef1e201a18ba02,ba4038fd20e474c047be8aad5bfacdb1bfc1ddbe12f803f473b7918d8d819436,powershell.exe,C:\Windows\System32\WindowsPowerShell\v1.0\powershell.exe,"""C:\Windows\System32\WindowsPowerShell\v1.0\powershell.exe"" ",{B59E2A9A-4F1B-6211-8A01-000000001202},C:\Windows\System32\WindowsPowerShell\v1.0\powershell.exe,powershell.exe,6784,Microsoft Corporation,Windows PowerShell,10.0.14393.206 (rs1_release.160915-0644),caee994f79d85e47c06e5fa9cdeae453,PowerShell.EXE,Microsoft® Windows® Operating System,6404,,C:\Users\pat.risus\,"technique_id=T1086,technique_name=PowerShell",MAGNUMTEMPUS,S-1-5-18,pat.risus,0x6082d1
2022-02-19T20:15:53.000+0000,Process Create (rule: ProcessCreate),process,1,2022-02-19T20:15:52.593Z,Microsoft-Windows-Sysmon,127.0.0.1:8088,x86_64,rdp01,rdp01.magnumtempus.financial,sysmon,"C:\Windows\System32\WindowsPowerShell\v1.0\powershell.exe
-Version
5.1
-s
-NoLogo
-NoProfile","""C:\Windows\System32\WindowsPowerShell\v1.0\powershell.exe"" -Version 5.1 -s -NoLogo -NoProfile",{B59E2A9A-4FF7-6211-ED01-000000001202},C:\Windows\System32\WindowsPowerShell\v1.0\powershell.exe,097ce5761c89434367598b34fe32893b,044a0cf1f6bc478a7172bf207eef1e201a18ba02,ba4038fd20e474c047be8aad5bfacdb1bfc1ddbe12f803f473b7918d8d819436,powershell.exe,C:\Windows\System32\WindowsPowerShell\v1.0\powershell.exe,"""C:\Windows\System32\WindowsPowerShell\v1.0\powershell.exe"" ",{B59E2A9A-4F1B-6211-8A01-000000001202},C:\Windows\System32\WindowsPowerShell\v1.0\powershell.exe,powershell.exe,6784,Microsoft Corporation,Windows PowerShell,10.0.14393.206 (rs1_release.160915-0644),caee994f79d85e47c06e5fa9cdeae453,PowerShell.EXE,Microsoft® Windows® Operating System,7344,,C:\Users\pat.risus\,"technique_id=T1086,technique_name=PowerShell",MAGNUMTEMPUS,S-1-5-18,pat.risus,0x6082d1
2022-02-19T20:15:53.000+0000,Process Create (rule: ProcessCreate),process,1,2022-02-19T20:15:52.598Z,Microsoft-Windows-Sysmon,127.0.0.1:8088,x86_64,rdp01,rdp01.magnumtempus.financial,sysmon,"C:\Windows\System32\WindowsPowerShell\v1.0\powershell.exe
-Version
5.1
-s
-NoLogo
-NoProfile","""C:\Windows\System32\WindowsPowerShell\v1.0\powershell.exe"" -Version 5.1 -s -NoLogo -NoProfile",{B59E2A9A-4FF7-6211-EF01-000000001202},C:\Windows\System32\WindowsPowerShell\v1.0\powershell.exe,097ce5761c89434367598b34fe32893b,044a0cf1f6bc478a7172bf207eef1e201a18ba02,ba4038fd20e474c047be8aad5bfacdb1bfc1ddbe12f803f473b7918d8d819436,powershell.exe,C:\Windows\System32\WindowsPowerShell\v1.0\powershell.exe,"""C:\Windows\System32\WindowsPowerShell\v1.0\powershell.exe"" ",{B59E2A9A-4F1B-6211-8A01-000000001202},C:\Windows\System32\WindowsPowerShell\v1.0\powershell.exe,powershell.exe,6784,Microsoft Corporation,Windows PowerShell,10.0.14393.206 (rs1_release.160915-0644),caee994f79d85e47c06e5fa9cdeae453,PowerShell.EXE,Microsoft® Windows® Operating System,7536,,C:\Users\pat.risus\,"technique_id=T1086,technique_name=PowerShell",MAGNUMTEMPUS,S-1-5-18,pat.risus,0x6082d1
2022-02-19T20:15:52.000+0000,Process Create (rule: ProcessCreate),process,1,2022-02-19T20:15:51.477Z,Microsoft-Windows-Sysmon,127.0.0.1:8088,x86_64,rdp01,rdp01.magnumtempus.financial,sysmon,"C:\Windows\System32\WindowsPowerShell\v1.0\powershell.exe
-Version
5.1
-s
-NoLogo
-NoProfile","""C:\Windows\System32\WindowsPowerShell\v1.0\powershell.exe"" -Version 5.1 -s -NoLogo -NoProfile",{B59E2A9A-4FF6-6211-EB01-000000001202},C:\Windows\System32\WindowsPowerShell\v1.0\powershell.exe,097ce5761c89434367598b34fe32893b,044a0cf1f6bc478a7172bf207eef1e201a18ba02,ba4038fd20e474c047be8aad5bfacdb1bfc1ddbe12f803f473b7918d8d819436,powershell.exe,C:\Windows\System32\WindowsPowerShell\v1.0\powershell.exe,"""C:\Windows\System32\WindowsPowerShell\v1.0\powershell.exe"" ",{B59E2A9A-4F1B-6211-8A01-000000001202},C:\Windows\System32\WindowsPowerShell\v1.0\powershell.exe,powershell.exe,6784,Microsoft Corporation,Windows PowerShell,10.0.14393.206 (rs1_release.160915-0644),caee994f79d85e47c06e5fa9cdeae453,PowerShell.EXE,Microsoft® Windows® Operating System,2916,,C:\Users\pat.risus\,"technique_id=T1086,technique_name=PowerShell",MAGNUMTEMPUS,S-1-5-18,pat.risus,0x6082d1
2022-02-19T20:15:51.000+0000,Process Create (rule: ProcessCreate),process,1,2022-02-19T20:15:50.297Z,Microsoft-Windows-Sysmon,127.0.0.1:8088,x86_64,rdp01,rdp01.magnumtempus.financial,sysmon,"C:\Windows\System32\WindowsPowerShell\v1.0\powershell.exe
-Version
5.1
-s
-NoLogo
-NoProfile","""C:\Windows\System32\WindowsPowerShell\v1.0\powershell.exe"" -Version 5.1 -s -NoLogo -NoProfile",{B59E2A9A-4FF4-6211-E901-000000001202},C:\Windows\System32\WindowsPowerShell\v1.0\powershell.exe,097ce5761c89434367598b34fe32893b,044a0cf1f6bc478a7172bf207eef1e201a18ba02,ba4038fd20e474c047be8aad5bfacdb1bfc1ddbe12f803f473b7918d8d819436,powershell.exe,C:\Windows\System32\WindowsPowerShell\v1.0\powershell.exe,"""C:\Windows\System32\WindowsPowerShell\v1.0\powershell.exe"" ",{B59E2A9A-4F1B-6211-8A01-000000001202},C:\Windows\System32\WindowsPowerShell\v1.0\powershell.exe,powershell.exe,6784,Microsoft Corporation,Windows PowerShell,10.0.14393.206 (rs1_release.160915-0644),caee994f79d85e47c06e5fa9cdeae453,PowerShell.EXE,Microsoft® Windows® Operating System,3384,,C:\Users\pat.risus\,"technique_id=T1086,technique_name=PowerShell",MAGNUMTEMPUS,S-1-5-18,pat.risus,0x6082d1
2022-02-19T20:14:49.000+0000,Process Create (rule: ProcessCreate),process,1,2022-02-19T20:14:47.906Z,Microsoft-Windows-Sysmon,127.0.0.1:8088,x86_64,rdp01,rdp01.magnumtempus.financial,sysmon,"C:\Windows\system32\ipconfig.exe
/all","""C:\Windows\system32\ipconfig.exe"" /all",{B59E2A9A-4FB7-6211-E501-000000001202},C:\Windows\System32\ipconfig.exe,29916dcea5377c19996b417d9235f42f,a95beaa8b81fd799db6051a79d959908ffbdb22f,5ee3fd7ca1ac876d0de539d469bfc333594fca3df9f377cc96c756d9648697f1,ipconfig.exe,C:\Windows\System32\WindowsPowerShell\v1.0\powershell.exe,"""C:\Windows\System32\WindowsPowerShell\v1.0\powershell.exe"" ",{B59E2A9A-4F1B-6211-8A01-000000001202},C:\Windows\System32\WindowsPowerShell\v1.0\powershell.exe,powershell.exe,6784,Microsoft Corporation,IP Configuration Utility,10.0.14393.0 (rs1_release.160715-1616),3636f50089f8190e3308e8aea8f2043a,ipconfig.exe,Microsoft® Windows® Operating System,5164,,C:\Users\pat.risus\,"technique_id=T1016,technique_name=System Network Configuration Discovery",MAGNUMTEMPUS,S-1-5-18,pat.risus,0x6082d1
2022-02-19T20:13:30.000+0000,Process Create (rule: ProcessCreate),process,1,2022-02-19T20:13:28.587Z,Microsoft-Windows-Sysmon,127.0.0.1:8088,x86_64,rdp01,rdp01.magnumtempus.financial,sysmon,"C:\Program Files\Google\Chrome\Application\98.0.4758.102\Installer\chrmstp.exe
--type=crashpad-handler
/prefetch:7
--monitor-self-annotation=ptype=crashpad-handler
--database=C:\Windows\TEMP\Crashpad
--url=https://clients2.google.com/cr/report
--annotation=channel=
--annotation=plat=Win64
--annotation=prod=Chrome
--annotation=ver=98.0.4758.102
--initial-client-data=0x228,0x22c,0x230,0x204,0x234,0x7ff771f4e468,0x7ff771f4e478,0x7ff771f4e488","""C:\Program Files\Google\Chrome\Application\98.0.4758.102\Installer\chrmstp.exe"" --type=crashpad-handler /prefetch:7 --monitor-self-annotation=ptype=crashpad-handler --database=C:\Windows\TEMP\Crashpad --url=https://clients2.google.com/cr/report --annotation=channel= --annotation=plat=Win64 --annotation=prod=Chrome --annotation=ver=98.0.4758.102 --initial-client-data=0x228,0x22c,0x230,0x204,0x234,0x7ff771f4e468,0x7ff771f4e478,0x7ff771f4e488",{B59E2A9A-4F66-6211-BF01-000000001202},C:\Program Files\Google\Chrome\Application\98.0.4758.102\Installer\chrmstp.exe,02c6ce082226cc4aa88204a2e5305a02,70a543aa469e7a8e1ca406cea4f7c1c86c9e3f4b,2b1255f19b2fcc942806bb6c4f11d47bdd9d4562e2b217afcecc3e6fcb2e86d5,chrmstp.exe,"C:\Program Files\Google\Chrome\Application\98.0.4758.102\Installer\chrmstp.exe
--configure-user-settings
--verbose-logging
--system-level
--channel=stable
--force-configure-user-settings","""C:\Program Files\Google\Chrome\Application\98.0.4758.102\Installer\chrmstp.exe"" --configure-user-settings --verbose-logging --system-level --channel=stable --force-configure-user-settings",{B59E2A9A-4F65-6211-BD01-000000001202},C:\Program Files\Google\Chrome\Application\98.0.4758.102\Installer\chrmstp.exe,chrmstp.exe,3540,Google LLC,Google Chrome Installer,98.0.4758.102,605342b0502c0a00e64309dbbaa1158f,-,Google Chrome Installer,6576,,C:\Program Files\Google\Chrome\Application\98.0.4758.102\,"technique_id=T1027,technique_name=Obfuscated Files or Information",MAGNUMTEMPUS,S-1-5-18,pat.risus,0x6082d1
2022-02-19T20:13:18.000+0000,Process Create (rule: ProcessCreate),process,1,2022-02-19T20:13:17.549Z,Microsoft-Windows-Sysmon,127.0.0.1:8088,x86_64,rdp01,rdp01.magnumtempus.financial,sysmon,C:\Program Files\Google\Chrome\Application\chrome.exe,"""C:\Program Files\Google\Chrome\Application\chrome.exe"" ",{B59E2A9A-4F5C-6211-A801-000000001202},C:\Program Files\Google\Chrome\Application\chrome.exe,15150d9c89feb4c16ebe4ac0ebf3a572,0608825f6b54238a452e3050d49e8aa50569a6c9,7db34eecd1b9d02a7d6b6d8c9e9c82cc5ce16bfa7c2932944d0bf0fbb13f5bc6,chrome.exe,C:\Windows\Explorer.EXE,C:\Windows\Explorer.EXE,{B59E2A9A-4EF6-6211-6B01-000000001202},C:\Windows\explorer.exe,explorer.exe,5092,Google LLC,Google Chrome,98.0.4758.102,cf7a78df28bc82db853e78665050e0de,chrome.exe,Google Chrome,6184,,C:\Program Files\Google\Chrome\Application\,"technique_id=T1204,technique_name=User Execution",MAGNUMTEMPUS,S-1-5-18,pat.risus,0x6082d1
2022-02-19T20:12:22.000+0000,Process Create (rule: ProcessCreate),process,1,2022-02-19T20:12:21.174Z,Microsoft-Windows-Sysmon,127.0.0.1:8088,x86_64,rdp01,rdp01.magnumtempus.financial,sysmon,"findstr
/v
DELETEME",findstr  /v DELETEME ,{B59E2A9A-4F23-6211-9301-000000001202},C:\Windows\System32\findstr.exe,15b171ec73e7b71f4ebb4247e716271e,c6f01014d0cdce1d77fc8c2f79447c28d8b8c9ad,2956f7bc863498dfcc868ce7df4c9c131a4a5c17b065658456afef7566ace1ee,findstr.exe,"C:\Windows\system32\cmd.exe
/c
C:\Users\pat.risus\AppData\Roaming\Microsoft\Windows\Start
Menu\Programs\Startup\RunWallpaperSetupInit.cmd ","C:\Windows\system32\cmd.exe /c """"C:\Users\pat.risus\AppData\Roaming\Microsoft\Windows\Start Menu\Programs\Startup\RunWallpaperSetupInit.cmd"" """,{B59E2A9A-4F0F-6211-7D01-000000001202},C:\Windows\System32\cmd.exe,cmd.exe,6104,Microsoft Corporation,Find String (QGREP) Utility,10.0.14393.0 (rs1_release.160715-1616),d7962312082aab17974d6817e09e5d7a,FINDSTR.EXE,Microsoft® Windows® Operating System,4712,,C:\Windows\system32\,"technique_id=T1059,technique_name=Command-Line Interface",MAGNUMTEMPUS,S-1-5-18,pat.risus,0x6082d1
2022-02-19T20:12:22.000+0000,Process Create (rule: ProcessCreate),process,1,2022-02-19T20:12:21.174Z,Microsoft-Windows-Sysmon,127.0.0.1:8088,x86_64,rdp01,rdp01.magnumtempus.financial,sysmon,"C:\Windows\system32\cmd.exe
/S
/D
/c type C:\Users\pat.risus\AppData\Roaming\Microsoft\Windows\Start
Menu\Programs\Startup\RunWallpaperSetupInit.cmd ","C:\Windows\system32\cmd.exe  /S /D /c"" type ""C:\Users\pat.risus\AppData\Roaming\Microsoft\Windows\Start Menu\Programs\Startup\RunWallpaperSetupInit.cmd"" """,{B59E2A9A-4F23-6211-9201-000000001202},C:\Windows\System32\cmd.exe,f4f684066175b77e0c3a000549d2922c,99ae9c73e9bee6f9c76d6f4093a9882df06832cf,935c1861df1f4018d698e8b65abfa02d7e9037d8f68ca3c2065b6ca165d44ad2,cmd.exe,"C:\Windows\system32\cmd.exe
/c
C:\Users\pat.risus\AppData\Roaming\Microsoft\Windows\Start
Menu\Programs\Startup\RunWallpaperSetupInit.cmd ","C:\Windows\system32\cmd.exe /c """"C:\Users\pat.risus\AppData\Roaming\Microsoft\Windows\Start Menu\Programs\Startup\RunWallpaperSetupInit.cmd"" """,{B59E2A9A-4F0F-6211-7D01-000000001202},C:\Windows\System32\cmd.exe,cmd.exe,6104,Microsoft Corporation,Windows Command Processor,10.0.14393.0 (rs1_release.160715-1616),3062ed732d4b25d1c64f084dac97d37a,Cmd.Exe,Microsoft® Windows® Operating System,3568,,C:\Windows\system32\,"technique_id=T1059,technique_name=Command-Line Interface",MAGNUMTEMPUS,S-1-5-18,pat.risus,0x6082d1
2022-02-19T20:12:19.000+0000,Process Create (rule: ProcessCreate),process,1,2022-02-19T20:12:18.009Z,Microsoft-Windows-Sysmon,127.0.0.1:8088,x86_64,rdp01,rdp01.magnumtempus.financial,sysmon,"C:\Windows\Microsoft.NET\Framework64\v4.0.30319\csc.exe
/noconfig
/fullpaths
@C:\Users\pat.risus\AppData\Local\Temp\3\fmh1izdf.cmdline","""C:\Windows\Microsoft.NET\Framework64\v4.0.30319\csc.exe"" /noconfig /fullpaths @""C:\Users\pat.risus\AppData\Local\Temp\3\fmh1izdf.cmdline""",{B59E2A9A-4F20-6211-8E01-000000001202},C:\Windows\Microsoft.NET\Framework64\v4.0.30319\csc.exe,23ee3d381cfe3b9f6229483e2ce2f9e1,93cf877f5627e55ec076a656e935042fac39950e,4240a12e0b246c9d69af1f697488fe7da1b497df20f4a6f95135b4d5fe180a57,csc.exe,"C:\Windows\System32\WindowsPowerShell\v1.0\powershell.exe
-NoProfile
-NonInteractive
-NoLogo
-WindowStyle
hidden
-ExecutionPolicy
Unrestricted
Import-Module C:\ProgramData\Amazon\EC2-Windows\Launch\Module\Ec2Launch.psd1; Set-Wallpaper -Initial","C:\Windows\System32\WindowsPowerShell\v1.0\powershell.exe  -NoProfile -NonInteractive -NoLogo -WindowStyle hidden -ExecutionPolicy Unrestricted ""Import-Module ""C:\ProgramData\Amazon\EC2-Windows\Launch\Module\Ec2Launch.psd1""; Set-Wallpaper -Initial"" ",{B59E2A9A-4F10-6211-8101-000000001202},C:\Windows\System32\WindowsPowerShell\v1.0\powershell.exe,powershell.exe,6196,Microsoft Corporation,Visual C# Command Line Compiler,4.8.3761.0 built by: NET48REL1,ee1e569ad02aa1f7aeca80ac0601d80d,csc.exe,Microsoft® .NET Framework,7048,,C:\Windows\system32\,"technique_id=T1086,technique_name=PowerShell",MAGNUMTEMPUS,S-1-5-18,pat.risus,0x6082d1
2022-02-19T20:12:16.000+0000,Process Create (rule: ProcessCreate),process,1,2022-02-19T20:12:15.182Z,Microsoft-Windows-Sysmon,127.0.0.1:8088,x86_64,rdp01,rdp01.magnumtempus.financial,sysmon,C:\Windows\System32\WindowsPowerShell\v1.0\powershell.exe,"""C:\Windows\System32\WindowsPowerShell\v1.0\powershell.exe"" ",{B59E2A9A-4F1B-6211-8A01-000000001202},C:\Windows\System32\WindowsPowerShell\v1.0\powershell.exe,097ce5761c89434367598b34fe32893b,044a0cf1f6bc478a7172bf207eef1e201a18ba02,ba4038fd20e474c047be8aad5bfacdb1bfc1ddbe12f803f473b7918d8d819436,powershell.exe,C:\Windows\Explorer.EXE,C:\Windows\Explorer.EXE,{B59E2A9A-4EF6-6211-6B01-000000001202},C:\Windows\explorer.exe,explorer.exe,5092,Microsoft Corporation,Windows PowerShell,10.0.14393.206 (rs1_release.160915-0644),caee994f79d85e47c06e5fa9cdeae453,PowerShell.EXE,Microsoft® Windows® Operating System,6784,,C:\Users\pat.risus\,"technique_id=T1204,technique_name=User Execution",MAGNUMTEMPUS,S-1-5-18,pat.risus,0x6082d1
2022-02-19T20:12:04.000+0000,Process Create (rule: ProcessCreate),process,1,2022-02-19T20:12:03.418Z,Microsoft-Windows-Sysmon,127.0.0.1:8088,x86_64,rdp01,rdp01.magnumtempus.financial,sysmon,"C:\Windows\System32\WindowsPowerShell\v1.0\powershell.exe
-NoProfile
-NonInteractive
-NoLogo
-WindowStyle
hidden
-ExecutionPolicy
Unrestricted
Import-Module C:\ProgramData\Amazon\EC2-Windows\Launch\Module\Ec2Launch.psd1; Set-Wallpaper -Initial","C:\Windows\System32\WindowsPowerShell\v1.0\powershell.exe  -NoProfile -NonInteractive -NoLogo -WindowStyle hidden -ExecutionPolicy Unrestricted ""Import-Module ""C:\ProgramData\Amazon\EC2-Windows\Launch\Module\Ec2Launch.psd1""; Set-Wallpaper -Initial"" ",{B59E2A9A-4F10-6211-8101-000000001202},C:\Windows\System32\WindowsPowerShell\v1.0\powershell.exe,097ce5761c89434367598b34fe32893b,044a0cf1f6bc478a7172bf207eef1e201a18ba02,ba4038fd20e474c047be8aad5bfacdb1bfc1ddbe12f803f473b7918d8d819436,powershell.exe,"C:\Windows\system32\cmd.exe
/c
C:\Users\pat.risus\AppData\Roaming\Microsoft\Windows\Start
Menu\Programs\Startup\RunWallpaperSetupInit.cmd ","C:\Windows\system32\cmd.exe /c """"C:\Users\pat.risus\AppData\Roaming\Microsoft\Windows\Start Menu\Programs\Startup\RunWallpaperSetupInit.cmd"" """,{B59E2A9A-4F0F-6211-7D01-000000001202},C:\Windows\System32\cmd.exe,cmd.exe,6104,Microsoft Corporation,Windows PowerShell,10.0.14393.206 (rs1_release.160915-0644),caee994f79d85e47c06e5fa9cdeae453,PowerShell.EXE,Microsoft® Windows® Operating System,6196,,C:\Windows\system32\,"technique_id=T1059,technique_name=Command-Line Interface",MAGNUMTEMPUS,S-1-5-18,pat.risus,0x6082d1
2022-02-19T20:12:04.000+0000,Process Create (rule: ProcessCreate),process,1,2022-02-19T20:12:02.529Z,Microsoft-Windows-Sysmon,127.0.0.1:8088,x86_64,rdp01,rdp01.magnumtempus.financial,sysmon,"C:\Windows\SysWOW64\runonce.exe
/Run6432",C:\Windows\SysWOW64\runonce.exe /Run6432,{B59E2A9A-4F0E-6211-7C01-000000001202},C:\Windows\SysWOW64\runonce.exe,4fb746c270c6d48d5c72c121b76c28b0,7eb41c6e95483dee7360fdc9125f0ad40980e484,e7df229c54abd0f9d5a5ef5f244f7e7968b21ce8470161ca0ad3cdaadca76262,runonce.exe,C:\Windows\Explorer.EXE,C:\Windows\Explorer.EXE,{B59E2A9A-4EF6-6211-6B01-000000001202},C:\Windows\explorer.exe,explorer.exe,5092,Microsoft Corporation,Run Once Wrapper,10.0.14393.4169 (rs1_release.210107-1130),3813e6fb251a00200d1a9987c8c6da00,RUNONCE.EXE,Microsoft® Windows® Operating System,6096,,C:\Windows\SysWOW64\,"technique_id=T1204,technique_name=User Execution",MAGNUMTEMPUS,S-1-5-18,pat.risus,0x6082d1
2022-02-19T20:12:04.000+0000,Process Create (rule: ProcessCreate),process,1,2022-02-19T20:12:02.529Z,Microsoft-Windows-Sysmon,127.0.0.1:8088,x86_64,rdp01,rdp01.magnumtempus.financial,sysmon,"C:\Windows\system32\cmd.exe
/c
C:\Users\pat.risus\AppData\Roaming\Microsoft\Windows\Start
Menu\Programs\Startup\RunWallpaperSetupInit.cmd ","C:\Windows\system32\cmd.exe /c """"C:\Users\pat.risus\AppData\Roaming\Microsoft\Windows\Start Menu\Programs\Startup\RunWallpaperSetupInit.cmd"" """,{B59E2A9A-4F0F-6211-7D01-000000001202},C:\Windows\System32\cmd.exe,f4f684066175b77e0c3a000549d2922c,99ae9c73e9bee6f9c76d6f4093a9882df06832cf,935c1861df1f4018d698e8b65abfa02d7e9037d8f68ca3c2065b6ca165d44ad2,cmd.exe,C:\Windows\Explorer.EXE,C:\Windows\Explorer.EXE,{B59E2A9A-4EF6-6211-6B01-000000001202},C:\Windows\explorer.exe,explorer.exe,5092,Microsoft Corporation,Windows Command Processor,10.0.14393.0 (rs1_release.160715-1616),3062ed732d4b25d1c64f084dac97d37a,Cmd.Exe,Microsoft® Windows® Operating System,6104,,C:\Windows\system32\,"technique_id=T1204,technique_name=User Execution",MAGNUMTEMPUS,S-1-5-18,pat.risus,0x6082d1
2022-02-19T20:11:40.000+0000,Process Create (rule: ProcessCreate),process,1,2022-02-19T20:11:39.827Z,Microsoft-Windows-Sysmon,127.0.0.1:8088,x86_64,rdp01,rdp01.magnumtempus.financial,sysmon,"rundll32.exe
AppXDeploymentExtensions.OneCore.dll,ShellRefresh","rundll32.exe AppXDeploymentExtensions.OneCore.dll,ShellRefresh",{B59E2A9A-4EFA-6211-7601-000000001202},C:\Windows\System32\rundll32.exe,23db802097f7b7e520e40068a7e68b14,5ecbe863f4be35de1c3deff2c24045aa7769eba7,28de7d3e8bf4b19e44063a4bfc2e7c30ae488cd9a1f63320ed374e14aaeca667,rundll32.exe,"C:\Windows\system32\svchost.exe
-k
wsappx",C:\Windows\system32\svchost.exe -k wsappx,{B59E2A9A-4EF7-6211-6D01-000000001202},C:\Windows\System32\svchost.exe,svchost.exe,5052,Microsoft Corporation,Windows host process (Rundll32),10.0.14393.4169 (rs1_release.210107-1130),7d1ce1bafe48b63d9d19e8e0e5df3e6c,RUNDLL32.EXE,Microsoft® Windows® Operating System,3820,,C:\Windows\system32\,"technique_id=T1218.002,technique_name=rundll32.exe",MAGNUMTEMPUS,S-1-5-18,pat.risus,0x6082d1
2022-02-19T20:11:40.000+0000,Process Create (rule: ProcessCreate),process,1,2022-02-19T20:11:39.822Z,Microsoft-Windows-Sysmon,127.0.0.1:8088,x86_64,rdp01,rdp01.magnumtempus.financial,sysmon,"C:\Program Files\Google\Chrome\Application\98.0.4758.102\Installer\chrmstp.exe
--type=crashpad-handler
/prefetch:7
--monitor-self-annotation=ptype=crashpad-handler
--database=C:\Windows\TEMP\Crashpad
--url=https://clients2.google.com/cr/report
--annotation=channel=
--annotation=plat=Win64
--annotation=prod=Chrome
--annotation=ver=98.0.4758.102
--initial-client-data=0x228,0x22c,0x230,0x204,0x234,0x7ff771f4e468,0x7ff771f4e478,0x7ff771f4e488","""C:\Program Files\Google\Chrome\Application\98.0.4758.102\Installer\chrmstp.exe"" --type=crashpad-handler /prefetch:7 --monitor-self-annotation=ptype=crashpad-handler --database=C:\Windows\TEMP\Crashpad --url=https://clients2.google.com/cr/report --annotation=channel= --annotation=plat=Win64 --annotation=prod=Chrome --annotation=ver=98.0.4758.102 --initial-client-data=0x228,0x22c,0x230,0x204,0x234,0x7ff771f4e468,0x7ff771f4e478,0x7ff771f4e488",{B59E2A9A-4EFA-6211-7501-000000001202},C:\Program Files\Google\Chrome\Application\98.0.4758.102\Installer\chrmstp.exe,02c6ce082226cc4aa88204a2e5305a02,70a543aa469e7a8e1ca406cea4f7c1c86c9e3f4b,2b1255f19b2fcc942806bb6c4f11d47bdd9d4562e2b217afcecc3e6fcb2e86d5,chrmstp.exe,"C:\Program Files\Google\Chrome\Application\98.0.4758.102\Installer\chrmstp.exe
--configure-user-settings
--verbose-logging
--system-level
--channel=stable","""C:\Program Files\Google\Chrome\Application\98.0.4758.102\Installer\chrmstp.exe"" --configure-user-settings --verbose-logging --system-level --channel=stable",{B59E2A9A-4EF9-6211-7401-000000001202},C:\Program Files\Google\Chrome\Application\98.0.4758.102\Installer\chrmstp.exe,chrmstp.exe,4120,Google LLC,Google Chrome Installer,98.0.4758.102,605342b0502c0a00e64309dbbaa1158f,-,Google Chrome Installer,3912,,C:\Windows\system32\,"technique_id=T1027,technique_name=Obfuscated Files or Information",MAGNUMTEMPUS,S-1-5-18,pat.risus,0x6082d1
2022-02-19T20:11:40.000+0000,Process Create (rule: ProcessCreate),process,1,2022-02-19T20:11:39.822Z,Microsoft-Windows-Sysmon,127.0.0.1:8088,x86_64,rdp01,rdp01.magnumtempus.financial,sysmon,"C:\Program Files\Google\Chrome\Application\98.0.4758.102\Installer\chrmstp.exe
--configure-user-settings
--verbose-logging
--system-level
--channel=stable","""C:\Program Files\Google\Chrome\Application\98.0.4758.102\Installer\chrmstp.exe"" --configure-user-settings --verbose-logging --system-level --channel=stable",{B59E2A9A-4EF9-6211-7401-000000001202},C:\Program Files\Google\Chrome\Application\98.0.4758.102\Installer\chrmstp.exe,02c6ce082226cc4aa88204a2e5305a02,70a543aa469e7a8e1ca406cea4f7c1c86c9e3f4b,2b1255f19b2fcc942806bb6c4f11d47bdd9d4562e2b217afcecc3e6fcb2e86d5,chrmstp.exe,C:\Windows\Explorer.EXE,C:\Windows\Explorer.EXE,{B59E2A9A-4EF6-6211-6B01-000000001202},C:\Windows\explorer.exe,explorer.exe,5092,Google LLC,Google Chrome Installer,98.0.4758.102,605342b0502c0a00e64309dbbaa1158f,-,Google Chrome Installer,4120,,C:\Windows\system32\,"technique_id=T1204,technique_name=User Execution",MAGNUMTEMPUS,S-1-5-18,pat.risus,0x6082d1
2022-02-19T20:11:39.000+0000,Process Create (rule: ProcessCreate),process,1,2022-02-19T20:11:38.607Z,Microsoft-Windows-Sysmon,127.0.0.1:8088,x86_64,rdp01,rdp01.magnumtempus.financial,sysmon,"C:\Windows\System32\unregmp2.exe
/FirstLogon","""C:\Windows\System32\unregmp2.exe"" /FirstLogon",{B59E2A9A-4EF8-6211-7201-000000001202},C:\Windows\System32\unregmp2.exe,0afaf8b10c3d2b009ded280c875ea3ea,56b1ffc2c1c0032e9be2e8cabffcf135aec85923,cfc5a8170af2ccb8f846ba738e5173596a4c35c023bce5e6eb04e07779283188,unregmp2.exe,C:\Windows\Explorer.EXE,C:\Windows\Explorer.EXE,{B59E2A9A-4EF6-6211-6B01-000000001202},C:\Windows\explorer.exe,explorer.exe,5092,Microsoft Corporation,Microsoft Windows Media Player Setup Utility,12.0.14393.4169 (rs1_release.210107-1130),dfc94e57160b0ce8835243b5d92f3d9e,unregmp2.exe,Microsoft® Windows® Operating System,984,,C:\Windows\system32\,"technique_id=T1204,technique_name=User Execution",MAGNUMTEMPUS,S-1-5-18,pat.risus,0x6082d1
2022-02-19T20:11:38.000+0000,Process Create (rule: ProcessCreate),process,1,2022-02-19T20:11:37.575Z,Microsoft-Windows-Sysmon,127.0.0.1:8088,x86_64,rdp01,rdp01.magnumtempus.financial,sysmon,"C:\Windows\system32\RunDll32.exe
C:\Windows\system32\migration\WininetPlugin.dll,MigrateCacheForUser
/m
/0","C:\Windows\system32\RunDll32.exe C:\Windows\system32\migration\WininetPlugin.dll,MigrateCacheForUser /m /0",{B59E2A9A-4EF7-6211-7001-000000001202},C:\Windows\System32\rundll32.exe,23db802097f7b7e520e40068a7e68b14,5ecbe863f4be35de1c3deff2c24045aa7769eba7,28de7d3e8bf4b19e44063a4bfc2e7c30ae488cd9a1f63320ed374e14aaeca667,rundll32.exe,"C:\Windows\System32\ie4uinit.exe
-ClearIconCache",C:\Windows\System32\ie4uinit.exe -ClearIconCache,{B59E2A9A-4EF7-6211-6F01-000000001202},C:\Windows\System32\ie4uinit.exe,ie4uinit.exe,896,Microsoft Corporation,Windows host process (Rundll32),10.0.14393.4169 (rs1_release.210107-1130),7d1ce1bafe48b63d9d19e8e0e5df3e6c,RUNDLL32.EXE,Microsoft® Windows® Operating System,4468,,C:\Windows\system32\,"technique_id=T1218.002,technique_name=rundll32.exe",MAGNUMTEMPUS,S-1-5-18,pat.risus,0x6082d1
2022-02-19T20:11:37.000+0000,Process Create (rule: ProcessCreate),process,1,2022-02-19T20:11:36.369Z,Microsoft-Windows-Sysmon,127.0.0.1:8088,x86_64,rdp01,rdp01.magnumtempus.financial,sysmon,"C:\Windows\System32\ie4uinit.exe
-UserConfig","""C:\Windows\System32\ie4uinit.exe"" -UserConfig",{B59E2A9A-4EF7-6211-6E01-000000001202},C:\Windows\System32\ie4uinit.exe,8450580adc40581006b7233f2b2803eb,4847b6ec7851126774037130c518b377f454d1d3,dd7fe0dbd6bd3b66437c093b707d1b2ca8ac72e4671b88829a4327fa6b8a00bd,ie4uinit.exe,C:\Windows\Explorer.EXE,C:\Windows\Explorer.EXE,{B59E2A9A-4EF6-6211-6B01-000000001202},C:\Windows\explorer.exe,explorer.exe,5092,Microsoft Corporation,IE Per-User Initialization Utility,11.00.14393.2999 (rs1_release_inmarket.190520-1518),a9f54fa8b3c0eca158788e684c66ca9a,IE4UINIT.EXE,Internet Explorer,4816,,C:\Windows\system32\,"technique_id=T1204,technique_name=User Execution",MAGNUMTEMPUS,S-1-5-18,pat.risus,0x6082d1
2022-02-19T18:06:01.000+0000,Process Create (rule: ProcessCreate),process,1,2022-02-19T18:06:00.652Z,Microsoft-Windows-Sysmon,127.0.0.1:8088,x86_64,rdp01,rdp01.magnumtempus.financial,sysmon,"C:\Windows\system32\whoami.exe
/user","""C:\Windows\system32\whoami.exe"" /user",{B59E2A9A-3186-6211-B400-000000001502},C:\Windows\System32\whoami.exe,aa1e17ea3db5cd9d8bc061caec74c6e8,9746e91bfc629d3a2e1fe6289b549c0452702004,8ecffcce38d4ee87abaee6cbe843d94d4f8fb98fab3c356c7f6b70e60b10f88a,whoami.exe,C:\Windows\System32\WindowsPowerShell\v1.0\powershell.exe,"""C:\Windows\System32\WindowsPowerShell\v1.0\powershell.exe"" ",{B59E2A9A-3136-6211-AB00-000000001502},C:\Windows\System32\WindowsPowerShell\v1.0\powershell.exe,powershell.exe,2292,Microsoft Corporation,whoami - displays logged on user information,10.0.14393.0 (rs1_release.160715-1616),e24e330fa9663ce77f2031cacaeb3df9,whoami.exe,Microsoft® Windows® Operating System,4608,,C:\Windows\system32\,"technique_id=T1033,technique_name=System Owner/User Discovery",MAGNUMTEMPUS,S-1-5-18,pat.risus,0xc1e09
2022-02-19T18:05:51.000+0000,Process Create (rule: ProcessCreate),process,1,2022-02-19T18:05:50.429Z,Microsoft-Windows-Sysmon,127.0.0.1:8088,x86_64,rdp01,rdp01.magnumtempus.financial,sysmon,"C:\Windows\system32\whoami.exe
/user","""C:\Windows\system32\whoami.exe"" /user",{B59E2A9A-317D-6211-B300-000000001502},C:\Windows\System32\whoami.exe,aa1e17ea3db5cd9d8bc061caec74c6e8,9746e91bfc629d3a2e1fe6289b549c0452702004,8ecffcce38d4ee87abaee6cbe843d94d4f8fb98fab3c356c7f6b70e60b10f88a,whoami.exe,C:\Windows\System32\WindowsPowerShell\v1.0\powershell.exe,"""C:\Windows\System32\WindowsPowerShell\v1.0\powershell.exe"" ",{B59E2A9A-3136-6211-AB00-000000001502},C:\Windows\System32\WindowsPowerShell\v1.0\powershell.exe,powershell.exe,2292,Microsoft Corporation,whoami - displays logged on user information,10.0.14393.0 (rs1_release.160715-1616),e24e330fa9663ce77f2031cacaeb3df9,whoami.exe,Microsoft® Windows® Operating System,4168,,C:\Windows\system32\,"technique_id=T1033,technique_name=System Owner/User Discovery",MAGNUMTEMPUS,S-1-5-18,pat.risus,0xc1e09
2022-02-19T18:04:41.000+0000,Process Create (rule: ProcessCreate),process,1,2022-02-19T18:04:39.830Z,Microsoft-Windows-Sysmon,127.0.0.1:8088,x86_64,rdp01,rdp01.magnumtempus.financial,sysmon,C:\Windows\System32\WindowsPowerShell\v1.0\powershell.exe,"""C:\Windows\System32\WindowsPowerShell\v1.0\powershell.exe"" ",{B59E2A9A-3136-6211-AB00-000000001502},C:\Windows\System32\WindowsPowerShell\v1.0\powershell.exe,097ce5761c89434367598b34fe32893b,044a0cf1f6bc478a7172bf207eef1e201a18ba02,ba4038fd20e474c047be8aad5bfacdb1bfc1ddbe12f803f473b7918d8d819436,powershell.exe,"C:\Windows\System32\RuntimeBroker.exe
-Embedding",C:\Windows\System32\RuntimeBroker.exe -Embedding,{B59E2A9A-30F4-6211-7500-000000001502},C:\Windows\System32\RuntimeBroker.exe,RuntimeBroker.exe,2128,Microsoft Corporation,Windows PowerShell,10.0.14393.206 (rs1_release.160915-0644),caee994f79d85e47c06e5fa9cdeae453,PowerShell.EXE,Microsoft® Windows® Operating System,2292,,C:\Windows\system32\,"technique_id=T1086,technique_name=PowerShell",MAGNUMTEMPUS,S-1-5-18,pat.risus,0xc1e09
2022-02-19T18:04:34.000+0000,Process Create (rule: ProcessCreate),process,1,2022-02-19T18:04:33.426Z,Microsoft-Windows-Sysmon,127.0.0.1:8088,x86_64,rdp01,rdp01.magnumtempus.financial,sysmon,C:\Windows\System32\WindowsPowerShell\v1.0\powershell.exe,"""C:\Windows\System32\WindowsPowerShell\v1.0\powershell.exe"" ",{B59E2A9A-312F-6211-A500-000000001502},C:\Windows\System32\WindowsPowerShell\v1.0\powershell.exe,097ce5761c89434367598b34fe32893b,044a0cf1f6bc478a7172bf207eef1e201a18ba02,ba4038fd20e474c047be8aad5bfacdb1bfc1ddbe12f803f473b7918d8d819436,powershell.exe,C:\Windows\Explorer.EXE,C:\Windows\Explorer.EXE,{B59E2A9A-30F6-6211-8100-000000001502},C:\Windows\explorer.exe,explorer.exe,3100,Microsoft Corporation,Windows PowerShell,10.0.14393.206 (rs1_release.160915-0644),caee994f79d85e47c06e5fa9cdeae453,PowerShell.EXE,Microsoft® Windows® Operating System,3968,,C:\Users\pat.risus\,"technique_id=T1204,technique_name=User Execution",MAGNUMTEMPUS,S-1-5-18,pat.risus,0xc2824
2022-02-19T18:03:54.000+0000,Process Create (rule: ProcessCreate),process,1,2022-02-19T18:03:53.410Z,Microsoft-Windows-Sysmon,127.0.0.1:8088,x86_64,rdp01,rdp01.magnumtempus.financial,sysmon,"C:\Windows\SysWOW64\runonce.exe
/Run6432",C:\Windows\SysWOW64\runonce.exe /Run6432,{B59E2A9A-3107-6211-8700-000000001502},C:\Windows\SysWOW64\runonce.exe,4fb746c270c6d48d5c72c121b76c28b0,7eb41c6e95483dee7360fdc9125f0ad40980e484,e7df229c54abd0f9d5a5ef5f244f7e7968b21ce8470161ca0ad3cdaadca76262,runonce.exe,C:\Windows\Explorer.EXE,C:\Windows\Explorer.EXE,{B59E2A9A-30F6-6211-8100-000000001502},C:\Windows\explorer.exe,explorer.exe,3100,Microsoft Corporation,Run Once Wrapper,10.0.14393.4169 (rs1_release.210107-1130),3813e6fb251a00200d1a9987c8c6da00,RUNONCE.EXE,Microsoft® Windows® Operating System,3968,,C:\Windows\SysWOW64\,"technique_id=T1204,technique_name=User Execution",MAGNUMTEMPUS,S-1-5-18,pat.risus,0xc2824
