2022-02-19T20:18:08.000+0000,Process Create (rule: ProcessCreate),process,1,2022-02-19T20:18:07.469Z,Microsoft-Windows-Sysmon,127.0.0.1:8088,x86_64,rdp01,rdp01.magnumtempus.financial,sysmon,"C:\Windows\System32\WindowsPowerShell\v1.0\powershell.exe
-Version
5.1
-s
-NoLogo
-NoProfile","""C:\Windows\System32\WindowsPowerShell\v1.0\powershell.exe"" -Version 5.1 -s -NoLogo -NoProfile",{B59E2A9A-507E-6211-4204-000000001202},C:\Windows\System32\WindowsPowerShell\v1.0\powershell.exe,097ce5761c89434367598b34fe32893b,044a0cf1f6bc478a7172bf207eef1e201a18ba02,ba4038fd20e474c047be8aad5bfacdb1bfc1ddbe12f803f473b7918d8d819436,powershell.exe,C:\Windows\System32\WindowsPowerShell\v1.0\powershell.exe,"""C:\Windows\System32\WindowsPowerShell\v1.0\powershell.exe"" ",{B59E2A9A-4F1B-6211-8A01-000000001202},C:\Windows\System32\WindowsPowerShell\v1.0\powershell.exe,powershell.exe,6784,Microsoft Corporation,Windows PowerShell,10.0.14393.206 (rs1_release.160915-0644),caee994f79d85e47c06e5fa9cdeae453,PowerShell.EXE,Microsoft® Windows® Operating System,2964,,C:\Users\pat.risus\,"technique_id=T1086,technique_name=PowerShell",MAGNUMTEMPUS,S-1-5-18,pat.risus,0x6082d1
2022-02-19T20:18:08.000+0000,Process Create (rule: ProcessCreate),process,1,2022-02-19T20:18:07.467Z,Microsoft-Windows-Sysmon,127.0.0.1:8088,x86_64,rdp01,rdp01.magnumtempus.financial,sysmon,"C:\Windows\System32\WindowsPowerShell\v1.0\powershell.exe
-Version
5.1
-s
-NoLogo
-NoProfile","""C:\Windows\System32\WindowsPowerShell\v1.0\powershell.exe"" -Version 5.1 -s -NoLogo -NoProfile",{B59E2A9A-507E-6211-4004-000000001202},C:\Windows\System32\WindowsPowerShell\v1.0\powershell.exe,097ce5761c89434367598b34fe32893b,044a0cf1f6bc478a7172bf207eef1e201a18ba02,ba4038fd20e474c047be8aad5bfacdb1bfc1ddbe12f803f473b7918d8d819436,powershell.exe,C:\Windows\System32\WindowsPowerShell\v1.0\powershell.exe,"""C:\Windows\System32\WindowsPowerShell\v1.0\powershell.exe"" ",{B59E2A9A-4F1B-6211-8A01-000000001202},C:\Windows\System32\WindowsPowerShell\v1.0\powershell.exe,powershell.exe,6784,Microsoft Corporation,Windows PowerShell,10.0.14393.206 (rs1_release.160915-0644),caee994f79d85e47c06e5fa9cdeae453,PowerShell.EXE,Microsoft® Windows® Operating System,7840,,C:\Users\pat.risus\,"technique_id=T1086,technique_name=PowerShell",MAGNUMTEMPUS,S-1-5-18,pat.risus,0x6082d1
2022-02-19T20:18:08.000+0000,Process Create (rule: ProcessCreate),process,1,2022-02-19T20:18:07.346Z,Microsoft-Windows-Sysmon,127.0.0.1:8088,x86_64,rdp01,rdp01.magnumtempus.financial,sysmon,"C:\Windows\System32\WindowsPowerShell\v1.0\powershell.exe
-Version
5.1
-s
-NoLogo
-NoProfile","""C:\Windows\System32\WindowsPowerShell\v1.0\powershell.exe"" -Version 5.1 -s -NoLogo -NoProfile",{B59E2A9A-507E-6211-3E04-000000001202},C:\Windows\System32\WindowsPowerShell\v1.0\powershell.exe,097ce5761c89434367598b34fe32893b,044a0cf1f6bc478a7172bf207eef1e201a18ba02,ba4038fd20e474c047be8aad5bfacdb1bfc1ddbe12f803f473b7918d8d819436,powershell.exe,C:\Windows\System32\WindowsPowerShell\v1.0\powershell.exe,"""C:\Windows\System32\WindowsPowerShell\v1.0\powershell.exe"" ",{B59E2A9A-4F1B-6211-8A01-000000001202},C:\Windows\System32\WindowsPowerShell\v1.0\powershell.exe,powershell.exe,6784,Microsoft Corporation,Windows PowerShell,10.0.14393.206 (rs1_release.160915-0644),caee994f79d85e47c06e5fa9cdeae453,PowerShell.EXE,Microsoft® Windows® Operating System,7460,,C:\Users\pat.risus\,"technique_id=T1086,technique_name=PowerShell",MAGNUMTEMPUS,S-1-5-18,pat.risus,0x6082d1
2022-02-19T20:18:08.000+0000,Process Create (rule: ProcessCreate),process,1,2022-02-19T20:18:07.344Z,Microsoft-Windows-Sysmon,127.0.0.1:8088,x86_64,rdp01,rdp01.magnumtempus.financial,sysmon,"C:\Windows\System32\WindowsPowerShell\v1.0\powershell.exe
-Version
5.1
-s
-NoLogo
-NoProfile","""C:\Windows\System32\WindowsPowerShell\v1.0\powershell.exe"" -Version 5.1 -s -NoLogo -NoProfile",{B59E2A9A-507D-6211-3C04-000000001202},C:\Windows\System32\WindowsPowerShell\v1.0\powershell.exe,097ce5761c89434367598b34fe32893b,044a0cf1f6bc478a7172bf207eef1e201a18ba02,ba4038fd20e474c047be8aad5bfacdb1bfc1ddbe12f803f473b7918d8d819436,powershell.exe,C:\Windows\System32\WindowsPowerShell\v1.0\powershell.exe,"""C:\Windows\System32\WindowsPowerShell\v1.0\powershell.exe"" ",{B59E2A9A-4F1B-6211-8A01-000000001202},C:\Windows\System32\WindowsPowerShell\v1.0\powershell.exe,powershell.exe,6784,Microsoft Corporation,Windows PowerShell,10.0.14393.206 (rs1_release.160915-0644),caee994f79d85e47c06e5fa9cdeae453,PowerShell.EXE,Microsoft® Windows® Operating System,8360,,C:\Users\pat.risus\,"technique_id=T1086,technique_name=PowerShell",MAGNUMTEMPUS,S-1-5-18,pat.risus,0x6082d1
2022-02-19T20:18:08.000+0000,Process Create (rule: ProcessCreate),process,1,2022-02-19T20:18:07.341Z,Microsoft-Windows-Sysmon,127.0.0.1:8088,x86_64,rdp01,rdp01.magnumtempus.financial,sysmon,"C:\Windows\System32\WindowsPowerShell\v1.0\powershell.exe
-Version
5.1
-s
-NoLogo
-NoProfile","""C:\Windows\System32\WindowsPowerShell\v1.0\powershell.exe"" -Version 5.1 -s -NoLogo -NoProfile",{B59E2A9A-507D-6211-3A04-000000001202},C:\Windows\System32\WindowsPowerShell\v1.0\powershell.exe,097ce5761c89434367598b34fe32893b,044a0cf1f6bc478a7172bf207eef1e201a18ba02,ba4038fd20e474c047be8aad5bfacdb1bfc1ddbe12f803f473b7918d8d819436,powershell.exe,C:\Windows\System32\WindowsPowerShell\v1.0\powershell.exe,"""C:\Windows\System32\WindowsPowerShell\v1.0\powershell.exe"" ",{B59E2A9A-4F1B-6211-8A01-000000001202},C:\Windows\System32\WindowsPowerShell\v1.0\powershell.exe,powershell.exe,6784,Microsoft Corporation,Windows PowerShell,10.0.14393.206 (rs1_release.160915-0644),caee994f79d85e47c06e5fa9cdeae453,PowerShell.EXE,Microsoft® Windows® Operating System,7536,,C:\Users\pat.risus\,"technique_id=T1086,technique_name=PowerShell",MAGNUMTEMPUS,S-1-5-18,pat.risus,0x6082d1
2022-02-19T20:18:07.000+0000,Process Create (rule: ProcessCreate),process,1,2022-02-19T20:18:06.042Z,Microsoft-Windows-Sysmon,127.0.0.1:8088,x86_64,rdp01,rdp01.magnumtempus.financial,sysmon,"C:\Windows\Microsoft.NET\Framework64\v4.0.30319\csc.exe
/noconfig
/fullpaths
@C:\Users\pat.risus\AppData\Local\Temp\3\q1l34lan.cmdline","""C:\Windows\Microsoft.NET\Framework64\v4.0.30319\csc.exe"" /noconfig /fullpaths @""C:\Users\pat.risus\AppData\Local\Temp\3\q1l34lan.cmdline""",{B59E2A9A-507D-6211-3704-000000001202},C:\Windows\Microsoft.NET\Framework64\v4.0.30319\csc.exe,23ee3d381cfe3b9f6229483e2ce2f9e1,93cf877f5627e55ec076a656e935042fac39950e,4240a12e0b246c9d69af1f697488fe7da1b497df20f4a6f95135b4d5fe180a57,csc.exe,"C:\Windows\System32\WindowsPowerShell\v1.0\powershell.exe
-Version
5.1
-s
-NoLogo
-NoProfile","""C:\Windows\System32\WindowsPowerShell\v1.0\powershell.exe"" -Version 5.1 -s -NoLogo -NoProfile",{B59E2A9A-507C-6211-3104-000000001202},C:\Windows\System32\WindowsPowerShell\v1.0\powershell.exe,powershell.exe,6992,Microsoft Corporation,Visual C# Command Line Compiler,4.8.3761.0 built by: NET48REL1,ee1e569ad02aa1f7aeca80ac0601d80d,csc.exe,Microsoft® .NET Framework,5792,,C:\Users\pat.risus\,"technique_id=T1086,technique_name=PowerShell",MAGNUMTEMPUS,S-1-5-18,pat.risus,0x6082d1
2022-02-19T20:18:07.000+0000,Process Create (rule: ProcessCreate),process,1,2022-02-19T20:18:06.042Z,Microsoft-Windows-Sysmon,127.0.0.1:8088,x86_64,rdp01,rdp01.magnumtempus.financial,sysmon,"C:\Windows\Microsoft.NET\Framework64\v4.0.30319\csc.exe
/noconfig
/fullpaths
@C:\Users\pat.risus\AppData\Local\Temp\3\n1vmbodo.cmdline","""C:\Windows\Microsoft.NET\Framework64\v4.0.30319\csc.exe"" /noconfig /fullpaths @""C:\Users\pat.risus\AppData\Local\Temp\3\n1vmbodo.cmdline""",{B59E2A9A-507D-6211-3604-000000001202},C:\Windows\Microsoft.NET\Framework64\v4.0.30319\csc.exe,23ee3d381cfe3b9f6229483e2ce2f9e1,93cf877f5627e55ec076a656e935042fac39950e,4240a12e0b246c9d69af1f697488fe7da1b497df20f4a6f95135b4d5fe180a57,csc.exe,"C:\Windows\System32\WindowsPowerShell\v1.0\powershell.exe
-Version
5.1
-s
-NoLogo
-NoProfile","""C:\Windows\System32\WindowsPowerShell\v1.0\powershell.exe"" -Version 5.1 -s -NoLogo -NoProfile",{B59E2A9A-507B-6211-2C04-000000001202},C:\Windows\System32\WindowsPowerShell\v1.0\powershell.exe,powershell.exe,3656,Microsoft Corporation,Visual C# Command Line Compiler,4.8.3761.0 built by: NET48REL1,ee1e569ad02aa1f7aeca80ac0601d80d,csc.exe,Microsoft® .NET Framework,5688,,C:\Users\pat.risus\,"technique_id=T1086,technique_name=PowerShell",MAGNUMTEMPUS,S-1-5-18,pat.risus,0x6082d1
2022-02-19T20:18:07.000+0000,Process Create (rule: ProcessCreate),process,1,2022-02-19T20:18:06.039Z,Microsoft-Windows-Sysmon,127.0.0.1:8088,x86_64,rdp01,rdp01.magnumtempus.financial,sysmon,"C:\Windows\System32\WindowsPowerShell\v1.0\powershell.exe
-Version
5.1
-s
-NoLogo
-NoProfile","""C:\Windows\System32\WindowsPowerShell\v1.0\powershell.exe"" -Version 5.1 -s -NoLogo -NoProfile",{B59E2A9A-507C-6211-3404-000000001202},C:\Windows\System32\WindowsPowerShell\v1.0\powershell.exe,097ce5761c89434367598b34fe32893b,044a0cf1f6bc478a7172bf207eef1e201a18ba02,ba4038fd20e474c047be8aad5bfacdb1bfc1ddbe12f803f473b7918d8d819436,powershell.exe,C:\Windows\System32\WindowsPowerShell\v1.0\powershell.exe,"""C:\Windows\System32\WindowsPowerShell\v1.0\powershell.exe"" ",{B59E2A9A-4F1B-6211-8A01-000000001202},C:\Windows\System32\WindowsPowerShell\v1.0\powershell.exe,powershell.exe,6784,Microsoft Corporation,Windows PowerShell,10.0.14393.206 (rs1_release.160915-0644),caee994f79d85e47c06e5fa9cdeae453,PowerShell.EXE,Microsoft® Windows® Operating System,3580,,C:\Users\pat.risus\,"technique_id=T1086,technique_name=PowerShell",MAGNUMTEMPUS,S-1-5-18,pat.risus,0x6082d1
2022-02-19T20:18:07.000+0000,Process Create (rule: ProcessCreate),process,1,2022-02-19T20:18:06.035Z,Microsoft-Windows-Sysmon,127.0.0.1:8088,x86_64,rdp01,rdp01.magnumtempus.financial,sysmon,"C:\Windows\System32\WindowsPowerShell\v1.0\powershell.exe
-Version
5.1
-s
-NoLogo
-NoProfile","""C:\Windows\System32\WindowsPowerShell\v1.0\powershell.exe"" -Version 5.1 -s -NoLogo -NoProfile",{B59E2A9A-507C-6211-3104-000000001202},C:\Windows\System32\WindowsPowerShell\v1.0\powershell.exe,097ce5761c89434367598b34fe32893b,044a0cf1f6bc478a7172bf207eef1e201a18ba02,ba4038fd20e474c047be8aad5bfacdb1bfc1ddbe12f803f473b7918d8d819436,powershell.exe,C:\Windows\System32\WindowsPowerShell\v1.0\powershell.exe,"""C:\Windows\System32\WindowsPowerShell\v1.0\powershell.exe"" ",{B59E2A9A-4F1B-6211-8A01-000000001202},C:\Windows\System32\WindowsPowerShell\v1.0\powershell.exe,powershell.exe,6784,Microsoft Corporation,Windows PowerShell,10.0.14393.206 (rs1_release.160915-0644),caee994f79d85e47c06e5fa9cdeae453,PowerShell.EXE,Microsoft® Windows® Operating System,6992,,C:\Users\pat.risus\,"technique_id=T1086,technique_name=PowerShell",MAGNUMTEMPUS,S-1-5-18,pat.risus,0x6082d1
2022-02-19T20:18:07.000+0000,Process Create (rule: ProcessCreate),process,1,2022-02-19T20:18:06.035Z,Microsoft-Windows-Sysmon,127.0.0.1:8088,x86_64,rdp01,rdp01.magnumtempus.financial,sysmon,"C:\Windows\Microsoft.NET\Framework64\v4.0.30319\csc.exe
/noconfig
/fullpaths
@C:\Users\pat.risus\AppData\Local\Temp\3\fke3djsl.cmdline","""C:\Windows\Microsoft.NET\Framework64\v4.0.30319\csc.exe"" /noconfig /fullpaths @""C:\Users\pat.risus\AppData\Local\Temp\3\fke3djsl.cmdline""",{B59E2A9A-507C-6211-3004-000000001202},C:\Windows\Microsoft.NET\Framework64\v4.0.30319\csc.exe,23ee3d381cfe3b9f6229483e2ce2f9e1,93cf877f5627e55ec076a656e935042fac39950e,4240a12e0b246c9d69af1f697488fe7da1b497df20f4a6f95135b4d5fe180a57,csc.exe,"C:\Windows\System32\WindowsPowerShell\v1.0\powershell.exe
-Version
5.1
-s
-NoLogo
-NoProfile","""C:\Windows\System32\WindowsPowerShell\v1.0\powershell.exe"" -Version 5.1 -s -NoLogo -NoProfile",{B59E2A9A-507B-6211-2A04-000000001202},C:\Windows\System32\WindowsPowerShell\v1.0\powershell.exe,powershell.exe,8392,Microsoft Corporation,Visual C# Command Line Compiler,4.8.3761.0 built by: NET48REL1,ee1e569ad02aa1f7aeca80ac0601d80d,csc.exe,Microsoft® .NET Framework,7884,,C:\Users\pat.risus\,"technique_id=T1086,technique_name=PowerShell",MAGNUMTEMPUS,S-1-5-18,pat.risus,0x6082d1
2022-02-19T20:18:05.000+0000,Process Create (rule: ProcessCreate),process,1,2022-02-19T20:18:04.719Z,Microsoft-Windows-Sysmon,127.0.0.1:8088,x86_64,rdp01,rdp01.magnumtempus.financial,sysmon,"C:\Windows\System32\WindowsPowerShell\v1.0\powershell.exe
-Version
5.1
-s
-NoLogo
-NoProfile","""C:\Windows\System32\WindowsPowerShell\v1.0\powershell.exe"" -Version 5.1 -s -NoLogo -NoProfile",{B59E2A9A-507B-6211-2A04-000000001202},C:\Windows\System32\WindowsPowerShell\v1.0\powershell.exe,097ce5761c89434367598b34fe32893b,044a0cf1f6bc478a7172bf207eef1e201a18ba02,ba4038fd20e474c047be8aad5bfacdb1bfc1ddbe12f803f473b7918d8d819436,powershell.exe,C:\Windows\System32\WindowsPowerShell\v1.0\powershell.exe,"""C:\Windows\System32\WindowsPowerShell\v1.0\powershell.exe"" ",{B59E2A9A-4F1B-6211-8A01-000000001202},C:\Windows\System32\WindowsPowerShell\v1.0\powershell.exe,powershell.exe,6784,Microsoft Corporation,Windows PowerShell,10.0.14393.206 (rs1_release.160915-0644),caee994f79d85e47c06e5fa9cdeae453,PowerShell.EXE,Microsoft® Windows® Operating System,8392,,C:\Users\pat.risus\,"technique_id=T1086,technique_name=PowerShell",MAGNUMTEMPUS,S-1-5-18,pat.risus,0x6082d1
2022-02-19T20:18:05.000+0000,Process Create (rule: ProcessCreate),process,1,2022-02-19T20:18:04.722Z,Microsoft-Windows-Sysmon,127.0.0.1:8088,x86_64,rdp01,rdp01.magnumtempus.financial,sysmon,"C:\Windows\Microsoft.NET\Framework64\v4.0.30319\csc.exe
/noconfig
/fullpaths
@C:\Users\pat.risus\AppData\Local\Temp\3\b51ptww1.cmdline","""C:\Windows\Microsoft.NET\Framework64\v4.0.30319\csc.exe"" /noconfig /fullpaths @""C:\Users\pat.risus\AppData\Local\Temp\3\b51ptww1.cmdline""",{B59E2A9A-507B-6211-2E04-000000001202},C:\Windows\Microsoft.NET\Framework64\v4.0.30319\csc.exe,23ee3d381cfe3b9f6229483e2ce2f9e1,93cf877f5627e55ec076a656e935042fac39950e,4240a12e0b246c9d69af1f697488fe7da1b497df20f4a6f95135b4d5fe180a57,csc.exe,"C:\Windows\System32\WindowsPowerShell\v1.0\powershell.exe
-Version
5.1
-s
-NoLogo
-NoProfile","""C:\Windows\System32\WindowsPowerShell\v1.0\powershell.exe"" -Version 5.1 -s -NoLogo -NoProfile",{B59E2A9A-507A-6211-2404-000000001202},C:\Windows\System32\WindowsPowerShell\v1.0\powershell.exe,powershell.exe,8480,Microsoft Corporation,Visual C# Command Line Compiler,4.8.3761.0 built by: NET48REL1,ee1e569ad02aa1f7aeca80ac0601d80d,csc.exe,Microsoft® .NET Framework,6760,,C:\Users\pat.risus\,"technique_id=T1086,technique_name=PowerShell",MAGNUMTEMPUS,S-1-5-18,pat.risus,0x6082d1
2022-02-19T20:18:05.000+0000,Process Create (rule: ProcessCreate),process,1,2022-02-19T20:18:04.722Z,Microsoft-Windows-Sysmon,127.0.0.1:8088,x86_64,rdp01,rdp01.magnumtempus.financial,sysmon,"C:\Windows\System32\WindowsPowerShell\v1.0\powershell.exe
-Version
5.1
-s
-NoLogo
-NoProfile","""C:\Windows\System32\WindowsPowerShell\v1.0\powershell.exe"" -Version 5.1 -s -NoLogo -NoProfile",{B59E2A9A-507B-6211-2C04-000000001202},C:\Windows\System32\WindowsPowerShell\v1.0\powershell.exe,097ce5761c89434367598b34fe32893b,044a0cf1f6bc478a7172bf207eef1e201a18ba02,ba4038fd20e474c047be8aad5bfacdb1bfc1ddbe12f803f473b7918d8d819436,powershell.exe,C:\Windows\System32\WindowsPowerShell\v1.0\powershell.exe,"""C:\Windows\System32\WindowsPowerShell\v1.0\powershell.exe"" ",{B59E2A9A-4F1B-6211-8A01-000000001202},C:\Windows\System32\WindowsPowerShell\v1.0\powershell.exe,powershell.exe,6784,Microsoft Corporation,Windows PowerShell,10.0.14393.206 (rs1_release.160915-0644),caee994f79d85e47c06e5fa9cdeae453,PowerShell.EXE,Microsoft® Windows® Operating System,3656,,C:\Users\pat.risus\,"technique_id=T1086,technique_name=PowerShell",MAGNUMTEMPUS,S-1-5-18,pat.risus,0x6082d1
2022-02-19T20:18:05.000+0000,Process Create (rule: ProcessCreate),process,1,2022-02-19T20:18:04.719Z,Microsoft-Windows-Sysmon,127.0.0.1:8088,x86_64,rdp01,rdp01.magnumtempus.financial,sysmon,"C:\Windows\Microsoft.NET\Framework64\v4.0.30319\csc.exe
/noconfig
/fullpaths
@C:\Users\pat.risus\AppData\Local\Temp\3\ccir3lxq.cmdline","""C:\Windows\Microsoft.NET\Framework64\v4.0.30319\csc.exe"" /noconfig /fullpaths @""C:\Users\pat.risus\AppData\Local\Temp\3\ccir3lxq.cmdline""",{B59E2A9A-507B-6211-2804-000000001202},C:\Windows\Microsoft.NET\Framework64\v4.0.30319\csc.exe,23ee3d381cfe3b9f6229483e2ce2f9e1,93cf877f5627e55ec076a656e935042fac39950e,4240a12e0b246c9d69af1f697488fe7da1b497df20f4a6f95135b4d5fe180a57,csc.exe,"C:\Windows\System32\WindowsPowerShell\v1.0\powershell.exe
-Version
5.1
-s
-NoLogo
-NoProfile","""C:\Windows\System32\WindowsPowerShell\v1.0\powershell.exe"" -Version 5.1 -s -NoLogo -NoProfile",{B59E2A9A-5079-6211-2104-000000001202},C:\Windows\System32\WindowsPowerShell\v1.0\powershell.exe,powershell.exe,9124,Microsoft Corporation,Visual C# Command Line Compiler,4.8.3761.0 built by: NET48REL1,ee1e569ad02aa1f7aeca80ac0601d80d,csc.exe,Microsoft® .NET Framework,9200,,C:\Users\pat.risus\,"technique_id=T1086,technique_name=PowerShell",MAGNUMTEMPUS,S-1-5-18,pat.risus,0x6082d1
2022-02-19T20:18:04.000+0000,Process Create (rule: ProcessCreate),process,1,2022-02-19T20:18:03.240Z,Microsoft-Windows-Sysmon,127.0.0.1:8088,x86_64,rdp01,rdp01.magnumtempus.financial,sysmon,"C:\Windows\System32\WindowsPowerShell\v1.0\powershell.exe
-Version
5.1
-s
-NoLogo
-NoProfile","""C:\Windows\System32\WindowsPowerShell\v1.0\powershell.exe"" -Version 5.1 -s -NoLogo -NoProfile",{B59E2A9A-5079-6211-2104-000000001202},C:\Windows\System32\WindowsPowerShell\v1.0\powershell.exe,097ce5761c89434367598b34fe32893b,044a0cf1f6bc478a7172bf207eef1e201a18ba02,ba4038fd20e474c047be8aad5bfacdb1bfc1ddbe12f803f473b7918d8d819436,powershell.exe,C:\Windows\System32\WindowsPowerShell\v1.0\powershell.exe,"""C:\Windows\System32\WindowsPowerShell\v1.0\powershell.exe"" ",{B59E2A9A-4F1B-6211-8A01-000000001202},C:\Windows\System32\WindowsPowerShell\v1.0\powershell.exe,powershell.exe,6784,Microsoft Corporation,Windows PowerShell,10.0.14393.206 (rs1_release.160915-0644),caee994f79d85e47c06e5fa9cdeae453,PowerShell.EXE,Microsoft® Windows® Operating System,9124,,C:\Users\pat.risus\,"technique_id=T1086,technique_name=PowerShell",MAGNUMTEMPUS,S-1-5-18,pat.risus,0x6082d1
2022-02-19T20:18:04.000+0000,Process Create (rule: ProcessCreate),process,1,2022-02-19T20:18:03.238Z,Microsoft-Windows-Sysmon,127.0.0.1:8088,x86_64,rdp01,rdp01.magnumtempus.financial,sysmon,"C:\Windows\Microsoft.NET\Framework64\v4.0.30319\csc.exe
/noconfig
/fullpaths
@C:\Users\pat.risus\AppData\Local\Temp\3\tdlxykno.cmdline","""C:\Windows\Microsoft.NET\Framework64\v4.0.30319\csc.exe"" /noconfig /fullpaths @""C:\Users\pat.risus\AppData\Local\Temp\3\tdlxykno.cmdline""",{B59E2A9A-5079-6211-1C04-000000001202},C:\Windows\Microsoft.NET\Framework64\v4.0.30319\csc.exe,23ee3d381cfe3b9f6229483e2ce2f9e1,93cf877f5627e55ec076a656e935042fac39950e,4240a12e0b246c9d69af1f697488fe7da1b497df20f4a6f95135b4d5fe180a57,csc.exe,"C:\Windows\System32\WindowsPowerShell\v1.0\powershell.exe
-Version
5.1
-s
-NoLogo
-NoProfile","""C:\Windows\System32\WindowsPowerShell\v1.0\powershell.exe"" -Version 5.1 -s -NoLogo -NoProfile",{B59E2A9A-5077-6211-1404-000000001202},C:\Windows\System32\WindowsPowerShell\v1.0\powershell.exe,powershell.exe,5280,Microsoft Corporation,Visual C# Command Line Compiler,4.8.3761.0 built by: NET48REL1,ee1e569ad02aa1f7aeca80ac0601d80d,csc.exe,Microsoft® .NET Framework,992,,C:\Users\pat.risus\,"technique_id=T1086,technique_name=PowerShell",MAGNUMTEMPUS,S-1-5-18,pat.risus,0x6082d1
2022-02-19T20:18:04.000+0000,Process Create (rule: ProcessCreate),process,1,2022-02-19T20:18:03.238Z,Microsoft-Windows-Sysmon,127.0.0.1:8088,x86_64,rdp01,rdp01.magnumtempus.financial,sysmon,"C:\Windows\System32\WindowsPowerShell\v1.0\powershell.exe
-Version
5.1
-s
-NoLogo
-NoProfile","""C:\Windows\System32\WindowsPowerShell\v1.0\powershell.exe"" -Version 5.1 -s -NoLogo -NoProfile",{B59E2A9A-5079-6211-1E04-000000001202},C:\Windows\System32\WindowsPowerShell\v1.0\powershell.exe,097ce5761c89434367598b34fe32893b,044a0cf1f6bc478a7172bf207eef1e201a18ba02,ba4038fd20e474c047be8aad5bfacdb1bfc1ddbe12f803f473b7918d8d819436,powershell.exe,C:\Windows\System32\WindowsPowerShell\v1.0\powershell.exe,"""C:\Windows\System32\WindowsPowerShell\v1.0\powershell.exe"" ",{B59E2A9A-4F1B-6211-8A01-000000001202},C:\Windows\System32\WindowsPowerShell\v1.0\powershell.exe,powershell.exe,6784,Microsoft Corporation,Windows PowerShell,10.0.14393.206 (rs1_release.160915-0644),caee994f79d85e47c06e5fa9cdeae453,PowerShell.EXE,Microsoft® Windows® Operating System,5236,,C:\Users\pat.risus\,"technique_id=T1086,technique_name=PowerShell",MAGNUMTEMPUS,S-1-5-18,pat.risus,0x6082d1
2022-02-19T20:18:04.000+0000,Process Create (rule: ProcessCreate),process,1,2022-02-19T20:18:02.852Z,Microsoft-Windows-Sysmon,127.0.0.1:8088,x86_64,rdp01,rdp01.magnumtempus.financial,sysmon,"C:\Windows\System32\WindowsPowerShell\v1.0\powershell.exe
-Version
5.1
-s
-NoLogo
-NoProfile","""C:\Windows\System32\WindowsPowerShell\v1.0\powershell.exe"" -Version 5.1 -s -NoLogo -NoProfile",{B59E2A9A-5078-6211-1A04-000000001202},C:\Windows\System32\WindowsPowerShell\v1.0\powershell.exe,097ce5761c89434367598b34fe32893b,044a0cf1f6bc478a7172bf207eef1e201a18ba02,ba4038fd20e474c047be8aad5bfacdb1bfc1ddbe12f803f473b7918d8d819436,powershell.exe,C:\Windows\System32\WindowsPowerShell\v1.0\powershell.exe,"""C:\Windows\System32\WindowsPowerShell\v1.0\powershell.exe"" ",{B59E2A9A-4F1B-6211-8A01-000000001202},C:\Windows\System32\WindowsPowerShell\v1.0\powershell.exe,powershell.exe,6784,Microsoft Corporation,Windows PowerShell,10.0.14393.206 (rs1_release.160915-0644),caee994f79d85e47c06e5fa9cdeae453,PowerShell.EXE,Microsoft® Windows® Operating System,8712,,C:\Users\pat.risus\,"technique_id=T1086,technique_name=PowerShell",MAGNUMTEMPUS,S-1-5-18,pat.risus,0x6082d1
2022-02-19T20:18:04.000+0000,Process Create (rule: ProcessCreate),process,1,2022-02-19T20:18:02.849Z,Microsoft-Windows-Sysmon,127.0.0.1:8088,x86_64,rdp01,rdp01.magnumtempus.financial,sysmon,"C:\Windows\Microsoft.NET\Framework64\v4.0.30319\csc.exe
/noconfig
/fullpaths
@C:\Users\pat.risus\AppData\Local\Temp\3\ttivvquh.cmdline","""C:\Windows\Microsoft.NET\Framework64\v4.0.30319\csc.exe"" /noconfig /fullpaths @""C:\Users\pat.risus\AppData\Local\Temp\3\ttivvquh.cmdline""",{B59E2A9A-5077-6211-1604-000000001202},C:\Windows\Microsoft.NET\Framework64\v4.0.30319\csc.exe,23ee3d381cfe3b9f6229483e2ce2f9e1,93cf877f5627e55ec076a656e935042fac39950e,4240a12e0b246c9d69af1f697488fe7da1b497df20f4a6f95135b4d5fe180a57,csc.exe,"C:\Windows\System32\WindowsPowerShell\v1.0\powershell.exe
-Version
5.1
-s
-NoLogo
-NoProfile","""C:\Windows\System32\WindowsPowerShell\v1.0\powershell.exe"" -Version 5.1 -s -NoLogo -NoProfile",{B59E2A9A-5072-6211-E303-000000001202},C:\Windows\System32\WindowsPowerShell\v1.0\powershell.exe,powershell.exe,7820,Microsoft Corporation,Visual C# Command Line Compiler,4.8.3761.0 built by: NET48REL1,ee1e569ad02aa1f7aeca80ac0601d80d,csc.exe,Microsoft® .NET Framework,6232,,C:\Users\pat.risus\,"technique_id=T1086,technique_name=PowerShell",MAGNUMTEMPUS,S-1-5-18,pat.risus,0x6082d1
2022-02-19T20:18:04.000+0000,Process Create (rule: ProcessCreate),process,1,2022-02-19T20:18:02.848Z,Microsoft-Windows-Sysmon,127.0.0.1:8088,x86_64,rdp01,rdp01.magnumtempus.financial,sysmon,"C:\Windows\System32\WindowsPowerShell\v1.0\powershell.exe
-Version
5.1
-s
-NoLogo
-NoProfile","""C:\Windows\System32\WindowsPowerShell\v1.0\powershell.exe"" -Version 5.1 -s -NoLogo -NoProfile",{B59E2A9A-5077-6211-1404-000000001202},C:\Windows\System32\WindowsPowerShell\v1.0\powershell.exe,097ce5761c89434367598b34fe32893b,044a0cf1f6bc478a7172bf207eef1e201a18ba02,ba4038fd20e474c047be8aad5bfacdb1bfc1ddbe12f803f473b7918d8d819436,powershell.exe,C:\Windows\System32\WindowsPowerShell\v1.0\powershell.exe,"""C:\Windows\System32\WindowsPowerShell\v1.0\powershell.exe"" ",{B59E2A9A-4F1B-6211-8A01-000000001202},C:\Windows\System32\WindowsPowerShell\v1.0\powershell.exe,powershell.exe,6784,Microsoft Corporation,Windows PowerShell,10.0.14393.206 (rs1_release.160915-0644),caee994f79d85e47c06e5fa9cdeae453,PowerShell.EXE,Microsoft® Windows® Operating System,5280,,C:\Users\pat.risus\,"technique_id=T1086,technique_name=PowerShell",MAGNUMTEMPUS,S-1-5-18,pat.risus,0x6082d1
2022-02-19T20:18:04.000+0000,Process Create (rule: ProcessCreate),process,1,2022-02-19T20:18:03.312Z,Microsoft-Windows-Sysmon,127.0.0.1:8088,x86_64,rdp01,rdp01.magnumtempus.financial,sysmon,"C:\Windows\Microsoft.NET\Framework64\v4.0.30319\csc.exe
/noconfig
/fullpaths
@C:\Users\pat.risus\AppData\Local\Temp\3\3u4lxmgo.cmdline","""C:\Windows\Microsoft.NET\Framework64\v4.0.30319\csc.exe"" /noconfig /fullpaths @""C:\Users\pat.risus\AppData\Local\Temp\3\3u4lxmgo.cmdline""",{B59E2A9A-507A-6211-2604-000000001202},C:\Windows\Microsoft.NET\Framework64\v4.0.30319\csc.exe,23ee3d381cfe3b9f6229483e2ce2f9e1,93cf877f5627e55ec076a656e935042fac39950e,4240a12e0b246c9d69af1f697488fe7da1b497df20f4a6f95135b4d5fe180a57,csc.exe,"C:\Windows\System32\WindowsPowerShell\v1.0\powershell.exe
-Version
5.1
-s
-NoLogo
-NoProfile","""C:\Windows\System32\WindowsPowerShell\v1.0\powershell.exe"" -Version 5.1 -s -NoLogo -NoProfile",{B59E2A9A-5079-6211-1E04-000000001202},C:\Windows\System32\WindowsPowerShell\v1.0\powershell.exe,powershell.exe,5236,Microsoft Corporation,Visual C# Command Line Compiler,4.8.3761.0 built by: NET48REL1,ee1e569ad02aa1f7aeca80ac0601d80d,csc.exe,Microsoft® .NET Framework,9168,,C:\Users\pat.risus\,"technique_id=T1086,technique_name=PowerShell",MAGNUMTEMPUS,S-1-5-18,pat.risus,0x6082d1
2022-02-19T20:18:03.000+0000,Process Create (rule: ProcessCreate),process,1,2022-02-19T20:18:03.311Z,Microsoft-Windows-Sysmon,127.0.0.1:8088,x86_64,rdp01,rdp01.magnumtempus.financial,sysmon,"C:\Windows\System32\WindowsPowerShell\v1.0\powershell.exe
-Version
5.1
-s
-NoLogo
-NoProfile","""C:\Windows\System32\WindowsPowerShell\v1.0\powershell.exe"" -Version 5.1 -s -NoLogo -NoProfile",{B59E2A9A-507A-6211-2404-000000001202},C:\Windows\System32\WindowsPowerShell\v1.0\powershell.exe,097ce5761c89434367598b34fe32893b,044a0cf1f6bc478a7172bf207eef1e201a18ba02,ba4038fd20e474c047be8aad5bfacdb1bfc1ddbe12f803f473b7918d8d819436,powershell.exe,C:\Windows\System32\WindowsPowerShell\v1.0\powershell.exe,"""C:\Windows\System32\WindowsPowerShell\v1.0\powershell.exe"" ",{B59E2A9A-4F1B-6211-8A01-000000001202},C:\Windows\System32\WindowsPowerShell\v1.0\powershell.exe,powershell.exe,6784,Microsoft Corporation,Windows PowerShell,10.0.14393.206 (rs1_release.160915-0644),caee994f79d85e47c06e5fa9cdeae453,PowerShell.EXE,Microsoft® Windows® Operating System,8480,,C:\Users\pat.risus\,"technique_id=T1086,technique_name=PowerShell",MAGNUMTEMPUS,S-1-5-18,pat.risus,0x6082d1
2022-02-19T20:18:03.000+0000,Process Create (rule: ProcessCreate),process,1,2022-02-19T20:18:03.239Z,Microsoft-Windows-Sysmon,127.0.0.1:8088,x86_64,rdp01,rdp01.magnumtempus.financial,sysmon,"C:\Windows\Microsoft.NET\Framework64\v4.0.30319\csc.exe
/noconfig
/fullpaths
@C:\Users\pat.risus\AppData\Local\Temp\3\npr4f1b5.cmdline","""C:\Windows\Microsoft.NET\Framework64\v4.0.30319\csc.exe"" /noconfig /fullpaths @""C:\Users\pat.risus\AppData\Local\Temp\3\npr4f1b5.cmdline""",{B59E2A9A-5079-6211-2004-000000001202},C:\Windows\Microsoft.NET\Framework64\v4.0.30319\csc.exe,23ee3d381cfe3b9f6229483e2ce2f9e1,93cf877f5627e55ec076a656e935042fac39950e,4240a12e0b246c9d69af1f697488fe7da1b497df20f4a6f95135b4d5fe180a57,csc.exe,"C:\Windows\System32\WindowsPowerShell\v1.0\powershell.exe
-Version
5.1
-s
-NoLogo
-NoProfile","""C:\Windows\System32\WindowsPowerShell\v1.0\powershell.exe"" -Version 5.1 -s -NoLogo -NoProfile",{B59E2A9A-5078-6211-1A04-000000001202},C:\Windows\System32\WindowsPowerShell\v1.0\powershell.exe,powershell.exe,8712,Microsoft Corporation,Visual C# Command Line Compiler,4.8.3761.0 built by: NET48REL1,ee1e569ad02aa1f7aeca80ac0601d80d,csc.exe,Microsoft® .NET Framework,8068,,C:\Users\pat.risus\,"technique_id=T1086,technique_name=PowerShell",MAGNUMTEMPUS,S-1-5-18,pat.risus,0x6082d1
2022-02-19T20:18:03.000+0000,Process Create (rule: ProcessCreate),process,1,2022-02-19T20:18:02.851Z,Microsoft-Windows-Sysmon,127.0.0.1:8088,x86_64,rdp01,rdp01.magnumtempus.financial,sysmon,"C:\Windows\Microsoft.NET\Framework64\v4.0.30319\csc.exe
/noconfig
/fullpaths
@C:\Users\pat.risus\AppData\Local\Temp\3\earnabl3.cmdline","""C:\Windows\Microsoft.NET\Framework64\v4.0.30319\csc.exe"" /noconfig /fullpaths @""C:\Users\pat.risus\AppData\Local\Temp\3\earnabl3.cmdline""",{B59E2A9A-5078-6211-1804-000000001202},C:\Windows\Microsoft.NET\Framework64\v4.0.30319\csc.exe,23ee3d381cfe3b9f6229483e2ce2f9e1,93cf877f5627e55ec076a656e935042fac39950e,4240a12e0b246c9d69af1f697488fe7da1b497df20f4a6f95135b4d5fe180a57,csc.exe,"C:\Windows\System32\WindowsPowerShell\v1.0\powershell.exe
-Version
5.1
-s
-NoLogo
-NoProfile","""C:\Windows\System32\WindowsPowerShell\v1.0\powershell.exe"" -Version 5.1 -s -NoLogo -NoProfile",{B59E2A9A-5076-6211-0A04-000000001202},C:\Windows\System32\WindowsPowerShell\v1.0\powershell.exe,powershell.exe,9016,Microsoft Corporation,Visual C# Command Line Compiler,4.8.3761.0 built by: NET48REL1,ee1e569ad02aa1f7aeca80ac0601d80d,csc.exe,Microsoft® .NET Framework,8440,,C:\Users\pat.risus\,"technique_id=T1086,technique_name=PowerShell",MAGNUMTEMPUS,S-1-5-18,pat.risus,0x6082d1
2022-02-19T20:18:01.000+0000,Process Create (rule: ProcessCreate),process,1,2022-02-19T20:18:00.768Z,Microsoft-Windows-Sysmon,127.0.0.1:8088,x86_64,rdp01,rdp01.magnumtempus.financial,sysmon,"C:\Windows\Microsoft.NET\Framework64\v4.0.30319\csc.exe
/noconfig
/fullpaths
@C:\Users\pat.risus\AppData\Local\Temp\3\uae34cqp.cmdline","""C:\Windows\Microsoft.NET\Framework64\v4.0.30319\csc.exe"" /noconfig /fullpaths @""C:\Users\pat.risus\AppData\Local\Temp\3\uae34cqp.cmdline""",{B59E2A9A-5077-6211-1204-000000001202},C:\Windows\Microsoft.NET\Framework64\v4.0.30319\csc.exe,23ee3d381cfe3b9f6229483e2ce2f9e1,93cf877f5627e55ec076a656e935042fac39950e,4240a12e0b246c9d69af1f697488fe7da1b497df20f4a6f95135b4d5fe180a57,csc.exe,"C:\Windows\System32\WindowsPowerShell\v1.0\powershell.exe
-Version
5.1
-s
-NoLogo
-NoProfile","""C:\Windows\System32\WindowsPowerShell\v1.0\powershell.exe"" -Version 5.1 -s -NoLogo -NoProfile",{B59E2A9A-5071-6211-DE03-000000001202},C:\Windows\System32\WindowsPowerShell\v1.0\powershell.exe,powershell.exe,6388,Microsoft Corporation,Visual C# Command Line Compiler,4.8.3761.0 built by: NET48REL1,ee1e569ad02aa1f7aeca80ac0601d80d,csc.exe,Microsoft® .NET Framework,8552,,C:\Users\pat.risus\,"technique_id=T1086,technique_name=PowerShell",MAGNUMTEMPUS,S-1-5-18,pat.risus,0x6082d1
2022-02-19T20:18:01.000+0000,Process Create (rule: ProcessCreate),process,1,2022-02-19T20:18:00.767Z,Microsoft-Windows-Sysmon,127.0.0.1:8088,x86_64,rdp01,rdp01.magnumtempus.financial,sysmon,"C:\Windows\Microsoft.NET\Framework64\v4.0.30319\csc.exe
/noconfig
/fullpaths
@C:\Users\pat.risus\AppData\Local\Temp\3\t34ziqvq.cmdline","""C:\Windows\Microsoft.NET\Framework64\v4.0.30319\csc.exe"" /noconfig /fullpaths @""C:\Users\pat.risus\AppData\Local\Temp\3\t34ziqvq.cmdline""",{B59E2A9A-5077-6211-0F04-000000001202},C:\Windows\Microsoft.NET\Framework64\v4.0.30319\csc.exe,23ee3d381cfe3b9f6229483e2ce2f9e1,93cf877f5627e55ec076a656e935042fac39950e,4240a12e0b246c9d69af1f697488fe7da1b497df20f4a6f95135b4d5fe180a57,csc.exe,"C:\Windows\System32\WindowsPowerShell\v1.0\powershell.exe
-Version
5.1
-s
-NoLogo
-NoProfile","""C:\Windows\System32\WindowsPowerShell\v1.0\powershell.exe"" -Version 5.1 -s -NoLogo -NoProfile",{B59E2A9A-5076-6211-0504-000000001202},C:\Windows\System32\WindowsPowerShell\v1.0\powershell.exe,powershell.exe,6380,Microsoft Corporation,Visual C# Command Line Compiler,4.8.3761.0 built by: NET48REL1,ee1e569ad02aa1f7aeca80ac0601d80d,csc.exe,Microsoft® .NET Framework,1740,,C:\Users\pat.risus\,"technique_id=T1086,technique_name=PowerShell",MAGNUMTEMPUS,S-1-5-18,pat.risus,0x6082d1
2022-02-19T20:18:01.000+0000,Process Create (rule: ProcessCreate),process,1,2022-02-19T20:18:00.755Z,Microsoft-Windows-Sysmon,127.0.0.1:8088,x86_64,rdp01,rdp01.magnumtempus.financial,sysmon,"C:\Windows\Microsoft.NET\Framework64\v4.0.30319\csc.exe
/noconfig
/fullpaths
@C:\Users\pat.risus\AppData\Local\Temp\3\wbkdxndp.cmdline","""C:\Windows\Microsoft.NET\Framework64\v4.0.30319\csc.exe"" /noconfig /fullpaths @""C:\Users\pat.risus\AppData\Local\Temp\3\wbkdxndp.cmdline""",{B59E2A9A-5077-6211-0D04-000000001202},C:\Windows\Microsoft.NET\Framework64\v4.0.30319\csc.exe,23ee3d381cfe3b9f6229483e2ce2f9e1,93cf877f5627e55ec076a656e935042fac39950e,4240a12e0b246c9d69af1f697488fe7da1b497df20f4a6f95135b4d5fe180a57,csc.exe,"C:\Windows\System32\WindowsPowerShell\v1.0\powershell.exe
-Version
5.1
-s
-NoLogo
-NoProfile","""C:\Windows\System32\WindowsPowerShell\v1.0\powershell.exe"" -Version 5.1 -s -NoLogo -NoProfile",{B59E2A9A-5070-6211-D803-000000001202},C:\Windows\System32\WindowsPowerShell\v1.0\powershell.exe,powershell.exe,6040,Microsoft Corporation,Visual C# Command Line Compiler,4.8.3761.0 built by: NET48REL1,ee1e569ad02aa1f7aeca80ac0601d80d,csc.exe,Microsoft® .NET Framework,3648,,C:\Users\pat.risus\,"technique_id=T1086,technique_name=PowerShell",MAGNUMTEMPUS,S-1-5-18,pat.risus,0x6082d1
2022-02-19T20:18:01.000+0000,Process Create (rule: ProcessCreate),process,1,2022-02-19T20:18:00.755Z,Microsoft-Windows-Sysmon,127.0.0.1:8088,x86_64,rdp01,rdp01.magnumtempus.financial,sysmon,"C:\Windows\Microsoft.NET\Framework64\v4.0.30319\csc.exe
/noconfig
/fullpaths
@C:\Users\pat.risus\AppData\Local\Temp\3\qrx4tnsh.cmdline","""C:\Windows\Microsoft.NET\Framework64\v4.0.30319\csc.exe"" /noconfig /fullpaths @""C:\Users\pat.risus\AppData\Local\Temp\3\qrx4tnsh.cmdline""",{B59E2A9A-5076-6211-0C04-000000001202},C:\Windows\Microsoft.NET\Framework64\v4.0.30319\csc.exe,23ee3d381cfe3b9f6229483e2ce2f9e1,93cf877f5627e55ec076a656e935042fac39950e,4240a12e0b246c9d69af1f697488fe7da1b497df20f4a6f95135b4d5fe180a57,csc.exe,"C:\Windows\System32\WindowsPowerShell\v1.0\powershell.exe
-Version
5.1
-s
-NoLogo
-NoProfile","""C:\Windows\System32\WindowsPowerShell\v1.0\powershell.exe"" -Version 5.1 -s -NoLogo -NoProfile",{B59E2A9A-5075-6211-FE03-000000001202},C:\Windows\System32\WindowsPowerShell\v1.0\powershell.exe,powershell.exe,4816,Microsoft Corporation,Visual C# Command Line Compiler,4.8.3761.0 built by: NET48REL1,ee1e569ad02aa1f7aeca80ac0601d80d,csc.exe,Microsoft® .NET Framework,6808,,C:\Users\pat.risus\,"technique_id=T1086,technique_name=PowerShell",MAGNUMTEMPUS,S-1-5-18,pat.risus,0x6082d1
2022-02-19T20:18:00.000+0000,Process Create (rule: ProcessCreate),process,1,2022-02-19T20:17:59.338Z,Microsoft-Windows-Sysmon,127.0.0.1:8088,x86_64,rdp01,rdp01.magnumtempus.financial,sysmon,"C:\Windows\System32\WindowsPowerShell\v1.0\powershell.exe
-Version
5.1
-s
-NoLogo
-NoProfile","""C:\Windows\System32\WindowsPowerShell\v1.0\powershell.exe"" -Version 5.1 -s -NoLogo -NoProfile",{B59E2A9A-5076-6211-0A04-000000001202},C:\Windows\System32\WindowsPowerShell\v1.0\powershell.exe,097ce5761c89434367598b34fe32893b,044a0cf1f6bc478a7172bf207eef1e201a18ba02,ba4038fd20e474c047be8aad5bfacdb1bfc1ddbe12f803f473b7918d8d819436,powershell.exe,C:\Windows\System32\WindowsPowerShell\v1.0\powershell.exe,"""C:\Windows\System32\WindowsPowerShell\v1.0\powershell.exe"" ",{B59E2A9A-4F1B-6211-8A01-000000001202},C:\Windows\System32\WindowsPowerShell\v1.0\powershell.exe,powershell.exe,6784,Microsoft Corporation,Windows PowerShell,10.0.14393.206 (rs1_release.160915-0644),caee994f79d85e47c06e5fa9cdeae453,PowerShell.EXE,Microsoft® Windows® Operating System,9016,,C:\Users\pat.risus\,"technique_id=T1086,technique_name=PowerShell",MAGNUMTEMPUS,S-1-5-18,pat.risus,0x6082d1
2022-02-19T20:18:00.000+0000,Process Create (rule: ProcessCreate),process,1,2022-02-19T20:17:59.337Z,Microsoft-Windows-Sysmon,127.0.0.1:8088,x86_64,rdp01,rdp01.magnumtempus.financial,sysmon,"C:\Windows\Microsoft.NET\Framework64\v4.0.30319\csc.exe
/noconfig
/fullpaths
@C:\Users\pat.risus\AppData\Local\Temp\3\0nn0wjhy.cmdline","""C:\Windows\Microsoft.NET\Framework64\v4.0.30319\csc.exe"" /noconfig /fullpaths @""C:\Users\pat.risus\AppData\Local\Temp\3\0nn0wjhy.cmdline""",{B59E2A9A-5076-6211-0804-000000001202},C:\Windows\Microsoft.NET\Framework64\v4.0.30319\csc.exe,23ee3d381cfe3b9f6229483e2ce2f9e1,93cf877f5627e55ec076a656e935042fac39950e,4240a12e0b246c9d69af1f697488fe7da1b497df20f4a6f95135b4d5fe180a57,csc.exe,"C:\Windows\System32\WindowsPowerShell\v1.0\powershell.exe
-Version
5.1
-s
-NoLogo
-NoProfile","""C:\Windows\System32\WindowsPowerShell\v1.0\powershell.exe"" -Version 5.1 -s -NoLogo -NoProfile",{B59E2A9A-5070-6211-D603-000000001202},C:\Windows\System32\WindowsPowerShell\v1.0\powershell.exe,powershell.exe,5704,Microsoft Corporation,Visual C# Command Line Compiler,4.8.3761.0 built by: NET48REL1,ee1e569ad02aa1f7aeca80ac0601d80d,csc.exe,Microsoft® .NET Framework,7380,,C:\Users\pat.risus\,"technique_id=T1086,technique_name=PowerShell",MAGNUMTEMPUS,S-1-5-18,pat.risus,0x6082d1
2022-02-19T20:17:59.000+0000,Process Create (rule: ProcessCreate),process,1,2022-02-19T20:17:59.335Z,Microsoft-Windows-Sysmon,127.0.0.1:8088,x86_64,rdp01,rdp01.magnumtempus.financial,sysmon,"C:\Windows\Microsoft.NET\Framework64\v4.0.30319\csc.exe
/noconfig
/fullpaths
@C:\Users\pat.risus\AppData\Local\Temp\3\m0znbv0s.cmdline","""C:\Windows\Microsoft.NET\Framework64\v4.0.30319\csc.exe"" /noconfig /fullpaths @""C:\Users\pat.risus\AppData\Local\Temp\3\m0znbv0s.cmdline""",{B59E2A9A-5076-6211-0404-000000001202},C:\Windows\Microsoft.NET\Framework64\v4.0.30319\csc.exe,23ee3d381cfe3b9f6229483e2ce2f9e1,93cf877f5627e55ec076a656e935042fac39950e,4240a12e0b246c9d69af1f697488fe7da1b497df20f4a6f95135b4d5fe180a57,csc.exe,"C:\Windows\System32\WindowsPowerShell\v1.0\powershell.exe
-Version
5.1
-s
-NoLogo
-NoProfile","""C:\Windows\System32\WindowsPowerShell\v1.0\powershell.exe"" -Version 5.1 -s -NoLogo -NoProfile",{B59E2A9A-5074-6211-FA03-000000001202},C:\Windows\System32\WindowsPowerShell\v1.0\powershell.exe,powershell.exe,7588,Microsoft Corporation,Visual C# Command Line Compiler,4.8.3761.0 built by: NET48REL1,ee1e569ad02aa1f7aeca80ac0601d80d,csc.exe,Microsoft® .NET Framework,7180,,C:\Users\pat.risus\,"technique_id=T1086,technique_name=PowerShell",MAGNUMTEMPUS,S-1-5-18,pat.risus,0x6082d1
2022-02-19T20:17:59.000+0000,Process Create (rule: ProcessCreate),process,1,2022-02-19T20:17:59.335Z,Microsoft-Windows-Sysmon,127.0.0.1:8088,x86_64,rdp01,rdp01.magnumtempus.financial,sysmon,"C:\Windows\System32\WindowsPowerShell\v1.0\powershell.exe
-Version
5.1
-s
-NoLogo
-NoProfile","""C:\Windows\System32\WindowsPowerShell\v1.0\powershell.exe"" -Version 5.1 -s -NoLogo -NoProfile",{B59E2A9A-5076-6211-0504-000000001202},C:\Windows\System32\WindowsPowerShell\v1.0\powershell.exe,097ce5761c89434367598b34fe32893b,044a0cf1f6bc478a7172bf207eef1e201a18ba02,ba4038fd20e474c047be8aad5bfacdb1bfc1ddbe12f803f473b7918d8d819436,powershell.exe,C:\Windows\System32\WindowsPowerShell\v1.0\powershell.exe,"""C:\Windows\System32\WindowsPowerShell\v1.0\powershell.exe"" ",{B59E2A9A-4F1B-6211-8A01-000000001202},C:\Windows\System32\WindowsPowerShell\v1.0\powershell.exe,powershell.exe,6784,Microsoft Corporation,Windows PowerShell,10.0.14393.206 (rs1_release.160915-0644),caee994f79d85e47c06e5fa9cdeae453,PowerShell.EXE,Microsoft® Windows® Operating System,6380,,C:\Users\pat.risus\,"technique_id=T1086,technique_name=PowerShell",MAGNUMTEMPUS,S-1-5-18,pat.risus,0x6082d1
2022-02-19T20:17:58.000+0000,Process Create (rule: ProcessCreate),process,1,2022-02-19T20:17:57.969Z,Microsoft-Windows-Sysmon,127.0.0.1:8088,x86_64,rdp01,rdp01.magnumtempus.financial,sysmon,"C:\Windows\Microsoft.NET\Framework64\v4.0.30319\csc.exe
/noconfig
/fullpaths
@C:\Users\pat.risus\AppData\Local\Temp\3\zpqx0m3w.cmdline","""C:\Windows\Microsoft.NET\Framework64\v4.0.30319\csc.exe"" /noconfig /fullpaths @""C:\Users\pat.risus\AppData\Local\Temp\3\zpqx0m3w.cmdline""",{B59E2A9A-5074-6211-FC03-000000001202},C:\Windows\Microsoft.NET\Framework64\v4.0.30319\csc.exe,23ee3d381cfe3b9f6229483e2ce2f9e1,93cf877f5627e55ec076a656e935042fac39950e,4240a12e0b246c9d69af1f697488fe7da1b497df20f4a6f95135b4d5fe180a57,csc.exe,"C:\Windows\System32\WindowsPowerShell\v1.0\powershell.exe
-Version
5.1
-s
-NoLogo
-NoProfile","""C:\Windows\System32\WindowsPowerShell\v1.0\powershell.exe"" -Version 5.1 -s -NoLogo -NoProfile",{B59E2A9A-506F-6211-CE03-000000001202},C:\Windows\System32\WindowsPowerShell\v1.0\powershell.exe,powershell.exe,7668,Microsoft Corporation,Visual C# Command Line Compiler,4.8.3761.0 built by: NET48REL1,ee1e569ad02aa1f7aeca80ac0601d80d,csc.exe,Microsoft® .NET Framework,5384,,C:\Users\pat.risus\,"technique_id=T1086,technique_name=PowerShell",MAGNUMTEMPUS,S-1-5-18,pat.risus,0x6082d1
2022-02-19T20:17:58.000+0000,Process Create (rule: ProcessCreate),process,1,2022-02-19T20:17:57.967Z,Microsoft-Windows-Sysmon,127.0.0.1:8088,x86_64,rdp01,rdp01.magnumtempus.financial,sysmon,"C:\Windows\Microsoft.NET\Framework64\v4.0.30319\csc.exe
/noconfig
/fullpaths
@C:\Users\pat.risus\AppData\Local\Temp\3\fstevka3.cmdline","""C:\Windows\Microsoft.NET\Framework64\v4.0.30319\csc.exe"" /noconfig /fullpaths @""C:\Users\pat.risus\AppData\Local\Temp\3\fstevka3.cmdline""",{B59E2A9A-5074-6211-F703-000000001202},C:\Windows\Microsoft.NET\Framework64\v4.0.30319\csc.exe,23ee3d381cfe3b9f6229483e2ce2f9e1,93cf877f5627e55ec076a656e935042fac39950e,4240a12e0b246c9d69af1f697488fe7da1b497df20f4a6f95135b4d5fe180a57,csc.exe,"C:\Windows\System32\WindowsPowerShell\v1.0\powershell.exe
-Version
5.1
-s
-NoLogo
-NoProfile","""C:\Windows\System32\WindowsPowerShell\v1.0\powershell.exe"" -Version 5.1 -s -NoLogo -NoProfile",{B59E2A9A-5073-6211-EC03-000000001202},C:\Windows\System32\WindowsPowerShell\v1.0\powershell.exe,powershell.exe,360,Microsoft Corporation,Visual C# Command Line Compiler,4.8.3761.0 built by: NET48REL1,ee1e569ad02aa1f7aeca80ac0601d80d,csc.exe,Microsoft® .NET Framework,7536,,C:\Users\pat.risus\,"technique_id=T1086,technique_name=PowerShell",MAGNUMTEMPUS,S-1-5-18,pat.risus,0x6082d1
2022-02-19T20:17:58.000+0000,Process Create (rule: ProcessCreate),process,1,2022-02-19T20:17:57.967Z,Microsoft-Windows-Sysmon,127.0.0.1:8088,x86_64,rdp01,rdp01.magnumtempus.financial,sysmon,"C:\Windows\System32\WindowsPowerShell\v1.0\powershell.exe
-Version
5.1
-s
-NoLogo
-NoProfile","""C:\Windows\System32\WindowsPowerShell\v1.0\powershell.exe"" -Version 5.1 -s -NoLogo -NoProfile",{B59E2A9A-5074-6211-FA03-000000001202},C:\Windows\System32\WindowsPowerShell\v1.0\powershell.exe,097ce5761c89434367598b34fe32893b,044a0cf1f6bc478a7172bf207eef1e201a18ba02,ba4038fd20e474c047be8aad5bfacdb1bfc1ddbe12f803f473b7918d8d819436,powershell.exe,C:\Windows\System32\WindowsPowerShell\v1.0\powershell.exe,"""C:\Windows\System32\WindowsPowerShell\v1.0\powershell.exe"" ",{B59E2A9A-4F1B-6211-8A01-000000001202},C:\Windows\System32\WindowsPowerShell\v1.0\powershell.exe,powershell.exe,6784,Microsoft Corporation,Windows PowerShell,10.0.14393.206 (rs1_release.160915-0644),caee994f79d85e47c06e5fa9cdeae453,PowerShell.EXE,Microsoft® Windows® Operating System,7588,,C:\Users\pat.risus\,"technique_id=T1086,technique_name=PowerShell",MAGNUMTEMPUS,S-1-5-18,pat.risus,0x6082d1
2022-02-19T20:17:58.000+0000,Process Create (rule: ProcessCreate),process,1,2022-02-19T20:17:57.966Z,Microsoft-Windows-Sysmon,127.0.0.1:8088,x86_64,rdp01,rdp01.magnumtempus.financial,sysmon,"C:\Windows\Microsoft.NET\Framework64\v4.0.30319\csc.exe
/noconfig
/fullpaths
@C:\Users\pat.risus\AppData\Local\Temp\3\n5o2euz0.cmdline","""C:\Windows\Microsoft.NET\Framework64\v4.0.30319\csc.exe"" /noconfig /fullpaths @""C:\Users\pat.risus\AppData\Local\Temp\3\n5o2euz0.cmdline""",{B59E2A9A-5074-6211-F603-000000001202},C:\Windows\Microsoft.NET\Framework64\v4.0.30319\csc.exe,23ee3d381cfe3b9f6229483e2ce2f9e1,93cf877f5627e55ec076a656e935042fac39950e,4240a12e0b246c9d69af1f697488fe7da1b497df20f4a6f95135b4d5fe180a57,csc.exe,"C:\Windows\System32\WindowsPowerShell\v1.0\powershell.exe
-Version
5.1
-s
-NoLogo
-NoProfile","""C:\Windows\System32\WindowsPowerShell\v1.0\powershell.exe"" -Version 5.1 -s -NoLogo -NoProfile",{B59E2A9A-506E-6211-CA03-000000001202},C:\Windows\System32\WindowsPowerShell\v1.0\powershell.exe,powershell.exe,7324,Microsoft Corporation,Visual C# Command Line Compiler,4.8.3761.0 built by: NET48REL1,ee1e569ad02aa1f7aeca80ac0601d80d,csc.exe,Microsoft® .NET Framework,8620,,C:\Users\pat.risus\,"technique_id=T1086,technique_name=PowerShell",MAGNUMTEMPUS,S-1-5-18,pat.risus,0x6082d1
2022-02-19T20:17:58.000+0000,Process Create (rule: ProcessCreate),process,1,2022-02-19T20:17:57.965Z,Microsoft-Windows-Sysmon,127.0.0.1:8088,x86_64,rdp01,rdp01.magnumtempus.financial,sysmon,"C:\Windows\Microsoft.NET\Framework64\v4.0.30319\csc.exe
/noconfig
/fullpaths
@C:\Users\pat.risus\AppData\Local\Temp\3\apepvac1.cmdline","""C:\Windows\Microsoft.NET\Framework64\v4.0.30319\csc.exe"" /noconfig /fullpaths @""C:\Users\pat.risus\AppData\Local\Temp\3\apepvac1.cmdline""",{B59E2A9A-5074-6211-F403-000000001202},C:\Windows\Microsoft.NET\Framework64\v4.0.30319\csc.exe,23ee3d381cfe3b9f6229483e2ce2f9e1,93cf877f5627e55ec076a656e935042fac39950e,4240a12e0b246c9d69af1f697488fe7da1b497df20f4a6f95135b4d5fe180a57,csc.exe,"C:\Windows\System32\WindowsPowerShell\v1.0\powershell.exe
-Version
5.1
-s
-NoLogo
-NoProfile","""C:\Windows\System32\WindowsPowerShell\v1.0\powershell.exe"" -Version 5.1 -s -NoLogo -NoProfile",{B59E2A9A-506E-6211-C603-000000001202},C:\Windows\System32\WindowsPowerShell\v1.0\powershell.exe,powershell.exe,7928,Microsoft Corporation,Visual C# Command Line Compiler,4.8.3761.0 built by: NET48REL1,ee1e569ad02aa1f7aeca80ac0601d80d,csc.exe,Microsoft® .NET Framework,2668,,C:\Users\pat.risus\,"technique_id=T1086,technique_name=PowerShell",MAGNUMTEMPUS,S-1-5-18,pat.risus,0x6082d1
2022-02-19T20:17:58.000+0000,Process Create (rule: ProcessCreate),process,1,2022-02-19T20:17:57.964Z,Microsoft-Windows-Sysmon,127.0.0.1:8088,x86_64,rdp01,rdp01.magnumtempus.financial,sysmon,"C:\Windows\Microsoft.NET\Framework64\v4.0.30319\csc.exe
/noconfig
/fullpaths
@C:\Users\pat.risus\AppData\Local\Temp\3\h2mfirtl.cmdline","""C:\Windows\Microsoft.NET\Framework64\v4.0.30319\csc.exe"" /noconfig /fullpaths @""C:\Users\pat.risus\AppData\Local\Temp\3\h2mfirtl.cmdline""",{B59E2A9A-5073-6211-F203-000000001202},C:\Windows\Microsoft.NET\Framework64\v4.0.30319\csc.exe,23ee3d381cfe3b9f6229483e2ce2f9e1,93cf877f5627e55ec076a656e935042fac39950e,4240a12e0b246c9d69af1f697488fe7da1b497df20f4a6f95135b4d5fe180a57,csc.exe,"C:\Windows\System32\WindowsPowerShell\v1.0\powershell.exe
-Version
5.1
-s
-NoLogo
-NoProfile","""C:\Windows\System32\WindowsPowerShell\v1.0\powershell.exe"" -Version 5.1 -s -NoLogo -NoProfile",{B59E2A9A-5072-6211-E803-000000001202},C:\Windows\System32\WindowsPowerShell\v1.0\powershell.exe,powershell.exe,6968,Microsoft Corporation,Visual C# Command Line Compiler,4.8.3761.0 built by: NET48REL1,ee1e569ad02aa1f7aeca80ac0601d80d,csc.exe,Microsoft® .NET Framework,8788,,C:\Users\pat.risus\,"technique_id=T1086,technique_name=PowerShell",MAGNUMTEMPUS,S-1-5-18,pat.risus,0x6082d1
2022-02-19T20:17:58.000+0000,Process Create (rule: ProcessCreate),process,1,2022-02-19T20:17:57.963Z,Microsoft-Windows-Sysmon,127.0.0.1:8088,x86_64,rdp01,rdp01.magnumtempus.financial,sysmon,"C:\Windows\System32\WindowsPowerShell\v1.0\powershell.exe
-Version
5.1
-s
-NoLogo
-NoProfile","""C:\Windows\System32\WindowsPowerShell\v1.0\powershell.exe"" -Version 5.1 -s -NoLogo -NoProfile",{B59E2A9A-5073-6211-F003-000000001202},C:\Windows\System32\WindowsPowerShell\v1.0\powershell.exe,097ce5761c89434367598b34fe32893b,044a0cf1f6bc478a7172bf207eef1e201a18ba02,ba4038fd20e474c047be8aad5bfacdb1bfc1ddbe12f803f473b7918d8d819436,powershell.exe,C:\Windows\System32\WindowsPowerShell\v1.0\powershell.exe,"""C:\Windows\System32\WindowsPowerShell\v1.0\powershell.exe"" ",{B59E2A9A-4F1B-6211-8A01-000000001202},C:\Windows\System32\WindowsPowerShell\v1.0\powershell.exe,powershell.exe,6784,Microsoft Corporation,Windows PowerShell,10.0.14393.206 (rs1_release.160915-0644),caee994f79d85e47c06e5fa9cdeae453,PowerShell.EXE,Microsoft® Windows® Operating System,7000,,C:\Users\pat.risus\,"technique_id=T1086,technique_name=PowerShell",MAGNUMTEMPUS,S-1-5-18,pat.risus,0x6082d1
2022-02-19T20:17:58.000+0000,Process Create (rule: ProcessCreate),process,1,2022-02-19T20:17:57.546Z,Microsoft-Windows-Sysmon,127.0.0.1:8088,x86_64,rdp01,rdp01.magnumtempus.financial,sysmon,"C:\Windows\Microsoft.NET\Framework64\v4.0.30319\csc.exe
/noconfig
/fullpaths
@C:\Users\pat.risus\AppData\Local\Temp\3\rbyoeedn.cmdline","""C:\Windows\Microsoft.NET\Framework64\v4.0.30319\csc.exe"" /noconfig /fullpaths @""C:\Users\pat.risus\AppData\Local\Temp\3\rbyoeedn.cmdline""",{B59E2A9A-5072-6211-EA03-000000001202},C:\Windows\Microsoft.NET\Framework64\v4.0.30319\csc.exe,23ee3d381cfe3b9f6229483e2ce2f9e1,93cf877f5627e55ec076a656e935042fac39950e,4240a12e0b246c9d69af1f697488fe7da1b497df20f4a6f95135b4d5fe180a57,csc.exe,"C:\Windows\System32\WindowsPowerShell\v1.0\powershell.exe
-Version
5.1
-s
-NoLogo
-NoProfile","""C:\Windows\System32\WindowsPowerShell\v1.0\powershell.exe"" -Version 5.1 -s -NoLogo -NoProfile",{B59E2A9A-506D-6211-BE03-000000001202},C:\Windows\System32\WindowsPowerShell\v1.0\powershell.exe,powershell.exe,6696,Microsoft Corporation,Visual C# Command Line Compiler,4.8.3761.0 built by: NET48REL1,ee1e569ad02aa1f7aeca80ac0601d80d,csc.exe,Microsoft® .NET Framework,8392,,C:\Users\pat.risus\,"technique_id=T1086,technique_name=PowerShell",MAGNUMTEMPUS,S-1-5-18,pat.risus,0x6082d1
