2022-02-19T20:17:10.000+0000,Process Create (rule: ProcessCreate),process,1,2022-02-19T20:17:09.416Z,Microsoft-Windows-Sysmon,127.0.0.1:8088,x86_64,rdp01,rdp01.magnumtempus.financial,sysmon,"C:\Windows\Microsoft.NET\Framework64\v4.0.30319\csc.exe
/noconfig
/fullpaths
@C:\Users\pat.risus\AppData\Local\Temp\3\ha0savqj.cmdline","""C:\Windows\Microsoft.NET\Framework64\v4.0.30319\csc.exe"" /noconfig /fullpaths @""C:\Users\pat.risus\AppData\Local\Temp\3\ha0savqj.cmdline""",{B59E2A9A-5044-6211-AF02-000000001202},C:\Windows\Microsoft.NET\Framework64\v4.0.30319\csc.exe,23ee3d381cfe3b9f6229483e2ce2f9e1,93cf877f5627e55ec076a656e935042fac39950e,4240a12e0b246c9d69af1f697488fe7da1b497df20f4a6f95135b4d5fe180a57,csc.exe,"C:\Windows\System32\WindowsPowerShell\v1.0\powershell.exe
-Version
5.1
-s
-NoLogo
-NoProfile","""C:\Windows\System32\WindowsPowerShell\v1.0\powershell.exe"" -Version 5.1 -s -NoLogo -NoProfile",{B59E2A9A-503E-6211-8302-000000001202},C:\Windows\System32\WindowsPowerShell\v1.0\powershell.exe,powershell.exe,5788,Microsoft Corporation,Visual C# Command Line Compiler,4.8.3761.0 built by: NET48REL1,ee1e569ad02aa1f7aeca80ac0601d80d,csc.exe,Microsoft® .NET Framework,6376,,C:\Users\pat.risus\,"technique_id=T1086,technique_name=PowerShell",MAGNUMTEMPUS,S-1-5-18,pat.risus,0x6082d1
2022-02-19T20:17:10.000+0000,Process Create (rule: ProcessCreate),process,1,2022-02-19T20:17:09.416Z,Microsoft-Windows-Sysmon,127.0.0.1:8088,x86_64,rdp01,rdp01.magnumtempus.financial,sysmon,"C:\Windows\System32\WindowsPowerShell\v1.0\powershell.exe
-Version
5.1
-s
-NoLogo
-NoProfile","""C:\Windows\System32\WindowsPowerShell\v1.0\powershell.exe"" -Version 5.1 -s -NoLogo -NoProfile",{B59E2A9A-5044-6211-AD02-000000001202},C:\Windows\System32\WindowsPowerShell\v1.0\powershell.exe,097ce5761c89434367598b34fe32893b,044a0cf1f6bc478a7172bf207eef1e201a18ba02,ba4038fd20e474c047be8aad5bfacdb1bfc1ddbe12f803f473b7918d8d819436,powershell.exe,C:\Windows\System32\WindowsPowerShell\v1.0\powershell.exe,"""C:\Windows\System32\WindowsPowerShell\v1.0\powershell.exe"" ",{B59E2A9A-4F1B-6211-8A01-000000001202},C:\Windows\System32\WindowsPowerShell\v1.0\powershell.exe,powershell.exe,6784,Microsoft Corporation,Windows PowerShell,10.0.14393.206 (rs1_release.160915-0644),caee994f79d85e47c06e5fa9cdeae453,PowerShell.EXE,Microsoft® Windows® Operating System,7496,,C:\Users\pat.risus\,"technique_id=T1086,technique_name=PowerShell",MAGNUMTEMPUS,S-1-5-18,pat.risus,0x6082d1
2022-02-19T20:17:10.000+0000,Process Create (rule: ProcessCreate),process,1,2022-02-19T20:17:09.414Z,Microsoft-Windows-Sysmon,127.0.0.1:8088,x86_64,rdp01,rdp01.magnumtempus.financial,sysmon,"C:\Windows\Microsoft.NET\Framework64\v4.0.30319\csc.exe
/noconfig
/fullpaths
@C:\Users\pat.risus\AppData\Local\Temp\3\bt3zliwn.cmdline","""C:\Windows\Microsoft.NET\Framework64\v4.0.30319\csc.exe"" /noconfig /fullpaths @""C:\Users\pat.risus\AppData\Local\Temp\3\bt3zliwn.cmdline""",{B59E2A9A-5043-6211-AB02-000000001202},C:\Windows\Microsoft.NET\Framework64\v4.0.30319\csc.exe,23ee3d381cfe3b9f6229483e2ce2f9e1,93cf877f5627e55ec076a656e935042fac39950e,4240a12e0b246c9d69af1f697488fe7da1b497df20f4a6f95135b4d5fe180a57,csc.exe,"C:\Windows\System32\WindowsPowerShell\v1.0\powershell.exe
-Version
5.1
-s
-NoLogo
-NoProfile","""C:\Windows\System32\WindowsPowerShell\v1.0\powershell.exe"" -Version 5.1 -s -NoLogo -NoProfile",{B59E2A9A-503E-6211-8102-000000001202},C:\Windows\System32\WindowsPowerShell\v1.0\powershell.exe,powershell.exe,6552,Microsoft Corporation,Visual C# Command Line Compiler,4.8.3761.0 built by: NET48REL1,ee1e569ad02aa1f7aeca80ac0601d80d,csc.exe,Microsoft® .NET Framework,988,,C:\Users\pat.risus\,"technique_id=T1086,technique_name=PowerShell",MAGNUMTEMPUS,S-1-5-18,pat.risus,0x6082d1
2022-02-19T20:17:10.000+0000,Process Create (rule: ProcessCreate),process,1,2022-02-19T20:17:09.414Z,Microsoft-Windows-Sysmon,127.0.0.1:8088,x86_64,rdp01,rdp01.magnumtempus.financial,sysmon,"C:\Windows\System32\WindowsPowerShell\v1.0\powershell.exe
-Version
5.1
-s
-NoLogo
-NoProfile","""C:\Windows\System32\WindowsPowerShell\v1.0\powershell.exe"" -Version 5.1 -s -NoLogo -NoProfile",{B59E2A9A-5043-6211-A902-000000001202},C:\Windows\System32\WindowsPowerShell\v1.0\powershell.exe,097ce5761c89434367598b34fe32893b,044a0cf1f6bc478a7172bf207eef1e201a18ba02,ba4038fd20e474c047be8aad5bfacdb1bfc1ddbe12f803f473b7918d8d819436,powershell.exe,C:\Windows\System32\WindowsPowerShell\v1.0\powershell.exe,"""C:\Windows\System32\WindowsPowerShell\v1.0\powershell.exe"" ",{B59E2A9A-4F1B-6211-8A01-000000001202},C:\Windows\System32\WindowsPowerShell\v1.0\powershell.exe,powershell.exe,6784,Microsoft Corporation,Windows PowerShell,10.0.14393.206 (rs1_release.160915-0644),caee994f79d85e47c06e5fa9cdeae453,PowerShell.EXE,Microsoft® Windows® Operating System,8016,,C:\Users\pat.risus\,"technique_id=T1086,technique_name=PowerShell",MAGNUMTEMPUS,S-1-5-18,pat.risus,0x6082d1
2022-02-19T20:17:08.000+0000,Process Create (rule: ProcessCreate),process,1,2022-02-19T20:17:08.288Z,Microsoft-Windows-Sysmon,127.0.0.1:8088,x86_64,rdp01,rdp01.magnumtempus.financial,sysmon,"C:\Windows\System32\WindowsPowerShell\v1.0\powershell.exe
-Version
5.1
-s
-NoLogo
-NoProfile","""C:\Windows\System32\WindowsPowerShell\v1.0\powershell.exe"" -Version 5.1 -s -NoLogo -NoProfile",{B59E2A9A-5043-6211-A502-000000001202},C:\Windows\System32\WindowsPowerShell\v1.0\powershell.exe,097ce5761c89434367598b34fe32893b,044a0cf1f6bc478a7172bf207eef1e201a18ba02,ba4038fd20e474c047be8aad5bfacdb1bfc1ddbe12f803f473b7918d8d819436,powershell.exe,C:\Windows\System32\WindowsPowerShell\v1.0\powershell.exe,"""C:\Windows\System32\WindowsPowerShell\v1.0\powershell.exe"" ",{B59E2A9A-4F1B-6211-8A01-000000001202},C:\Windows\System32\WindowsPowerShell\v1.0\powershell.exe,powershell.exe,6784,Microsoft Corporation,Windows PowerShell,10.0.14393.206 (rs1_release.160915-0644),caee994f79d85e47c06e5fa9cdeae453,PowerShell.EXE,Microsoft® Windows® Operating System,5364,,C:\Users\pat.risus\,"technique_id=T1086,technique_name=PowerShell",MAGNUMTEMPUS,S-1-5-18,pat.risus,0x6082d1
2022-02-19T20:17:08.000+0000,Process Create (rule: ProcessCreate),process,1,2022-02-19T20:17:08.287Z,Microsoft-Windows-Sysmon,127.0.0.1:8088,x86_64,rdp01,rdp01.magnumtempus.financial,sysmon,"C:\Windows\Microsoft.NET\Framework64\v4.0.30319\csc.exe
/noconfig
/fullpaths
@C:\Users\pat.risus\AppData\Local\Temp\3\gsif4fso.cmdline","""C:\Windows\Microsoft.NET\Framework64\v4.0.30319\csc.exe"" /noconfig /fullpaths @""C:\Users\pat.risus\AppData\Local\Temp\3\gsif4fso.cmdline""",{B59E2A9A-5042-6211-A302-000000001202},C:\Windows\Microsoft.NET\Framework64\v4.0.30319\csc.exe,23ee3d381cfe3b9f6229483e2ce2f9e1,93cf877f5627e55ec076a656e935042fac39950e,4240a12e0b246c9d69af1f697488fe7da1b497df20f4a6f95135b4d5fe180a57,csc.exe,"C:\Windows\System32\WindowsPowerShell\v1.0\powershell.exe
-Version
5.1
-s
-NoLogo
-NoProfile","""C:\Windows\System32\WindowsPowerShell\v1.0\powershell.exe"" -Version 5.1 -s -NoLogo -NoProfile",{B59E2A9A-503D-6211-7D02-000000001202},C:\Windows\System32\WindowsPowerShell\v1.0\powershell.exe,powershell.exe,7464,Microsoft Corporation,Visual C# Command Line Compiler,4.8.3761.0 built by: NET48REL1,ee1e569ad02aa1f7aeca80ac0601d80d,csc.exe,Microsoft® .NET Framework,8100,,C:\Users\pat.risus\,"technique_id=T1086,technique_name=PowerShell",MAGNUMTEMPUS,S-1-5-18,pat.risus,0x6082d1
2022-02-19T20:17:08.000+0000,Process Create (rule: ProcessCreate),process,1,2022-02-19T20:17:08.289Z,Microsoft-Windows-Sysmon,127.0.0.1:8088,x86_64,rdp01,rdp01.magnumtempus.financial,sysmon,"C:\Windows\Microsoft.NET\Framework64\v4.0.30319\csc.exe
/noconfig
/fullpaths
@C:\Users\pat.risus\AppData\Local\Temp\3\dbu4gpj5.cmdline","""C:\Windows\Microsoft.NET\Framework64\v4.0.30319\csc.exe"" /noconfig /fullpaths @""C:\Users\pat.risus\AppData\Local\Temp\3\dbu4gpj5.cmdline""",{B59E2A9A-5043-6211-A702-000000001202},C:\Windows\Microsoft.NET\Framework64\v4.0.30319\csc.exe,23ee3d381cfe3b9f6229483e2ce2f9e1,93cf877f5627e55ec076a656e935042fac39950e,4240a12e0b246c9d69af1f697488fe7da1b497df20f4a6f95135b4d5fe180a57,csc.exe,"C:\Windows\System32\WindowsPowerShell\v1.0\powershell.exe
-Version
5.1
-s
-NoLogo
-NoProfile","""C:\Windows\System32\WindowsPowerShell\v1.0\powershell.exe"" -Version 5.1 -s -NoLogo -NoProfile",{B59E2A9A-503D-6211-7F02-000000001202},C:\Windows\System32\WindowsPowerShell\v1.0\powershell.exe,powershell.exe,6052,Microsoft Corporation,Visual C# Command Line Compiler,4.8.3761.0 built by: NET48REL1,ee1e569ad02aa1f7aeca80ac0601d80d,csc.exe,Microsoft® .NET Framework,6948,,C:\Users\pat.risus\,"technique_id=T1086,technique_name=PowerShell",MAGNUMTEMPUS,S-1-5-18,pat.risus,0x6082d1
2022-02-19T20:17:07.000+0000,Process Create (rule: ProcessCreate),process,1,2022-02-19T20:17:07.080Z,Microsoft-Windows-Sysmon,127.0.0.1:8088,x86_64,rdp01,rdp01.magnumtempus.financial,sysmon,"C:\Windows\Microsoft.NET\Framework64\v4.0.30319\csc.exe
/noconfig
/fullpaths
@C:\Users\pat.risus\AppData\Local\Temp\3\wej5fgvz.cmdline","""C:\Windows\Microsoft.NET\Framework64\v4.0.30319\csc.exe"" /noconfig /fullpaths @""C:\Users\pat.risus\AppData\Local\Temp\3\wej5fgvz.cmdline""",{B59E2A9A-5042-6211-9C02-000000001202},C:\Windows\Microsoft.NET\Framework64\v4.0.30319\csc.exe,23ee3d381cfe3b9f6229483e2ce2f9e1,93cf877f5627e55ec076a656e935042fac39950e,4240a12e0b246c9d69af1f697488fe7da1b497df20f4a6f95135b4d5fe180a57,csc.exe,"C:\Windows\System32\WindowsPowerShell\v1.0\powershell.exe
-Version
5.1
-s
-NoLogo
-NoProfile","""C:\Windows\System32\WindowsPowerShell\v1.0\powershell.exe"" -Version 5.1 -s -NoLogo -NoProfile",{B59E2A9A-503C-6211-7902-000000001202},C:\Windows\System32\WindowsPowerShell\v1.0\powershell.exe,powershell.exe,8884,Microsoft Corporation,Visual C# Command Line Compiler,4.8.3761.0 built by: NET48REL1,ee1e569ad02aa1f7aeca80ac0601d80d,csc.exe,Microsoft® .NET Framework,6412,,C:\Users\pat.risus\,"technique_id=T1086,technique_name=PowerShell",MAGNUMTEMPUS,S-1-5-18,pat.risus,0x6082d1
2022-02-19T20:17:07.000+0000,Process Create (rule: ProcessCreate),process,1,2022-02-19T20:17:06.985Z,Microsoft-Windows-Sysmon,127.0.0.1:8088,x86_64,rdp01,rdp01.magnumtempus.financial,sysmon,"C:\Windows\System32\WindowsPowerShell\v1.0\powershell.exe
-Version
5.1
-s
-NoLogo
-NoProfile","""C:\Windows\System32\WindowsPowerShell\v1.0\powershell.exe"" -Version 5.1 -s -NoLogo -NoProfile",{B59E2A9A-5041-6211-9802-000000001202},C:\Windows\System32\WindowsPowerShell\v1.0\powershell.exe,097ce5761c89434367598b34fe32893b,044a0cf1f6bc478a7172bf207eef1e201a18ba02,ba4038fd20e474c047be8aad5bfacdb1bfc1ddbe12f803f473b7918d8d819436,powershell.exe,C:\Windows\System32\WindowsPowerShell\v1.0\powershell.exe,"""C:\Windows\System32\WindowsPowerShell\v1.0\powershell.exe"" ",{B59E2A9A-4F1B-6211-8A01-000000001202},C:\Windows\System32\WindowsPowerShell\v1.0\powershell.exe,powershell.exe,6784,Microsoft Corporation,Windows PowerShell,10.0.14393.206 (rs1_release.160915-0644),caee994f79d85e47c06e5fa9cdeae453,PowerShell.EXE,Microsoft® Windows® Operating System,9116,,C:\Users\pat.risus\,"technique_id=T1086,technique_name=PowerShell",MAGNUMTEMPUS,S-1-5-18,pat.risus,0x6082d1
2022-02-19T20:17:07.000+0000,Process Create (rule: ProcessCreate),process,1,2022-02-19T20:17:06.984Z,Microsoft-Windows-Sysmon,127.0.0.1:8088,x86_64,rdp01,rdp01.magnumtempus.financial,sysmon,"C:\Windows\Microsoft.NET\Framework64\v4.0.30319\csc.exe
/noconfig
/fullpaths
@C:\Users\pat.risus\AppData\Local\Temp\3\n3b3c2v4.cmdline","""C:\Windows\Microsoft.NET\Framework64\v4.0.30319\csc.exe"" /noconfig /fullpaths @""C:\Users\pat.risus\AppData\Local\Temp\3\n3b3c2v4.cmdline""",{B59E2A9A-5041-6211-9702-000000001202},C:\Windows\Microsoft.NET\Framework64\v4.0.30319\csc.exe,23ee3d381cfe3b9f6229483e2ce2f9e1,93cf877f5627e55ec076a656e935042fac39950e,4240a12e0b246c9d69af1f697488fe7da1b497df20f4a6f95135b4d5fe180a57,csc.exe,"C:\Windows\System32\WindowsPowerShell\v1.0\powershell.exe
-Version
5.1
-s
-NoLogo
-NoProfile","""C:\Windows\System32\WindowsPowerShell\v1.0\powershell.exe"" -Version 5.1 -s -NoLogo -NoProfile",{B59E2A9A-503B-6211-7302-000000001202},C:\Windows\System32\WindowsPowerShell\v1.0\powershell.exe,powershell.exe,8624,Microsoft Corporation,Visual C# Command Line Compiler,4.8.3761.0 built by: NET48REL1,ee1e569ad02aa1f7aeca80ac0601d80d,csc.exe,Microsoft® .NET Framework,9204,,C:\Users\pat.risus\,"technique_id=T1086,technique_name=PowerShell",MAGNUMTEMPUS,S-1-5-18,pat.risus,0x6082d1
2022-02-19T20:17:07.000+0000,Process Create (rule: ProcessCreate),process,1,2022-02-19T20:17:06.983Z,Microsoft-Windows-Sysmon,127.0.0.1:8088,x86_64,rdp01,rdp01.magnumtempus.financial,sysmon,"C:\Windows\System32\WindowsPowerShell\v1.0\powershell.exe
-Version
5.1
-s
-NoLogo
-NoProfile","""C:\Windows\System32\WindowsPowerShell\v1.0\powershell.exe"" -Version 5.1 -s -NoLogo -NoProfile",{B59E2A9A-5041-6211-9502-000000001202},C:\Windows\System32\WindowsPowerShell\v1.0\powershell.exe,097ce5761c89434367598b34fe32893b,044a0cf1f6bc478a7172bf207eef1e201a18ba02,ba4038fd20e474c047be8aad5bfacdb1bfc1ddbe12f803f473b7918d8d819436,powershell.exe,C:\Windows\System32\WindowsPowerShell\v1.0\powershell.exe,"""C:\Windows\System32\WindowsPowerShell\v1.0\powershell.exe"" ",{B59E2A9A-4F1B-6211-8A01-000000001202},C:\Windows\System32\WindowsPowerShell\v1.0\powershell.exe,powershell.exe,6784,Microsoft Corporation,Windows PowerShell,10.0.14393.206 (rs1_release.160915-0644),caee994f79d85e47c06e5fa9cdeae453,PowerShell.EXE,Microsoft® Windows® Operating System,5596,,C:\Users\pat.risus\,"technique_id=T1086,technique_name=PowerShell",MAGNUMTEMPUS,S-1-5-18,pat.risus,0x6082d1
2022-02-19T20:17:07.000+0000,Process Create (rule: ProcessCreate),process,1,2022-02-19T20:17:07.081Z,Microsoft-Windows-Sysmon,127.0.0.1:8088,x86_64,rdp01,rdp01.magnumtempus.financial,sysmon,"C:\Windows\System32\WindowsPowerShell\v1.0\powershell.exe
-Version
5.1
-s
-NoLogo
-NoProfile","""C:\Windows\System32\WindowsPowerShell\v1.0\powershell.exe"" -Version 5.1 -s -NoLogo -NoProfile",{B59E2A9A-5042-6211-A002-000000001202},C:\Windows\System32\WindowsPowerShell\v1.0\powershell.exe,097ce5761c89434367598b34fe32893b,044a0cf1f6bc478a7172bf207eef1e201a18ba02,ba4038fd20e474c047be8aad5bfacdb1bfc1ddbe12f803f473b7918d8d819436,powershell.exe,C:\Windows\System32\WindowsPowerShell\v1.0\powershell.exe,"""C:\Windows\System32\WindowsPowerShell\v1.0\powershell.exe"" ",{B59E2A9A-4F1B-6211-8A01-000000001202},C:\Windows\System32\WindowsPowerShell\v1.0\powershell.exe,powershell.exe,6784,Microsoft Corporation,Windows PowerShell,10.0.14393.206 (rs1_release.160915-0644),caee994f79d85e47c06e5fa9cdeae453,PowerShell.EXE,Microsoft® Windows® Operating System,7584,,C:\Users\pat.risus\,"technique_id=T1086,technique_name=PowerShell",MAGNUMTEMPUS,S-1-5-18,pat.risus,0x6082d1
2022-02-19T20:17:07.000+0000,Process Create (rule: ProcessCreate),process,1,2022-02-19T20:17:07.081Z,Microsoft-Windows-Sysmon,127.0.0.1:8088,x86_64,rdp01,rdp01.magnumtempus.financial,sysmon,"C:\Windows\Microsoft.NET\Framework64\v4.0.30319\csc.exe
/noconfig
/fullpaths
@C:\Users\pat.risus\AppData\Local\Temp\3\nudfvyrk.cmdline","""C:\Windows\Microsoft.NET\Framework64\v4.0.30319\csc.exe"" /noconfig /fullpaths @""C:\Users\pat.risus\AppData\Local\Temp\3\nudfvyrk.cmdline""",{B59E2A9A-5042-6211-9F02-000000001202},C:\Windows\Microsoft.NET\Framework64\v4.0.30319\csc.exe,23ee3d381cfe3b9f6229483e2ce2f9e1,93cf877f5627e55ec076a656e935042fac39950e,4240a12e0b246c9d69af1f697488fe7da1b497df20f4a6f95135b4d5fe180a57,csc.exe,"C:\Windows\System32\WindowsPowerShell\v1.0\powershell.exe
-Version
5.1
-s
-NoLogo
-NoProfile","""C:\Windows\System32\WindowsPowerShell\v1.0\powershell.exe"" -Version 5.1 -s -NoLogo -NoProfile",{B59E2A9A-503C-6211-7B02-000000001202},C:\Windows\System32\WindowsPowerShell\v1.0\powershell.exe,powershell.exe,5732,Microsoft Corporation,Visual C# Command Line Compiler,4.8.3761.0 built by: NET48REL1,ee1e569ad02aa1f7aeca80ac0601d80d,csc.exe,Microsoft® .NET Framework,3124,,C:\Users\pat.risus\,"technique_id=T1086,technique_name=PowerShell",MAGNUMTEMPUS,S-1-5-18,pat.risus,0x6082d1
2022-02-19T20:17:07.000+0000,Process Create (rule: ProcessCreate),process,1,2022-02-19T20:17:07.080Z,Microsoft-Windows-Sysmon,127.0.0.1:8088,x86_64,rdp01,rdp01.magnumtempus.financial,sysmon,"C:\Windows\Microsoft.NET\Framework64\v4.0.30319\csc.exe
/noconfig
/fullpaths
@C:\Users\pat.risus\AppData\Local\Temp\3\gj5ed4ly.cmdline","""C:\Windows\Microsoft.NET\Framework64\v4.0.30319\csc.exe"" /noconfig /fullpaths @""C:\Users\pat.risus\AppData\Local\Temp\3\gj5ed4ly.cmdline""",{B59E2A9A-5041-6211-9B02-000000001202},C:\Windows\Microsoft.NET\Framework64\v4.0.30319\csc.exe,23ee3d381cfe3b9f6229483e2ce2f9e1,93cf877f5627e55ec076a656e935042fac39950e,4240a12e0b246c9d69af1f697488fe7da1b497df20f4a6f95135b4d5fe180a57,csc.exe,"C:\Windows\System32\WindowsPowerShell\v1.0\powershell.exe
-Version
5.1
-s
-NoLogo
-NoProfile","""C:\Windows\System32\WindowsPowerShell\v1.0\powershell.exe"" -Version 5.1 -s -NoLogo -NoProfile",{B59E2A9A-503B-6211-7502-000000001202},C:\Windows\System32\WindowsPowerShell\v1.0\powershell.exe,powershell.exe,5644,Microsoft Corporation,Visual C# Command Line Compiler,4.8.3761.0 built by: NET48REL1,ee1e569ad02aa1f7aeca80ac0601d80d,csc.exe,Microsoft® .NET Framework,6216,,C:\Users\pat.risus\,"technique_id=T1086,technique_name=PowerShell",MAGNUMTEMPUS,S-1-5-18,pat.risus,0x6082d1
2022-02-19T20:17:07.000+0000,Process Create (rule: ProcessCreate),process,1,2022-02-19T20:17:06.981Z,Microsoft-Windows-Sysmon,127.0.0.1:8088,x86_64,rdp01,rdp01.magnumtempus.financial,sysmon,"C:\Windows\System32\WindowsPowerShell\v1.0\powershell.exe
-Version
5.1
-s
-NoLogo
-NoProfile","""C:\Windows\System32\WindowsPowerShell\v1.0\powershell.exe"" -Version 5.1 -s -NoLogo -NoProfile",{B59E2A9A-5040-6211-9302-000000001202},C:\Windows\System32\WindowsPowerShell\v1.0\powershell.exe,097ce5761c89434367598b34fe32893b,044a0cf1f6bc478a7172bf207eef1e201a18ba02,ba4038fd20e474c047be8aad5bfacdb1bfc1ddbe12f803f473b7918d8d819436,powershell.exe,C:\Windows\System32\WindowsPowerShell\v1.0\powershell.exe,"""C:\Windows\System32\WindowsPowerShell\v1.0\powershell.exe"" ",{B59E2A9A-4F1B-6211-8A01-000000001202},C:\Windows\System32\WindowsPowerShell\v1.0\powershell.exe,powershell.exe,6784,Microsoft Corporation,Windows PowerShell,10.0.14393.206 (rs1_release.160915-0644),caee994f79d85e47c06e5fa9cdeae453,PowerShell.EXE,Microsoft® Windows® Operating System,8876,,C:\Users\pat.risus\,"technique_id=T1086,technique_name=PowerShell",MAGNUMTEMPUS,S-1-5-18,pat.risus,0x6082d1
2022-02-19T20:17:06.000+0000,Process Create (rule: ProcessCreate),process,1,2022-02-19T20:17:05.623Z,Microsoft-Windows-Sysmon,127.0.0.1:8088,x86_64,rdp01,rdp01.magnumtempus.financial,sysmon,"C:\Windows\System32\WindowsPowerShell\v1.0\powershell.exe
-Version
5.1
-s
-NoLogo
-NoProfile","""C:\Windows\System32\WindowsPowerShell\v1.0\powershell.exe"" -Version 5.1 -s -NoLogo -NoProfile",{B59E2A9A-5040-6211-8F02-000000001202},C:\Windows\System32\WindowsPowerShell\v1.0\powershell.exe,097ce5761c89434367598b34fe32893b,044a0cf1f6bc478a7172bf207eef1e201a18ba02,ba4038fd20e474c047be8aad5bfacdb1bfc1ddbe12f803f473b7918d8d819436,powershell.exe,C:\Windows\System32\WindowsPowerShell\v1.0\powershell.exe,"""C:\Windows\System32\WindowsPowerShell\v1.0\powershell.exe"" ",{B59E2A9A-4F1B-6211-8A01-000000001202},C:\Windows\System32\WindowsPowerShell\v1.0\powershell.exe,powershell.exe,6784,Microsoft Corporation,Windows PowerShell,10.0.14393.206 (rs1_release.160915-0644),caee994f79d85e47c06e5fa9cdeae453,PowerShell.EXE,Microsoft® Windows® Operating System,5052,,C:\Users\pat.risus\,"technique_id=T1086,technique_name=PowerShell",MAGNUMTEMPUS,S-1-5-18,pat.risus,0x6082d1
2022-02-19T20:17:06.000+0000,Process Create (rule: ProcessCreate),process,1,2022-02-19T20:17:05.622Z,Microsoft-Windows-Sysmon,127.0.0.1:8088,x86_64,rdp01,rdp01.magnumtempus.financial,sysmon,"C:\Windows\Microsoft.NET\Framework64\v4.0.30319\csc.exe
/noconfig
/fullpaths
@C:\Users\pat.risus\AppData\Local\Temp\3\tz1iiiob.cmdline","""C:\Windows\Microsoft.NET\Framework64\v4.0.30319\csc.exe"" /noconfig /fullpaths @""C:\Users\pat.risus\AppData\Local\Temp\3\tz1iiiob.cmdline""",{B59E2A9A-503F-6211-8D02-000000001202},C:\Windows\Microsoft.NET\Framework64\v4.0.30319\csc.exe,23ee3d381cfe3b9f6229483e2ce2f9e1,93cf877f5627e55ec076a656e935042fac39950e,4240a12e0b246c9d69af1f697488fe7da1b497df20f4a6f95135b4d5fe180a57,csc.exe,"C:\Windows\System32\WindowsPowerShell\v1.0\powershell.exe
-Version
5.1
-s
-NoLogo
-NoProfile","""C:\Windows\System32\WindowsPowerShell\v1.0\powershell.exe"" -Version 5.1 -s -NoLogo -NoProfile",{B59E2A9A-5039-6211-6B02-000000001202},C:\Windows\System32\WindowsPowerShell\v1.0\powershell.exe,powershell.exe,1448,Microsoft Corporation,Visual C# Command Line Compiler,4.8.3761.0 built by: NET48REL1,ee1e569ad02aa1f7aeca80ac0601d80d,csc.exe,Microsoft® .NET Framework,3364,,C:\Users\pat.risus\,"technique_id=T1086,technique_name=PowerShell",MAGNUMTEMPUS,S-1-5-18,pat.risus,0x6082d1
2022-02-19T20:17:06.000+0000,Process Create (rule: ProcessCreate),process,1,2022-02-19T20:17:05.625Z,Microsoft-Windows-Sysmon,127.0.0.1:8088,x86_64,rdp01,rdp01.magnumtempus.financial,sysmon,"C:\Windows\Microsoft.NET\Framework64\v4.0.30319\csc.exe
/noconfig
/fullpaths
@C:\Users\pat.risus\AppData\Local\Temp\3\5z0ndutv.cmdline","""C:\Windows\Microsoft.NET\Framework64\v4.0.30319\csc.exe"" /noconfig /fullpaths @""C:\Users\pat.risus\AppData\Local\Temp\3\5z0ndutv.cmdline""",{B59E2A9A-5040-6211-9102-000000001202},C:\Windows\Microsoft.NET\Framework64\v4.0.30319\csc.exe,23ee3d381cfe3b9f6229483e2ce2f9e1,93cf877f5627e55ec076a656e935042fac39950e,4240a12e0b246c9d69af1f697488fe7da1b497df20f4a6f95135b4d5fe180a57,csc.exe,"C:\Windows\System32\WindowsPowerShell\v1.0\powershell.exe
-Version
5.1
-s
-NoLogo
-NoProfile","""C:\Windows\System32\WindowsPowerShell\v1.0\powershell.exe"" -Version 5.1 -s -NoLogo -NoProfile",{B59E2A9A-503A-6211-6F02-000000001202},C:\Windows\System32\WindowsPowerShell\v1.0\powershell.exe,powershell.exe,8508,Microsoft Corporation,Visual C# Command Line Compiler,4.8.3761.0 built by: NET48REL1,ee1e569ad02aa1f7aeca80ac0601d80d,csc.exe,Microsoft® .NET Framework,6988,,C:\Users\pat.risus\,"technique_id=T1086,technique_name=PowerShell",MAGNUMTEMPUS,S-1-5-18,pat.risus,0x6082d1
2022-02-19T20:17:06.000+0000,Process Create (rule: ProcessCreate),process,1,2022-02-19T20:17:05.620Z,Microsoft-Windows-Sysmon,127.0.0.1:8088,x86_64,rdp01,rdp01.magnumtempus.financial,sysmon,"C:\Windows\Microsoft.NET\Framework64\v4.0.30319\csc.exe
/noconfig
/fullpaths
@C:\Users\pat.risus\AppData\Local\Temp\3\g0vk3osc.cmdline","""C:\Windows\Microsoft.NET\Framework64\v4.0.30319\csc.exe"" /noconfig /fullpaths @""C:\Users\pat.risus\AppData\Local\Temp\3\g0vk3osc.cmdline""",{B59E2A9A-503F-6211-8A02-000000001202},C:\Windows\Microsoft.NET\Framework64\v4.0.30319\csc.exe,23ee3d381cfe3b9f6229483e2ce2f9e1,93cf877f5627e55ec076a656e935042fac39950e,4240a12e0b246c9d69af1f697488fe7da1b497df20f4a6f95135b4d5fe180a57,csc.exe,"C:\Windows\System32\WindowsPowerShell\v1.0\powershell.exe
-Version
5.1
-s
-NoLogo
-NoProfile","""C:\Windows\System32\WindowsPowerShell\v1.0\powershell.exe"" -Version 5.1 -s -NoLogo -NoProfile",{B59E2A9A-5038-6211-6302-000000001202},C:\Windows\System32\WindowsPowerShell\v1.0\powershell.exe,powershell.exe,5656,Microsoft Corporation,Visual C# Command Line Compiler,4.8.3761.0 built by: NET48REL1,ee1e569ad02aa1f7aeca80ac0601d80d,csc.exe,Microsoft® .NET Framework,9032,,C:\Users\pat.risus\,"technique_id=T1086,technique_name=PowerShell",MAGNUMTEMPUS,S-1-5-18,pat.risus,0x6082d1
2022-02-19T20:17:06.000+0000,Process Create (rule: ProcessCreate),process,1,2022-02-19T20:17:05.620Z,Microsoft-Windows-Sysmon,127.0.0.1:8088,x86_64,rdp01,rdp01.magnumtempus.financial,sysmon,"C:\Windows\System32\WindowsPowerShell\v1.0\powershell.exe
-Version
5.1
-s
-NoLogo
-NoProfile","""C:\Windows\System32\WindowsPowerShell\v1.0\powershell.exe"" -Version 5.1 -s -NoLogo -NoProfile",{B59E2A9A-503F-6211-8902-000000001202},C:\Windows\System32\WindowsPowerShell\v1.0\powershell.exe,097ce5761c89434367598b34fe32893b,044a0cf1f6bc478a7172bf207eef1e201a18ba02,ba4038fd20e474c047be8aad5bfacdb1bfc1ddbe12f803f473b7918d8d819436,powershell.exe,C:\Windows\System32\WindowsPowerShell\v1.0\powershell.exe,"""C:\Windows\System32\WindowsPowerShell\v1.0\powershell.exe"" ",{B59E2A9A-4F1B-6211-8A01-000000001202},C:\Windows\System32\WindowsPowerShell\v1.0\powershell.exe,powershell.exe,6784,Microsoft Corporation,Windows PowerShell,10.0.14393.206 (rs1_release.160915-0644),caee994f79d85e47c06e5fa9cdeae453,PowerShell.EXE,Microsoft® Windows® Operating System,7784,,C:\Users\pat.risus\,"technique_id=T1086,technique_name=PowerShell",MAGNUMTEMPUS,S-1-5-18,pat.risus,0x6082d1
2022-02-19T20:17:05.000+0000,Process Create (rule: ProcessCreate),process,1,2022-02-19T20:17:04.303Z,Microsoft-Windows-Sysmon,127.0.0.1:8088,x86_64,rdp01,rdp01.magnumtempus.financial,sysmon,"C:\Windows\Microsoft.NET\Framework64\v4.0.30319\csc.exe
/noconfig
/fullpaths
@C:\Users\pat.risus\AppData\Local\Temp\3\3dvsyotn.cmdline","""C:\Windows\Microsoft.NET\Framework64\v4.0.30319\csc.exe"" /noconfig /fullpaths @""C:\Users\pat.risus\AppData\Local\Temp\3\3dvsyotn.cmdline""",{B59E2A9A-503F-6211-8702-000000001202},C:\Windows\Microsoft.NET\Framework64\v4.0.30319\csc.exe,23ee3d381cfe3b9f6229483e2ce2f9e1,93cf877f5627e55ec076a656e935042fac39950e,4240a12e0b246c9d69af1f697488fe7da1b497df20f4a6f95135b4d5fe180a57,csc.exe,"C:\Windows\System32\WindowsPowerShell\v1.0\powershell.exe
-Version
5.1
-s
-NoLogo
-NoProfile","""C:\Windows\System32\WindowsPowerShell\v1.0\powershell.exe"" -Version 5.1 -s -NoLogo -NoProfile",{B59E2A9A-5038-6211-5F02-000000001202},C:\Windows\System32\WindowsPowerShell\v1.0\powershell.exe,powershell.exe,9132,Microsoft Corporation,Visual C# Command Line Compiler,4.8.3761.0 built by: NET48REL1,ee1e569ad02aa1f7aeca80ac0601d80d,csc.exe,Microsoft® .NET Framework,5132,,C:\Users\pat.risus\,"technique_id=T1086,technique_name=PowerShell",MAGNUMTEMPUS,S-1-5-18,pat.risus,0x6082d1
2022-02-19T20:17:05.000+0000,Process Create (rule: ProcessCreate),process,1,2022-02-19T20:17:04.301Z,Microsoft-Windows-Sysmon,127.0.0.1:8088,x86_64,rdp01,rdp01.magnumtempus.financial,sysmon,"C:\Windows\System32\WindowsPowerShell\v1.0\powershell.exe
-Version
5.1
-s
-NoLogo
-NoProfile","""C:\Windows\System32\WindowsPowerShell\v1.0\powershell.exe"" -Version 5.1 -s -NoLogo -NoProfile",{B59E2A9A-503F-6211-8502-000000001202},C:\Windows\System32\WindowsPowerShell\v1.0\powershell.exe,097ce5761c89434367598b34fe32893b,044a0cf1f6bc478a7172bf207eef1e201a18ba02,ba4038fd20e474c047be8aad5bfacdb1bfc1ddbe12f803f473b7918d8d819436,powershell.exe,C:\Windows\System32\WindowsPowerShell\v1.0\powershell.exe,"""C:\Windows\System32\WindowsPowerShell\v1.0\powershell.exe"" ",{B59E2A9A-4F1B-6211-8A01-000000001202},C:\Windows\System32\WindowsPowerShell\v1.0\powershell.exe,powershell.exe,6784,Microsoft Corporation,Windows PowerShell,10.0.14393.206 (rs1_release.160915-0644),caee994f79d85e47c06e5fa9cdeae453,PowerShell.EXE,Microsoft® Windows® Operating System,5688,,C:\Users\pat.risus\,"technique_id=T1086,technique_name=PowerShell",MAGNUMTEMPUS,S-1-5-18,pat.risus,0x6082d1
2022-02-19T20:17:04.000+0000,Process Create (rule: ProcessCreate),process,1,2022-02-19T20:17:02.936Z,Microsoft-Windows-Sysmon,127.0.0.1:8088,x86_64,rdp01,rdp01.magnumtempus.financial,sysmon,"C:\Windows\System32\WindowsPowerShell\v1.0\powershell.exe
-Version
5.1
-s
-NoLogo
-NoProfile","""C:\Windows\System32\WindowsPowerShell\v1.0\powershell.exe"" -Version 5.1 -s -NoLogo -NoProfile",{B59E2A9A-503E-6211-8102-000000001202},C:\Windows\System32\WindowsPowerShell\v1.0\powershell.exe,097ce5761c89434367598b34fe32893b,044a0cf1f6bc478a7172bf207eef1e201a18ba02,ba4038fd20e474c047be8aad5bfacdb1bfc1ddbe12f803f473b7918d8d819436,powershell.exe,C:\Windows\System32\WindowsPowerShell\v1.0\powershell.exe,"""C:\Windows\System32\WindowsPowerShell\v1.0\powershell.exe"" ",{B59E2A9A-4F1B-6211-8A01-000000001202},C:\Windows\System32\WindowsPowerShell\v1.0\powershell.exe,powershell.exe,6784,Microsoft Corporation,Windows PowerShell,10.0.14393.206 (rs1_release.160915-0644),caee994f79d85e47c06e5fa9cdeae453,PowerShell.EXE,Microsoft® Windows® Operating System,6552,,C:\Users\pat.risus\,"technique_id=T1086,technique_name=PowerShell",MAGNUMTEMPUS,S-1-5-18,pat.risus,0x6082d1
2022-02-19T20:17:04.000+0000,Process Create (rule: ProcessCreate),process,1,2022-02-19T20:17:02.939Z,Microsoft-Windows-Sysmon,127.0.0.1:8088,x86_64,rdp01,rdp01.magnumtempus.financial,sysmon,"C:\Windows\System32\WindowsPowerShell\v1.0\powershell.exe
-Version
5.1
-s
-NoLogo
-NoProfile","""C:\Windows\System32\WindowsPowerShell\v1.0\powershell.exe"" -Version 5.1 -s -NoLogo -NoProfile",{B59E2A9A-503E-6211-8302-000000001202},C:\Windows\System32\WindowsPowerShell\v1.0\powershell.exe,097ce5761c89434367598b34fe32893b,044a0cf1f6bc478a7172bf207eef1e201a18ba02,ba4038fd20e474c047be8aad5bfacdb1bfc1ddbe12f803f473b7918d8d819436,powershell.exe,C:\Windows\System32\WindowsPowerShell\v1.0\powershell.exe,"""C:\Windows\System32\WindowsPowerShell\v1.0\powershell.exe"" ",{B59E2A9A-4F1B-6211-8A01-000000001202},C:\Windows\System32\WindowsPowerShell\v1.0\powershell.exe,powershell.exe,6784,Microsoft Corporation,Windows PowerShell,10.0.14393.206 (rs1_release.160915-0644),caee994f79d85e47c06e5fa9cdeae453,PowerShell.EXE,Microsoft® Windows® Operating System,5788,,C:\Users\pat.risus\,"technique_id=T1086,technique_name=PowerShell",MAGNUMTEMPUS,S-1-5-18,pat.risus,0x6082d1
2022-02-19T20:17:04.000+0000,Process Create (rule: ProcessCreate),process,1,2022-02-19T20:17:02.934Z,Microsoft-Windows-Sysmon,127.0.0.1:8088,x86_64,rdp01,rdp01.magnumtempus.financial,sysmon,"C:\Windows\System32\WindowsPowerShell\v1.0\powershell.exe
-Version
5.1
-s
-NoLogo
-NoProfile","""C:\Windows\System32\WindowsPowerShell\v1.0\powershell.exe"" -Version 5.1 -s -NoLogo -NoProfile",{B59E2A9A-503D-6211-7F02-000000001202},C:\Windows\System32\WindowsPowerShell\v1.0\powershell.exe,097ce5761c89434367598b34fe32893b,044a0cf1f6bc478a7172bf207eef1e201a18ba02,ba4038fd20e474c047be8aad5bfacdb1bfc1ddbe12f803f473b7918d8d819436,powershell.exe,C:\Windows\System32\WindowsPowerShell\v1.0\powershell.exe,"""C:\Windows\System32\WindowsPowerShell\v1.0\powershell.exe"" ",{B59E2A9A-4F1B-6211-8A01-000000001202},C:\Windows\System32\WindowsPowerShell\v1.0\powershell.exe,powershell.exe,6784,Microsoft Corporation,Windows PowerShell,10.0.14393.206 (rs1_release.160915-0644),caee994f79d85e47c06e5fa9cdeae453,PowerShell.EXE,Microsoft® Windows® Operating System,6052,,C:\Users\pat.risus\,"technique_id=T1086,technique_name=PowerShell",MAGNUMTEMPUS,S-1-5-18,pat.risus,0x6082d1
2022-02-19T20:17:03.000+0000,Process Create (rule: ProcessCreate),process,1,2022-02-19T20:17:01.767Z,Microsoft-Windows-Sysmon,127.0.0.1:8088,x86_64,rdp01,rdp01.magnumtempus.financial,sysmon,"C:\Windows\System32\WindowsPowerShell\v1.0\powershell.exe
-Version
5.1
-s
-NoLogo
-NoProfile","""C:\Windows\System32\WindowsPowerShell\v1.0\powershell.exe"" -Version 5.1 -s -NoLogo -NoProfile",{B59E2A9A-503D-6211-7D02-000000001202},C:\Windows\System32\WindowsPowerShell\v1.0\powershell.exe,097ce5761c89434367598b34fe32893b,044a0cf1f6bc478a7172bf207eef1e201a18ba02,ba4038fd20e474c047be8aad5bfacdb1bfc1ddbe12f803f473b7918d8d819436,powershell.exe,C:\Windows\System32\WindowsPowerShell\v1.0\powershell.exe,"""C:\Windows\System32\WindowsPowerShell\v1.0\powershell.exe"" ",{B59E2A9A-4F1B-6211-8A01-000000001202},C:\Windows\System32\WindowsPowerShell\v1.0\powershell.exe,powershell.exe,6784,Microsoft Corporation,Windows PowerShell,10.0.14393.206 (rs1_release.160915-0644),caee994f79d85e47c06e5fa9cdeae453,PowerShell.EXE,Microsoft® Windows® Operating System,7464,,C:\Users\pat.risus\,"technique_id=T1086,technique_name=PowerShell",MAGNUMTEMPUS,S-1-5-18,pat.risus,0x6082d1
2022-02-19T20:17:03.000+0000,Process Create (rule: ProcessCreate),process,1,2022-02-19T20:17:01.763Z,Microsoft-Windows-Sysmon,127.0.0.1:8088,x86_64,rdp01,rdp01.magnumtempus.financial,sysmon,"C:\Windows\System32\WindowsPowerShell\v1.0\powershell.exe
-Version
5.1
-s
-NoLogo
-NoProfile","""C:\Windows\System32\WindowsPowerShell\v1.0\powershell.exe"" -Version 5.1 -s -NoLogo -NoProfile",{B59E2A9A-503C-6211-7902-000000001202},C:\Windows\System32\WindowsPowerShell\v1.0\powershell.exe,097ce5761c89434367598b34fe32893b,044a0cf1f6bc478a7172bf207eef1e201a18ba02,ba4038fd20e474c047be8aad5bfacdb1bfc1ddbe12f803f473b7918d8d819436,powershell.exe,C:\Windows\System32\WindowsPowerShell\v1.0\powershell.exe,"""C:\Windows\System32\WindowsPowerShell\v1.0\powershell.exe"" ",{B59E2A9A-4F1B-6211-8A01-000000001202},C:\Windows\System32\WindowsPowerShell\v1.0\powershell.exe,powershell.exe,6784,Microsoft Corporation,Windows PowerShell,10.0.14393.206 (rs1_release.160915-0644),caee994f79d85e47c06e5fa9cdeae453,PowerShell.EXE,Microsoft® Windows® Operating System,8884,,C:\Users\pat.risus\,"technique_id=T1086,technique_name=PowerShell",MAGNUMTEMPUS,S-1-5-18,pat.risus,0x6082d1
2022-02-19T20:17:03.000+0000,Process Create (rule: ProcessCreate),process,1,2022-02-19T20:17:01.765Z,Microsoft-Windows-Sysmon,127.0.0.1:8088,x86_64,rdp01,rdp01.magnumtempus.financial,sysmon,"C:\Windows\System32\WindowsPowerShell\v1.0\powershell.exe
-Version
5.1
-s
-NoLogo
-NoProfile","""C:\Windows\System32\WindowsPowerShell\v1.0\powershell.exe"" -Version 5.1 -s -NoLogo -NoProfile",{B59E2A9A-503C-6211-7B02-000000001202},C:\Windows\System32\WindowsPowerShell\v1.0\powershell.exe,097ce5761c89434367598b34fe32893b,044a0cf1f6bc478a7172bf207eef1e201a18ba02,ba4038fd20e474c047be8aad5bfacdb1bfc1ddbe12f803f473b7918d8d819436,powershell.exe,C:\Windows\System32\WindowsPowerShell\v1.0\powershell.exe,"""C:\Windows\System32\WindowsPowerShell\v1.0\powershell.exe"" ",{B59E2A9A-4F1B-6211-8A01-000000001202},C:\Windows\System32\WindowsPowerShell\v1.0\powershell.exe,powershell.exe,6784,Microsoft Corporation,Windows PowerShell,10.0.14393.206 (rs1_release.160915-0644),caee994f79d85e47c06e5fa9cdeae453,PowerShell.EXE,Microsoft® Windows® Operating System,5732,,C:\Users\pat.risus\,"technique_id=T1086,technique_name=PowerShell",MAGNUMTEMPUS,S-1-5-18,pat.risus,0x6082d1
2022-02-19T20:17:01.000+0000,Process Create (rule: ProcessCreate),process,1,2022-02-19T20:17:00.589Z,Microsoft-Windows-Sysmon,127.0.0.1:8088,x86_64,rdp01,rdp01.magnumtempus.financial,sysmon,"C:\Windows\Microsoft.NET\Framework64\v4.0.30319\csc.exe
/noconfig
/fullpaths
@C:\Users\pat.risus\AppData\Local\Temp\3\2kuwoiil.cmdline","""C:\Windows\Microsoft.NET\Framework64\v4.0.30319\csc.exe"" /noconfig /fullpaths @""C:\Users\pat.risus\AppData\Local\Temp\3\2kuwoiil.cmdline""",{B59E2A9A-503B-6211-7702-000000001202},C:\Windows\Microsoft.NET\Framework64\v4.0.30319\csc.exe,23ee3d381cfe3b9f6229483e2ce2f9e1,93cf877f5627e55ec076a656e935042fac39950e,4240a12e0b246c9d69af1f697488fe7da1b497df20f4a6f95135b4d5fe180a57,csc.exe,"C:\Windows\System32\WindowsPowerShell\v1.0\powershell.exe
-Version
5.1
-s
-NoLogo
-NoProfile","""C:\Windows\System32\WindowsPowerShell\v1.0\powershell.exe"" -Version 5.1 -s -NoLogo -NoProfile",{B59E2A9A-5035-6211-3F02-000000001202},C:\Windows\System32\WindowsPowerShell\v1.0\powershell.exe,powershell.exe,8584,Microsoft Corporation,Visual C# Command Line Compiler,4.8.3761.0 built by: NET48REL1,ee1e569ad02aa1f7aeca80ac0601d80d,csc.exe,Microsoft® .NET Framework,8840,,C:\Users\pat.risus\,"technique_id=T1086,technique_name=PowerShell",MAGNUMTEMPUS,S-1-5-18,pat.risus,0x6082d1
2022-02-19T20:17:01.000+0000,Process Create (rule: ProcessCreate),process,1,2022-02-19T20:17:00.589Z,Microsoft-Windows-Sysmon,127.0.0.1:8088,x86_64,rdp01,rdp01.magnumtempus.financial,sysmon,"C:\Windows\System32\WindowsPowerShell\v1.0\powershell.exe
-Version
5.1
-s
-NoLogo
-NoProfile","""C:\Windows\System32\WindowsPowerShell\v1.0\powershell.exe"" -Version 5.1 -s -NoLogo -NoProfile",{B59E2A9A-503B-6211-7502-000000001202},C:\Windows\System32\WindowsPowerShell\v1.0\powershell.exe,097ce5761c89434367598b34fe32893b,044a0cf1f6bc478a7172bf207eef1e201a18ba02,ba4038fd20e474c047be8aad5bfacdb1bfc1ddbe12f803f473b7918d8d819436,powershell.exe,C:\Windows\System32\WindowsPowerShell\v1.0\powershell.exe,"""C:\Windows\System32\WindowsPowerShell\v1.0\powershell.exe"" ",{B59E2A9A-4F1B-6211-8A01-000000001202},C:\Windows\System32\WindowsPowerShell\v1.0\powershell.exe,powershell.exe,6784,Microsoft Corporation,Windows PowerShell,10.0.14393.206 (rs1_release.160915-0644),caee994f79d85e47c06e5fa9cdeae453,PowerShell.EXE,Microsoft® Windows® Operating System,5644,,C:\Users\pat.risus\,"technique_id=T1086,technique_name=PowerShell",MAGNUMTEMPUS,S-1-5-18,pat.risus,0x6082d1
2022-02-19T20:17:01.000+0000,Process Create (rule: ProcessCreate),process,1,2022-02-19T20:17:00.586Z,Microsoft-Windows-Sysmon,127.0.0.1:8088,x86_64,rdp01,rdp01.magnumtempus.financial,sysmon,"C:\Windows\System32\WindowsPowerShell\v1.0\powershell.exe
-Version
5.1
-s
-NoLogo
-NoProfile","""C:\Windows\System32\WindowsPowerShell\v1.0\powershell.exe"" -Version 5.1 -s -NoLogo -NoProfile",{B59E2A9A-503B-6211-7302-000000001202},C:\Windows\System32\WindowsPowerShell\v1.0\powershell.exe,097ce5761c89434367598b34fe32893b,044a0cf1f6bc478a7172bf207eef1e201a18ba02,ba4038fd20e474c047be8aad5bfacdb1bfc1ddbe12f803f473b7918d8d819436,powershell.exe,C:\Windows\System32\WindowsPowerShell\v1.0\powershell.exe,"""C:\Windows\System32\WindowsPowerShell\v1.0\powershell.exe"" ",{B59E2A9A-4F1B-6211-8A01-000000001202},C:\Windows\System32\WindowsPowerShell\v1.0\powershell.exe,powershell.exe,6784,Microsoft Corporation,Windows PowerShell,10.0.14393.206 (rs1_release.160915-0644),caee994f79d85e47c06e5fa9cdeae453,PowerShell.EXE,Microsoft® Windows® Operating System,8624,,C:\Users\pat.risus\,"technique_id=T1086,technique_name=PowerShell",MAGNUMTEMPUS,S-1-5-18,pat.risus,0x6082d1
2022-02-19T20:17:00.000+0000,Process Create (rule: ProcessCreate),process,1,2022-02-19T20:16:59.509Z,Microsoft-Windows-Sysmon,127.0.0.1:8088,x86_64,rdp01,rdp01.magnumtempus.financial,sysmon,"C:\Windows\Microsoft.NET\Framework64\v4.0.30319\csc.exe
/noconfig
/fullpaths
@C:\Users\pat.risus\AppData\Local\Temp\3\blosm4ku.cmdline","""C:\Windows\Microsoft.NET\Framework64\v4.0.30319\csc.exe"" /noconfig /fullpaths @""C:\Users\pat.risus\AppData\Local\Temp\3\blosm4ku.cmdline""",{B59E2A9A-503B-6211-7102-000000001202},C:\Windows\Microsoft.NET\Framework64\v4.0.30319\csc.exe,23ee3d381cfe3b9f6229483e2ce2f9e1,93cf877f5627e55ec076a656e935042fac39950e,4240a12e0b246c9d69af1f697488fe7da1b497df20f4a6f95135b4d5fe180a57,csc.exe,"C:\Windows\System32\WindowsPowerShell\v1.0\powershell.exe
-Version
5.1
-s
-NoLogo
-NoProfile","""C:\Windows\System32\WindowsPowerShell\v1.0\powershell.exe"" -Version 5.1 -s -NoLogo -NoProfile",{B59E2A9A-502F-6211-3502-000000001202},C:\Windows\System32\WindowsPowerShell\v1.0\powershell.exe,powershell.exe,5268,Microsoft Corporation,Visual C# Command Line Compiler,4.8.3761.0 built by: NET48REL1,ee1e569ad02aa1f7aeca80ac0601d80d,csc.exe,Microsoft® .NET Framework,8632,,C:\Users\pat.risus\,"technique_id=T1086,technique_name=PowerShell",MAGNUMTEMPUS,S-1-5-18,pat.risus,0x6082d1
2022-02-19T20:17:00.000+0000,Process Create (rule: ProcessCreate),process,1,2022-02-19T20:16:59.507Z,Microsoft-Windows-Sysmon,127.0.0.1:8088,x86_64,rdp01,rdp01.magnumtempus.financial,sysmon,"C:\Windows\System32\WindowsPowerShell\v1.0\powershell.exe
-Version
5.1
-s
-NoLogo
-NoProfile","""C:\Windows\System32\WindowsPowerShell\v1.0\powershell.exe"" -Version 5.1 -s -NoLogo -NoProfile",{B59E2A9A-503A-6211-6F02-000000001202},C:\Windows\System32\WindowsPowerShell\v1.0\powershell.exe,097ce5761c89434367598b34fe32893b,044a0cf1f6bc478a7172bf207eef1e201a18ba02,ba4038fd20e474c047be8aad5bfacdb1bfc1ddbe12f803f473b7918d8d819436,powershell.exe,C:\Windows\System32\WindowsPowerShell\v1.0\powershell.exe,"""C:\Windows\System32\WindowsPowerShell\v1.0\powershell.exe"" ",{B59E2A9A-4F1B-6211-8A01-000000001202},C:\Windows\System32\WindowsPowerShell\v1.0\powershell.exe,powershell.exe,6784,Microsoft Corporation,Windows PowerShell,10.0.14393.206 (rs1_release.160915-0644),caee994f79d85e47c06e5fa9cdeae453,PowerShell.EXE,Microsoft® Windows® Operating System,8508,,C:\Users\pat.risus\,"technique_id=T1086,technique_name=PowerShell",MAGNUMTEMPUS,S-1-5-18,pat.risus,0x6082d1
2022-02-19T20:17:00.000+0000,Process Create (rule: ProcessCreate),process,1,2022-02-19T20:16:59.402Z,Microsoft-Windows-Sysmon,127.0.0.1:8088,x86_64,rdp01,rdp01.magnumtempus.financial,sysmon,"C:\Windows\System32\WindowsPowerShell\v1.0\powershell.exe
-Version
5.1
-s
-NoLogo
-NoProfile","""C:\Windows\System32\WindowsPowerShell\v1.0\powershell.exe"" -Version 5.1 -s -NoLogo -NoProfile",{B59E2A9A-5039-6211-6B02-000000001202},C:\Windows\System32\WindowsPowerShell\v1.0\powershell.exe,097ce5761c89434367598b34fe32893b,044a0cf1f6bc478a7172bf207eef1e201a18ba02,ba4038fd20e474c047be8aad5bfacdb1bfc1ddbe12f803f473b7918d8d819436,powershell.exe,C:\Windows\System32\WindowsPowerShell\v1.0\powershell.exe,"""C:\Windows\System32\WindowsPowerShell\v1.0\powershell.exe"" ",{B59E2A9A-4F1B-6211-8A01-000000001202},C:\Windows\System32\WindowsPowerShell\v1.0\powershell.exe,powershell.exe,6784,Microsoft Corporation,Windows PowerShell,10.0.14393.206 (rs1_release.160915-0644),caee994f79d85e47c06e5fa9cdeae453,PowerShell.EXE,Microsoft® Windows® Operating System,1448,,C:\Users\pat.risus\,"technique_id=T1086,technique_name=PowerShell",MAGNUMTEMPUS,S-1-5-18,pat.risus,0x6082d1
2022-02-19T20:16:59.000+0000,Process Create (rule: ProcessCreate),process,1,2022-02-19T20:16:59.113Z,Microsoft-Windows-Sysmon,127.0.0.1:8088,x86_64,rdp01,rdp01.magnumtempus.financial,sysmon,"C:\Windows\System32\WindowsPowerShell\v1.0\powershell.exe
-Version
5.1
-s
-NoLogo
-NoProfile","""C:\Windows\System32\WindowsPowerShell\v1.0\powershell.exe"" -Version 5.1 -s -NoLogo -NoProfile",{B59E2A9A-5038-6211-5F02-000000001202},C:\Windows\System32\WindowsPowerShell\v1.0\powershell.exe,097ce5761c89434367598b34fe32893b,044a0cf1f6bc478a7172bf207eef1e201a18ba02,ba4038fd20e474c047be8aad5bfacdb1bfc1ddbe12f803f473b7918d8d819436,powershell.exe,C:\Windows\System32\WindowsPowerShell\v1.0\powershell.exe,"""C:\Windows\System32\WindowsPowerShell\v1.0\powershell.exe"" ",{B59E2A9A-4F1B-6211-8A01-000000001202},C:\Windows\System32\WindowsPowerShell\v1.0\powershell.exe,powershell.exe,6784,Microsoft Corporation,Windows PowerShell,10.0.14393.206 (rs1_release.160915-0644),caee994f79d85e47c06e5fa9cdeae453,PowerShell.EXE,Microsoft® Windows® Operating System,9132,,C:\Users\pat.risus\,"technique_id=T1086,technique_name=PowerShell",MAGNUMTEMPUS,S-1-5-18,pat.risus,0x6082d1
2022-02-19T20:16:59.000+0000,Process Create (rule: ProcessCreate),process,1,2022-02-19T20:16:59.112Z,Microsoft-Windows-Sysmon,127.0.0.1:8088,x86_64,rdp01,rdp01.magnumtempus.financial,sysmon,"C:\Windows\Microsoft.NET\Framework64\v4.0.30319\csc.exe
/noconfig
/fullpaths
@C:\Users\pat.risus\AppData\Local\Temp\3\pen0ix1k.cmdline","""C:\Windows\Microsoft.NET\Framework64\v4.0.30319\csc.exe"" /noconfig /fullpaths @""C:\Users\pat.risus\AppData\Local\Temp\3\pen0ix1k.cmdline""",{B59E2A9A-5037-6211-5A02-000000001202},C:\Windows\Microsoft.NET\Framework64\v4.0.30319\csc.exe,23ee3d381cfe3b9f6229483e2ce2f9e1,93cf877f5627e55ec076a656e935042fac39950e,4240a12e0b246c9d69af1f697488fe7da1b497df20f4a6f95135b4d5fe180a57,csc.exe,"C:\Windows\System32\WindowsPowerShell\v1.0\powershell.exe
-Version
5.1
-s
-NoLogo
-NoProfile","""C:\Windows\System32\WindowsPowerShell\v1.0\powershell.exe"" -Version 5.1 -s -NoLogo -NoProfile",{B59E2A9A-5027-6211-2D02-000000001202},C:\Windows\System32\WindowsPowerShell\v1.0\powershell.exe,powershell.exe,5360,Microsoft Corporation,Visual C# Command Line Compiler,4.8.3761.0 built by: NET48REL1,ee1e569ad02aa1f7aeca80ac0601d80d,csc.exe,Microsoft® .NET Framework,9048,,C:\Users\pat.risus\,"technique_id=T1086,technique_name=PowerShell",MAGNUMTEMPUS,S-1-5-18,pat.risus,0x6082d1
2022-02-19T20:16:59.000+0000,Process Create (rule: ProcessCreate),process,1,2022-02-19T20:16:59.111Z,Microsoft-Windows-Sysmon,127.0.0.1:8088,x86_64,rdp01,rdp01.magnumtempus.financial,sysmon,"C:\Windows\Microsoft.NET\Framework64\v4.0.30319\csc.exe
/noconfig
/fullpaths
@C:\Users\pat.risus\AppData\Local\Temp\3\mtpybesp.cmdline","""C:\Windows\Microsoft.NET\Framework64\v4.0.30319\csc.exe"" /noconfig /fullpaths @""C:\Users\pat.risus\AppData\Local\Temp\3\mtpybesp.cmdline""",{B59E2A9A-5037-6211-5602-000000001202},C:\Windows\Microsoft.NET\Framework64\v4.0.30319\csc.exe,23ee3d381cfe3b9f6229483e2ce2f9e1,93cf877f5627e55ec076a656e935042fac39950e,4240a12e0b246c9d69af1f697488fe7da1b497df20f4a6f95135b4d5fe180a57,csc.exe,"C:\Windows\System32\WindowsPowerShell\v1.0\powershell.exe
-Version
5.1
-s
-NoLogo
-NoProfile","""C:\Windows\System32\WindowsPowerShell\v1.0\powershell.exe"" -Version 5.1 -s -NoLogo -NoProfile",{B59E2A9A-4FFB-6211-0702-000000001202},C:\Windows\System32\WindowsPowerShell\v1.0\powershell.exe,powershell.exe,5456,Microsoft Corporation,Visual C# Command Line Compiler,4.8.3761.0 built by: NET48REL1,ee1e569ad02aa1f7aeca80ac0601d80d,csc.exe,Microsoft® .NET Framework,8996,,C:\Users\pat.risus\,"technique_id=T1086,technique_name=PowerShell",MAGNUMTEMPUS,S-1-5-18,pat.risus,0x6082d1
2022-02-19T20:16:59.000+0000,Process Create (rule: ProcessCreate),process,1,2022-02-19T20:16:59.112Z,Microsoft-Windows-Sysmon,127.0.0.1:8088,x86_64,rdp01,rdp01.magnumtempus.financial,sysmon,"C:\Windows\Microsoft.NET\Framework64\v4.0.30319\csc.exe
/noconfig
/fullpaths
@C:\Users\pat.risus\AppData\Local\Temp\3\su0kor0e.cmdline","""C:\Windows\Microsoft.NET\Framework64\v4.0.30319\csc.exe"" /noconfig /fullpaths @""C:\Users\pat.risus\AppData\Local\Temp\3\su0kor0e.cmdline""",{B59E2A9A-5038-6211-5C02-000000001202},C:\Windows\Microsoft.NET\Framework64\v4.0.30319\csc.exe,23ee3d381cfe3b9f6229483e2ce2f9e1,93cf877f5627e55ec076a656e935042fac39950e,4240a12e0b246c9d69af1f697488fe7da1b497df20f4a6f95135b4d5fe180a57,csc.exe,"C:\Windows\System32\WindowsPowerShell\v1.0\powershell.exe
-Version
5.1
-s
-NoLogo
-NoProfile","""C:\Windows\System32\WindowsPowerShell\v1.0\powershell.exe"" -Version 5.1 -s -NoLogo -NoProfile",{B59E2A9A-4FFA-6211-0302-000000001202},C:\Windows\System32\WindowsPowerShell\v1.0\powershell.exe,powershell.exe,5960,Microsoft Corporation,Visual C# Command Line Compiler,4.8.3761.0 built by: NET48REL1,ee1e569ad02aa1f7aeca80ac0601d80d,csc.exe,Microsoft® .NET Framework,9080,,C:\Users\pat.risus\,"technique_id=T1086,technique_name=PowerShell",MAGNUMTEMPUS,S-1-5-18,pat.risus,0x6082d1
2022-02-19T20:16:59.000+0000,Process Create (rule: ProcessCreate),process,1,2022-02-19T20:16:59.111Z,Microsoft-Windows-Sysmon,127.0.0.1:8088,x86_64,rdp01,rdp01.magnumtempus.financial,sysmon,"C:\Windows\Microsoft.NET\Framework64\v4.0.30319\csc.exe
/noconfig
/fullpaths
@C:\Users\pat.risus\AppData\Local\Temp\3\vu5ftvjf.cmdline","""C:\Windows\Microsoft.NET\Framework64\v4.0.30319\csc.exe"" /noconfig /fullpaths @""C:\Users\pat.risus\AppData\Local\Temp\3\vu5ftvjf.cmdline""",{B59E2A9A-5037-6211-5302-000000001202},C:\Windows\Microsoft.NET\Framework64\v4.0.30319\csc.exe,23ee3d381cfe3b9f6229483e2ce2f9e1,93cf877f5627e55ec076a656e935042fac39950e,4240a12e0b246c9d69af1f697488fe7da1b497df20f4a6f95135b4d5fe180a57,csc.exe,"C:\Windows\System32\WindowsPowerShell\v1.0\powershell.exe
-Version
5.1
-s
-NoLogo
-NoProfile","""C:\Windows\System32\WindowsPowerShell\v1.0\powershell.exe"" -Version 5.1 -s -NoLogo -NoProfile",{B59E2A9A-4FFC-6211-0F02-000000001202},C:\Windows\System32\WindowsPowerShell\v1.0\powershell.exe,powershell.exe,8168,Microsoft Corporation,Visual C# Command Line Compiler,4.8.3761.0 built by: NET48REL1,ee1e569ad02aa1f7aeca80ac0601d80d,csc.exe,Microsoft® .NET Framework,8968,,C:\Users\pat.risus\,"technique_id=T1086,technique_name=PowerShell",MAGNUMTEMPUS,S-1-5-18,pat.risus,0x6082d1
2022-02-19T20:16:59.000+0000,Process Create (rule: ProcessCreate),process,1,2022-02-19T20:16:59.109Z,Microsoft-Windows-Sysmon,127.0.0.1:8088,x86_64,rdp01,rdp01.magnumtempus.financial,sysmon,"C:\Windows\Microsoft.NET\Framework64\v4.0.30319\csc.exe
/noconfig
/fullpaths
@C:\Users\pat.risus\AppData\Local\Temp\3\v2qi2ayi.cmdline","""C:\Windows\Microsoft.NET\Framework64\v4.0.30319\csc.exe"" /noconfig /fullpaths @""C:\Users\pat.risus\AppData\Local\Temp\3\v2qi2ayi.cmdline""",{B59E2A9A-5036-6211-4D02-000000001202},C:\Windows\Microsoft.NET\Framework64\v4.0.30319\csc.exe,23ee3d381cfe3b9f6229483e2ce2f9e1,93cf877f5627e55ec076a656e935042fac39950e,4240a12e0b246c9d69af1f697488fe7da1b497df20f4a6f95135b4d5fe180a57,csc.exe,"C:\Windows\System32\WindowsPowerShell\v1.0\powershell.exe
-Version
5.1
-s
-NoLogo
-NoProfile","""C:\Windows\System32\WindowsPowerShell\v1.0\powershell.exe"" -Version 5.1 -s -NoLogo -NoProfile",{B59E2A9A-5028-6211-3102-000000001202},C:\Windows\System32\WindowsPowerShell\v1.0\powershell.exe,powershell.exe,7428,Microsoft Corporation,Visual C# Command Line Compiler,4.8.3761.0 built by: NET48REL1,ee1e569ad02aa1f7aeca80ac0601d80d,csc.exe,Microsoft® .NET Framework,8864,,C:\Users\pat.risus\,"technique_id=T1086,technique_name=PowerShell",MAGNUMTEMPUS,S-1-5-18,pat.risus,0x6082d1
