2022-02-19T20:18:19.000+0000,Process Create (rule: ProcessCreate),process,1,2022-02-19T20:18:18.905Z,Microsoft-Windows-Sysmon,127.0.0.1:8088,x86_64,rdp01,rdp01.magnumtempus.financial,sysmon,"C:\Windows\Microsoft.NET\Framework64\v4.0.30319\csc.exe
/noconfig
/fullpaths
@C:\Users\pat.risus\AppData\Local\Temp\3\4qysf3ox.cmdline","""C:\Windows\Microsoft.NET\Framework64\v4.0.30319\csc.exe"" /noconfig /fullpaths @""C:\Users\pat.risus\AppData\Local\Temp\3\4qysf3ox.cmdline""",{B59E2A9A-5088-6211-8F04-000000001202},C:\Windows\Microsoft.NET\Framework64\v4.0.30319\csc.exe,23ee3d381cfe3b9f6229483e2ce2f9e1,93cf877f5627e55ec076a656e935042fac39950e,4240a12e0b246c9d69af1f697488fe7da1b497df20f4a6f95135b4d5fe180a57,csc.exe,"C:\Windows\System32\WindowsPowerShell\v1.0\powershell.exe
-Version
5.1
-s
-NoLogo
-NoProfile","""C:\Windows\System32\WindowsPowerShell\v1.0\powershell.exe"" -Version 5.1 -s -NoLogo -NoProfile",{B59E2A9A-5083-6211-5E04-000000001202},C:\Windows\System32\WindowsPowerShell\v1.0\powershell.exe,powershell.exe,8048,Microsoft Corporation,Visual C# Command Line Compiler,4.8.3761.0 built by: NET48REL1,ee1e569ad02aa1f7aeca80ac0601d80d,csc.exe,Microsoft® .NET Framework,9160,,C:\Users\pat.risus\,"technique_id=T1086,technique_name=PowerShell",MAGNUMTEMPUS,S-1-5-18,pat.risus,0x6082d1
2022-02-19T20:18:19.000+0000,Process Create (rule: ProcessCreate),process,1,2022-02-19T20:18:18.907Z,Microsoft-Windows-Sysmon,127.0.0.1:8088,x86_64,rdp01,rdp01.magnumtempus.financial,sysmon,"C:\Windows\Microsoft.NET\Framework64\v4.0.30319\csc.exe
/noconfig
/fullpaths
@C:\Users\pat.risus\AppData\Local\Temp\3\sbkopzhp.cmdline","""C:\Windows\Microsoft.NET\Framework64\v4.0.30319\csc.exe"" /noconfig /fullpaths @""C:\Users\pat.risus\AppData\Local\Temp\3\sbkopzhp.cmdline""",{B59E2A9A-5089-6211-9204-000000001202},C:\Windows\Microsoft.NET\Framework64\v4.0.30319\csc.exe,23ee3d381cfe3b9f6229483e2ce2f9e1,93cf877f5627e55ec076a656e935042fac39950e,4240a12e0b246c9d69af1f697488fe7da1b497df20f4a6f95135b4d5fe180a57,csc.exe,"C:\Windows\System32\WindowsPowerShell\v1.0\powershell.exe
-Version
5.1
-s
-NoLogo
-NoProfile","""C:\Windows\System32\WindowsPowerShell\v1.0\powershell.exe"" -Version 5.1 -s -NoLogo -NoProfile",{B59E2A9A-5083-6211-6404-000000001202},C:\Windows\System32\WindowsPowerShell\v1.0\powershell.exe,powershell.exe,8312,Microsoft Corporation,Visual C# Command Line Compiler,4.8.3761.0 built by: NET48REL1,ee1e569ad02aa1f7aeca80ac0601d80d,csc.exe,Microsoft® .NET Framework,7036,,C:\Users\pat.risus\,"technique_id=T1086,technique_name=PowerShell",MAGNUMTEMPUS,S-1-5-18,pat.risus,0x6082d1
2022-02-19T20:18:18.000+0000,Process Create (rule: ProcessCreate),process,1,2022-02-19T20:18:17.629Z,Microsoft-Windows-Sysmon,127.0.0.1:8088,x86_64,rdp01,rdp01.magnumtempus.financial,sysmon,"C:\Windows\Microsoft.NET\Framework64\v4.0.30319\csc.exe
/noconfig
/fullpaths
@C:\Users\pat.risus\AppData\Local\Temp\3\syuqcgir.cmdline","""C:\Windows\Microsoft.NET\Framework64\v4.0.30319\csc.exe"" /noconfig /fullpaths @""C:\Users\pat.risus\AppData\Local\Temp\3\syuqcgir.cmdline""",{B59E2A9A-5088-6211-8C04-000000001202},C:\Windows\Microsoft.NET\Framework64\v4.0.30319\csc.exe,23ee3d381cfe3b9f6229483e2ce2f9e1,93cf877f5627e55ec076a656e935042fac39950e,4240a12e0b246c9d69af1f697488fe7da1b497df20f4a6f95135b4d5fe180a57,csc.exe,"C:\Windows\System32\WindowsPowerShell\v1.0\powershell.exe
-Version
5.1
-s
-NoLogo
-NoProfile","""C:\Windows\System32\WindowsPowerShell\v1.0\powershell.exe"" -Version 5.1 -s -NoLogo -NoProfile",{B59E2A9A-5082-6211-5A04-000000001202},C:\Windows\System32\WindowsPowerShell\v1.0\powershell.exe,powershell.exe,8720,Microsoft Corporation,Visual C# Command Line Compiler,4.8.3761.0 built by: NET48REL1,ee1e569ad02aa1f7aeca80ac0601d80d,csc.exe,Microsoft® .NET Framework,8768,,C:\Users\pat.risus\,"technique_id=T1086,technique_name=PowerShell",MAGNUMTEMPUS,S-1-5-18,pat.risus,0x6082d1
2022-02-19T20:18:18.000+0000,Process Create (rule: ProcessCreate),process,1,2022-02-19T20:18:17.629Z,Microsoft-Windows-Sysmon,127.0.0.1:8088,x86_64,rdp01,rdp01.magnumtempus.financial,sysmon,"C:\Windows\System32\WindowsPowerShell\v1.0\powershell.exe
-Version
5.1
-s
-NoLogo
-NoProfile","""C:\Windows\System32\WindowsPowerShell\v1.0\powershell.exe"" -Version 5.1 -s -NoLogo -NoProfile",{B59E2A9A-5088-6211-8A04-000000001202},C:\Windows\System32\WindowsPowerShell\v1.0\powershell.exe,097ce5761c89434367598b34fe32893b,044a0cf1f6bc478a7172bf207eef1e201a18ba02,ba4038fd20e474c047be8aad5bfacdb1bfc1ddbe12f803f473b7918d8d819436,powershell.exe,C:\Windows\System32\WindowsPowerShell\v1.0\powershell.exe,"""C:\Windows\System32\WindowsPowerShell\v1.0\powershell.exe"" ",{B59E2A9A-4F1B-6211-8A01-000000001202},C:\Windows\System32\WindowsPowerShell\v1.0\powershell.exe,powershell.exe,6784,Microsoft Corporation,Windows PowerShell,10.0.14393.206 (rs1_release.160915-0644),caee994f79d85e47c06e5fa9cdeae453,PowerShell.EXE,Microsoft® Windows® Operating System,7068,,C:\Users\pat.risus\,"technique_id=T1086,technique_name=PowerShell",MAGNUMTEMPUS,S-1-5-18,pat.risus,0x6082d1
2022-02-19T20:18:18.000+0000,Process Create (rule: ProcessCreate),process,1,2022-02-19T20:18:17.627Z,Microsoft-Windows-Sysmon,127.0.0.1:8088,x86_64,rdp01,rdp01.magnumtempus.financial,sysmon,"C:\Windows\Microsoft.NET\Framework64\v4.0.30319\csc.exe
/noconfig
/fullpaths
@C:\Users\pat.risus\AppData\Local\Temp\3\xdld3kwr.cmdline","""C:\Windows\Microsoft.NET\Framework64\v4.0.30319\csc.exe"" /noconfig /fullpaths @""C:\Users\pat.risus\AppData\Local\Temp\3\xdld3kwr.cmdline""",{B59E2A9A-5087-6211-8804-000000001202},C:\Windows\Microsoft.NET\Framework64\v4.0.30319\csc.exe,23ee3d381cfe3b9f6229483e2ce2f9e1,93cf877f5627e55ec076a656e935042fac39950e,4240a12e0b246c9d69af1f697488fe7da1b497df20f4a6f95135b4d5fe180a57,csc.exe,"C:\Windows\System32\WindowsPowerShell\v1.0\powershell.exe
-Version
5.1
-s
-NoLogo
-NoProfile","""C:\Windows\System32\WindowsPowerShell\v1.0\powershell.exe"" -Version 5.1 -s -NoLogo -NoProfile",{B59E2A9A-5082-6211-5604-000000001202},C:\Windows\System32\WindowsPowerShell\v1.0\powershell.exe,powershell.exe,6188,Microsoft Corporation,Visual C# Command Line Compiler,4.8.3761.0 built by: NET48REL1,ee1e569ad02aa1f7aeca80ac0601d80d,csc.exe,Microsoft® .NET Framework,8100,,C:\Users\pat.risus\,"technique_id=T1086,technique_name=PowerShell",MAGNUMTEMPUS,S-1-5-18,pat.risus,0x6082d1
2022-02-19T20:18:18.000+0000,Process Create (rule: ProcessCreate),process,1,2022-02-19T20:18:17.626Z,Microsoft-Windows-Sysmon,127.0.0.1:8088,x86_64,rdp01,rdp01.magnumtempus.financial,sysmon,"C:\Windows\System32\WindowsPowerShell\v1.0\powershell.exe
-Version
5.1
-s
-NoLogo
-NoProfile","""C:\Windows\System32\WindowsPowerShell\v1.0\powershell.exe"" -Version 5.1 -s -NoLogo -NoProfile",{B59E2A9A-5087-6211-8604-000000001202},C:\Windows\System32\WindowsPowerShell\v1.0\powershell.exe,097ce5761c89434367598b34fe32893b,044a0cf1f6bc478a7172bf207eef1e201a18ba02,ba4038fd20e474c047be8aad5bfacdb1bfc1ddbe12f803f473b7918d8d819436,powershell.exe,C:\Windows\System32\WindowsPowerShell\v1.0\powershell.exe,"""C:\Windows\System32\WindowsPowerShell\v1.0\powershell.exe"" ",{B59E2A9A-4F1B-6211-8A01-000000001202},C:\Windows\System32\WindowsPowerShell\v1.0\powershell.exe,powershell.exe,6784,Microsoft Corporation,Windows PowerShell,10.0.14393.206 (rs1_release.160915-0644),caee994f79d85e47c06e5fa9cdeae453,PowerShell.EXE,Microsoft® Windows® Operating System,6196,,C:\Users\pat.risus\,"technique_id=T1086,technique_name=PowerShell",MAGNUMTEMPUS,S-1-5-18,pat.risus,0x6082d1
2022-02-19T20:18:18.000+0000,Process Create (rule: ProcessCreate),process,1,2022-02-19T20:18:16.879Z,Microsoft-Windows-Sysmon,127.0.0.1:8088,x86_64,rdp01,rdp01.magnumtempus.financial,sysmon,"C:\Windows\Microsoft.NET\Framework64\v4.0.30319\csc.exe
/noconfig
/fullpaths
@C:\Users\pat.risus\AppData\Local\Temp\3\fjqjkvlb.cmdline","""C:\Windows\Microsoft.NET\Framework64\v4.0.30319\csc.exe"" /noconfig /fullpaths @""C:\Users\pat.risus\AppData\Local\Temp\3\fjqjkvlb.cmdline""",{B59E2A9A-5087-6211-8404-000000001202},C:\Windows\Microsoft.NET\Framework64\v4.0.30319\csc.exe,23ee3d381cfe3b9f6229483e2ce2f9e1,93cf877f5627e55ec076a656e935042fac39950e,4240a12e0b246c9d69af1f697488fe7da1b497df20f4a6f95135b4d5fe180a57,csc.exe,"C:\Windows\System32\WindowsPowerShell\v1.0\powershell.exe
-Version
5.1
-s
-NoLogo
-NoProfile","""C:\Windows\System32\WindowsPowerShell\v1.0\powershell.exe"" -Version 5.1 -s -NoLogo -NoProfile",{B59E2A9A-5081-6211-5404-000000001202},C:\Windows\System32\WindowsPowerShell\v1.0\powershell.exe,powershell.exe,8552,Microsoft Corporation,Visual C# Command Line Compiler,4.8.3761.0 built by: NET48REL1,ee1e569ad02aa1f7aeca80ac0601d80d,csc.exe,Microsoft® .NET Framework,5336,,C:\Users\pat.risus\,"technique_id=T1086,technique_name=PowerShell",MAGNUMTEMPUS,S-1-5-18,pat.risus,0x6082d1
2022-02-19T20:18:18.000+0000,Process Create (rule: ProcessCreate),process,1,2022-02-19T20:18:16.878Z,Microsoft-Windows-Sysmon,127.0.0.1:8088,x86_64,rdp01,rdp01.magnumtempus.financial,sysmon,"C:\Windows\System32\WindowsPowerShell\v1.0\powershell.exe
-Version
5.1
-s
-NoLogo
-NoProfile","""C:\Windows\System32\WindowsPowerShell\v1.0\powershell.exe"" -Version 5.1 -s -NoLogo -NoProfile",{B59E2A9A-5087-6211-8204-000000001202},C:\Windows\System32\WindowsPowerShell\v1.0\powershell.exe,097ce5761c89434367598b34fe32893b,044a0cf1f6bc478a7172bf207eef1e201a18ba02,ba4038fd20e474c047be8aad5bfacdb1bfc1ddbe12f803f473b7918d8d819436,powershell.exe,C:\Windows\System32\WindowsPowerShell\v1.0\powershell.exe,"""C:\Windows\System32\WindowsPowerShell\v1.0\powershell.exe"" ",{B59E2A9A-4F1B-6211-8A01-000000001202},C:\Windows\System32\WindowsPowerShell\v1.0\powershell.exe,powershell.exe,6784,Microsoft Corporation,Windows PowerShell,10.0.14393.206 (rs1_release.160915-0644),caee994f79d85e47c06e5fa9cdeae453,PowerShell.EXE,Microsoft® Windows® Operating System,3124,,C:\Users\pat.risus\,"technique_id=T1086,technique_name=PowerShell",MAGNUMTEMPUS,S-1-5-18,pat.risus,0x6082d1
2022-02-19T20:18:18.000+0000,Process Create (rule: ProcessCreate),process,1,2022-02-19T20:18:16.877Z,Microsoft-Windows-Sysmon,127.0.0.1:8088,x86_64,rdp01,rdp01.magnumtempus.financial,sysmon,"C:\Windows\Microsoft.NET\Framework64\v4.0.30319\csc.exe
/noconfig
/fullpaths
@C:\Users\pat.risus\AppData\Local\Temp\3\trgbxfy0.cmdline","""C:\Windows\Microsoft.NET\Framework64\v4.0.30319\csc.exe"" /noconfig /fullpaths @""C:\Users\pat.risus\AppData\Local\Temp\3\trgbxfy0.cmdline""",{B59E2A9A-5086-6211-8004-000000001202},C:\Windows\Microsoft.NET\Framework64\v4.0.30319\csc.exe,23ee3d381cfe3b9f6229483e2ce2f9e1,93cf877f5627e55ec076a656e935042fac39950e,4240a12e0b246c9d69af1f697488fe7da1b497df20f4a6f95135b4d5fe180a57,csc.exe,"C:\Windows\System32\WindowsPowerShell\v1.0\powershell.exe
-Version
5.1
-s
-NoLogo
-NoProfile","""C:\Windows\System32\WindowsPowerShell\v1.0\powershell.exe"" -Version 5.1 -s -NoLogo -NoProfile",{B59E2A9A-5081-6211-5204-000000001202},C:\Windows\System32\WindowsPowerShell\v1.0\powershell.exe,powershell.exe,5672,Microsoft Corporation,Visual C# Command Line Compiler,4.8.3761.0 built by: NET48REL1,ee1e569ad02aa1f7aeca80ac0601d80d,csc.exe,Microsoft® .NET Framework,4252,,C:\Users\pat.risus\,"technique_id=T1086,technique_name=PowerShell",MAGNUMTEMPUS,S-1-5-18,pat.risus,0x6082d1
2022-02-19T20:18:15.000+0000,Process Create (rule: ProcessCreate),process,1,2022-02-19T20:18:15.360Z,Microsoft-Windows-Sysmon,127.0.0.1:8088,x86_64,rdp01,rdp01.magnumtempus.financial,sysmon,"C:\Windows\Microsoft.NET\Framework64\v4.0.30319\csc.exe
/noconfig
/fullpaths
@C:\Users\pat.risus\AppData\Local\Temp\3\uvzn4cm0.cmdline","""C:\Windows\Microsoft.NET\Framework64\v4.0.30319\csc.exe"" /noconfig /fullpaths @""C:\Users\pat.risus\AppData\Local\Temp\3\uvzn4cm0.cmdline""",{B59E2A9A-5086-6211-7D04-000000001202},C:\Windows\Microsoft.NET\Framework64\v4.0.30319\csc.exe,23ee3d381cfe3b9f6229483e2ce2f9e1,93cf877f5627e55ec076a656e935042fac39950e,4240a12e0b246c9d69af1f697488fe7da1b497df20f4a6f95135b4d5fe180a57,csc.exe,"C:\Windows\System32\WindowsPowerShell\v1.0\powershell.exe
-Version
5.1
-s
-NoLogo
-NoProfile","""C:\Windows\System32\WindowsPowerShell\v1.0\powershell.exe"" -Version 5.1 -s -NoLogo -NoProfile",{B59E2A9A-5081-6211-5004-000000001202},C:\Windows\System32\WindowsPowerShell\v1.0\powershell.exe,powershell.exe,9116,Microsoft Corporation,Visual C# Command Line Compiler,4.8.3761.0 built by: NET48REL1,ee1e569ad02aa1f7aeca80ac0601d80d,csc.exe,Microsoft® .NET Framework,5800,,C:\Users\pat.risus\,"technique_id=T1086,technique_name=PowerShell",MAGNUMTEMPUS,S-1-5-18,pat.risus,0x6082d1
2022-02-19T20:18:15.000+0000,Process Create (rule: ProcessCreate),process,1,2022-02-19T20:18:15.360Z,Microsoft-Windows-Sysmon,127.0.0.1:8088,x86_64,rdp01,rdp01.magnumtempus.financial,sysmon,"C:\Windows\Microsoft.NET\Framework64\v4.0.30319\cvtres.exe
/NOLOGO
/READONLY
/MACHINE:IX86
/OUT:C:\Users\PAT~1.RIS\AppData\Local\Temp\3\RES83C4.tmp
c:\Users\pat.risus\AppData\Local\Temp\3\CSCBDB0D261E0D14769BAFF5E8315E895D.TMP","C:\Windows\Microsoft.NET\Framework64\v4.0.30319\cvtres.exe /NOLOGO /READONLY /MACHINE:IX86 ""/OUT:C:\Users\PAT~1.RIS\AppData\Local\Temp\3\RES83C4.tmp"" ""c:\Users\pat.risus\AppData\Local\Temp\3\CSCBDB0D261E0D14769BAFF5E8315E895D.TMP""",{B59E2A9A-5086-6211-7904-000000001202},C:\Windows\Microsoft.NET\Framework64\v4.0.30319\cvtres.exe,c877cbb966ea5939aa2a17b6a5160950,2a3249732f5aa4588a4a9895ffe217355041d663,1fe531eac592b480aa4bd16052b909c3431434f17e7ae163d248355558ce43a6,cvtres.exe,"C:\Windows\Microsoft.NET\Framework64\v4.0.30319\csc.exe
/noconfig
/fullpaths
@C:\Users\pat.risus\AppData\Local\Temp\3\0kafajd1.cmdline","""C:\Windows\Microsoft.NET\Framework64\v4.0.30319\csc.exe"" /noconfig /fullpaths @""C:\Users\pat.risus\AppData\Local\Temp\3\0kafajd1.cmdline""",{B59E2A9A-5085-6211-7604-000000001202},C:\Windows\Microsoft.NET\Framework64\v4.0.30319\csc.exe,csc.exe,3300,Microsoft Corporation,Microsoft® Resource File To COFF Object Conversion Utility,14.10.25028.0 built by: VCTOOLSD15RTM,55d76ade7ffea0f41ff2b55505c2b362,CVTRES.EXE,Microsoft® .NET Framework,8796,,C:\Users\pat.risus\,"technique_id=T1218,technique_name=Signed Binary Proxy Execution",MAGNUMTEMPUS,S-1-5-18,pat.risus,0x6082d1
2022-02-19T20:18:15.000+0000,Process Create (rule: ProcessCreate),process,1,2022-02-19T20:18:15.241Z,Microsoft-Windows-Sysmon,127.0.0.1:8088,x86_64,rdp01,rdp01.magnumtempus.financial,sysmon,"C:\Windows\System32\WindowsPowerShell\v1.0\powershell.exe
-Version
5.1
-s
-NoLogo
-NoProfile","""C:\Windows\System32\WindowsPowerShell\v1.0\powershell.exe"" -Version 5.1 -s -NoLogo -NoProfile",{B59E2A9A-5085-6211-7304-000000001202},C:\Windows\System32\WindowsPowerShell\v1.0\powershell.exe,097ce5761c89434367598b34fe32893b,044a0cf1f6bc478a7172bf207eef1e201a18ba02,ba4038fd20e474c047be8aad5bfacdb1bfc1ddbe12f803f473b7918d8d819436,powershell.exe,C:\Windows\System32\WindowsPowerShell\v1.0\powershell.exe,"""C:\Windows\System32\WindowsPowerShell\v1.0\powershell.exe"" ",{B59E2A9A-4F1B-6211-8A01-000000001202},C:\Windows\System32\WindowsPowerShell\v1.0\powershell.exe,powershell.exe,6784,Microsoft Corporation,Windows PowerShell,10.0.14393.206 (rs1_release.160915-0644),caee994f79d85e47c06e5fa9cdeae453,PowerShell.EXE,Microsoft® Windows® Operating System,576,,C:\Users\pat.risus\,"technique_id=T1086,technique_name=PowerShell",MAGNUMTEMPUS,S-1-5-18,pat.risus,0x6082d1
2022-02-19T20:18:15.000+0000,Process Create (rule: ProcessCreate),process,1,2022-02-19T20:18:15.236Z,Microsoft-Windows-Sysmon,127.0.0.1:8088,x86_64,rdp01,rdp01.magnumtempus.financial,sysmon,"C:\Windows\Microsoft.NET\Framework64\v4.0.30319\csc.exe
/noconfig
/fullpaths
@C:\Users\pat.risus\AppData\Local\Temp\3\eo4qkcgy.cmdline","""C:\Windows\Microsoft.NET\Framework64\v4.0.30319\csc.exe"" /noconfig /fullpaths @""C:\Users\pat.risus\AppData\Local\Temp\3\eo4qkcgy.cmdline""",{B59E2A9A-5084-6211-6E04-000000001202},C:\Windows\Microsoft.NET\Framework64\v4.0.30319\csc.exe,23ee3d381cfe3b9f6229483e2ce2f9e1,93cf877f5627e55ec076a656e935042fac39950e,4240a12e0b246c9d69af1f697488fe7da1b497df20f4a6f95135b4d5fe180a57,csc.exe,"C:\Windows\System32\WindowsPowerShell\v1.0\powershell.exe
-Version
5.1
-s
-NoLogo
-NoProfile","""C:\Windows\System32\WindowsPowerShell\v1.0\powershell.exe"" -Version 5.1 -s -NoLogo -NoProfile",{B59E2A9A-507F-6211-4404-000000001202},C:\Windows\System32\WindowsPowerShell\v1.0\powershell.exe,powershell.exe,8688,Microsoft Corporation,Visual C# Command Line Compiler,4.8.3761.0 built by: NET48REL1,ee1e569ad02aa1f7aeca80ac0601d80d,csc.exe,Microsoft® .NET Framework,6932,,C:\Users\pat.risus\,"technique_id=T1086,technique_name=PowerShell",MAGNUMTEMPUS,S-1-5-18,pat.risus,0x6082d1
2022-02-19T20:18:15.000+0000,Process Create (rule: ProcessCreate),process,1,2022-02-19T20:18:15.360Z,Microsoft-Windows-Sysmon,127.0.0.1:8088,x86_64,rdp01,rdp01.magnumtempus.financial,sysmon,"C:\Windows\System32\WindowsPowerShell\v1.0\powershell.exe
-Version
5.1
-s
-NoLogo
-NoProfile","""C:\Windows\System32\WindowsPowerShell\v1.0\powershell.exe"" -Version 5.1 -s -NoLogo -NoProfile",{B59E2A9A-5086-6211-7A04-000000001202},C:\Windows\System32\WindowsPowerShell\v1.0\powershell.exe,097ce5761c89434367598b34fe32893b,044a0cf1f6bc478a7172bf207eef1e201a18ba02,ba4038fd20e474c047be8aad5bfacdb1bfc1ddbe12f803f473b7918d8d819436,powershell.exe,C:\Windows\System32\WindowsPowerShell\v1.0\powershell.exe,"""C:\Windows\System32\WindowsPowerShell\v1.0\powershell.exe"" ",{B59E2A9A-4F1B-6211-8A01-000000001202},C:\Windows\System32\WindowsPowerShell\v1.0\powershell.exe,powershell.exe,6784,Microsoft Corporation,Windows PowerShell,10.0.14393.206 (rs1_release.160915-0644),caee994f79d85e47c06e5fa9cdeae453,PowerShell.EXE,Microsoft® Windows® Operating System,8716,,C:\Users\pat.risus\,"technique_id=T1086,technique_name=PowerShell",MAGNUMTEMPUS,S-1-5-18,pat.risus,0x6082d1
2022-02-19T20:18:15.000+0000,Process Create (rule: ProcessCreate),process,1,2022-02-19T20:18:15.360Z,Microsoft-Windows-Sysmon,127.0.0.1:8088,x86_64,rdp01,rdp01.magnumtempus.financial,sysmon,"C:\Windows\Microsoft.NET\Framework64\v4.0.30319\csc.exe
/noconfig
/fullpaths
@C:\Users\pat.risus\AppData\Local\Temp\3\xah0ur2a.cmdline","""C:\Windows\Microsoft.NET\Framework64\v4.0.30319\csc.exe"" /noconfig /fullpaths @""C:\Users\pat.risus\AppData\Local\Temp\3\xah0ur2a.cmdline""",{B59E2A9A-5086-6211-7C04-000000001202},C:\Windows\Microsoft.NET\Framework64\v4.0.30319\csc.exe,23ee3d381cfe3b9f6229483e2ce2f9e1,93cf877f5627e55ec076a656e935042fac39950e,4240a12e0b246c9d69af1f697488fe7da1b497df20f4a6f95135b4d5fe180a57,csc.exe,"C:\Windows\System32\WindowsPowerShell\v1.0\powershell.exe
-Version
5.1
-s
-NoLogo
-NoProfile","""C:\Windows\System32\WindowsPowerShell\v1.0\powershell.exe"" -Version 5.1 -s -NoLogo -NoProfile",{B59E2A9A-5080-6211-4E04-000000001202},C:\Windows\System32\WindowsPowerShell\v1.0\powershell.exe,powershell.exe,5668,Microsoft Corporation,Visual C# Command Line Compiler,4.8.3761.0 built by: NET48REL1,ee1e569ad02aa1f7aeca80ac0601d80d,csc.exe,Microsoft® .NET Framework,5876,,C:\Users\pat.risus\,"technique_id=T1086,technique_name=PowerShell",MAGNUMTEMPUS,S-1-5-18,pat.risus,0x6082d1
2022-02-19T20:18:15.000+0000,Process Create (rule: ProcessCreate),process,1,2022-02-19T20:18:15.238Z,Microsoft-Windows-Sysmon,127.0.0.1:8088,x86_64,rdp01,rdp01.magnumtempus.financial,sysmon,"C:\Windows\Microsoft.NET\Framework64\v4.0.30319\csc.exe
/noconfig
/fullpaths
@C:\Users\pat.risus\AppData\Local\Temp\3\adzbb2jt.cmdline","""C:\Windows\Microsoft.NET\Framework64\v4.0.30319\csc.exe"" /noconfig /fullpaths @""C:\Users\pat.risus\AppData\Local\Temp\3\adzbb2jt.cmdline""",{B59E2A9A-5085-6211-7204-000000001202},C:\Windows\Microsoft.NET\Framework64\v4.0.30319\csc.exe,23ee3d381cfe3b9f6229483e2ce2f9e1,93cf877f5627e55ec076a656e935042fac39950e,4240a12e0b246c9d69af1f697488fe7da1b497df20f4a6f95135b4d5fe180a57,csc.exe,"C:\Windows\System32\WindowsPowerShell\v1.0\powershell.exe
-Version
5.1
-s
-NoLogo
-NoProfile","""C:\Windows\System32\WindowsPowerShell\v1.0\powershell.exe"" -Version 5.1 -s -NoLogo -NoProfile",{B59E2A9A-507F-6211-4804-000000001202},C:\Windows\System32\WindowsPowerShell\v1.0\powershell.exe,powershell.exe,5796,Microsoft Corporation,Visual C# Command Line Compiler,4.8.3761.0 built by: NET48REL1,ee1e569ad02aa1f7aeca80ac0601d80d,csc.exe,Microsoft® .NET Framework,2564,,C:\Users\pat.risus\,"technique_id=T1086,technique_name=PowerShell",MAGNUMTEMPUS,S-1-5-18,pat.risus,0x6082d1
2022-02-19T20:18:15.000+0000,Process Create (rule: ProcessCreate),process,1,2022-02-19T20:18:15.237Z,Microsoft-Windows-Sysmon,127.0.0.1:8088,x86_64,rdp01,rdp01.magnumtempus.financial,sysmon,"C:\Windows\Microsoft.NET\Framework64\v4.0.30319\csc.exe
/noconfig
/fullpaths
@C:\Users\pat.risus\AppData\Local\Temp\3\3twwuu0t.cmdline","""C:\Windows\Microsoft.NET\Framework64\v4.0.30319\csc.exe"" /noconfig /fullpaths @""C:\Users\pat.risus\AppData\Local\Temp\3\3twwuu0t.cmdline""",{B59E2A9A-5084-6211-6F04-000000001202},C:\Windows\Microsoft.NET\Framework64\v4.0.30319\csc.exe,23ee3d381cfe3b9f6229483e2ce2f9e1,93cf877f5627e55ec076a656e935042fac39950e,4240a12e0b246c9d69af1f697488fe7da1b497df20f4a6f95135b4d5fe180a57,csc.exe,"C:\Windows\System32\WindowsPowerShell\v1.0\powershell.exe
-Version
5.1
-s
-NoLogo
-NoProfile","""C:\Windows\System32\WindowsPowerShell\v1.0\powershell.exe"" -Version 5.1 -s -NoLogo -NoProfile",{B59E2A9A-507F-6211-4604-000000001202},C:\Windows\System32\WindowsPowerShell\v1.0\powershell.exe,powershell.exe,7644,Microsoft Corporation,Visual C# Command Line Compiler,4.8.3761.0 built by: NET48REL1,ee1e569ad02aa1f7aeca80ac0601d80d,csc.exe,Microsoft® .NET Framework,8524,,C:\Users\pat.risus\,"technique_id=T1086,technique_name=PowerShell",MAGNUMTEMPUS,S-1-5-18,pat.risus,0x6082d1
2022-02-19T20:18:15.000+0000,Process Create (rule: ProcessCreate),process,1,2022-02-19T20:18:15.359Z,Microsoft-Windows-Sysmon,127.0.0.1:8088,x86_64,rdp01,rdp01.magnumtempus.financial,sysmon,"C:\Windows\Microsoft.NET\Framework64\v4.0.30319\csc.exe
/noconfig
/fullpaths
@C:\Users\pat.risus\AppData\Local\Temp\3\jhu2bwcl.cmdline","""C:\Windows\Microsoft.NET\Framework64\v4.0.30319\csc.exe"" /noconfig /fullpaths @""C:\Users\pat.risus\AppData\Local\Temp\3\jhu2bwcl.cmdline""",{B59E2A9A-5086-6211-7704-000000001202},C:\Windows\Microsoft.NET\Framework64\v4.0.30319\csc.exe,23ee3d381cfe3b9f6229483e2ce2f9e1,93cf877f5627e55ec076a656e935042fac39950e,4240a12e0b246c9d69af1f697488fe7da1b497df20f4a6f95135b4d5fe180a57,csc.exe,"C:\Windows\System32\WindowsPowerShell\v1.0\powershell.exe
-Version
5.1
-s
-NoLogo
-NoProfile","""C:\Windows\System32\WindowsPowerShell\v1.0\powershell.exe"" -Version 5.1 -s -NoLogo -NoProfile",{B59E2A9A-5080-6211-4C04-000000001202},C:\Windows\System32\WindowsPowerShell\v1.0\powershell.exe,powershell.exe,3180,Microsoft Corporation,Visual C# Command Line Compiler,4.8.3761.0 built by: NET48REL1,ee1e569ad02aa1f7aeca80ac0601d80d,csc.exe,Microsoft® .NET Framework,8636,,C:\Users\pat.risus\,"technique_id=T1086,technique_name=PowerShell",MAGNUMTEMPUS,S-1-5-18,pat.risus,0x6082d1
2022-02-19T20:18:15.000+0000,Process Create (rule: ProcessCreate),process,1,2022-02-19T20:18:15.235Z,Microsoft-Windows-Sysmon,127.0.0.1:8088,x86_64,rdp01,rdp01.magnumtempus.financial,sysmon,"C:\Windows\System32\WindowsPowerShell\v1.0\powershell.exe
-Version
5.1
-s
-NoLogo
-NoProfile","""C:\Windows\System32\WindowsPowerShell\v1.0\powershell.exe"" -Version 5.1 -s -NoLogo -NoProfile",{B59E2A9A-5084-6211-6C04-000000001202},C:\Windows\System32\WindowsPowerShell\v1.0\powershell.exe,097ce5761c89434367598b34fe32893b,044a0cf1f6bc478a7172bf207eef1e201a18ba02,ba4038fd20e474c047be8aad5bfacdb1bfc1ddbe12f803f473b7918d8d819436,powershell.exe,C:\Windows\System32\WindowsPowerShell\v1.0\powershell.exe,"""C:\Windows\System32\WindowsPowerShell\v1.0\powershell.exe"" ",{B59E2A9A-4F1B-6211-8A01-000000001202},C:\Windows\System32\WindowsPowerShell\v1.0\powershell.exe,powershell.exe,6784,Microsoft Corporation,Windows PowerShell,10.0.14393.206 (rs1_release.160915-0644),caee994f79d85e47c06e5fa9cdeae453,PowerShell.EXE,Microsoft® Windows® Operating System,7692,,C:\Users\pat.risus\,"technique_id=T1086,technique_name=PowerShell",MAGNUMTEMPUS,S-1-5-18,pat.risus,0x6082d1
2022-02-19T20:18:15.000+0000,Process Create (rule: ProcessCreate),process,1,2022-02-19T20:18:15.358Z,Microsoft-Windows-Sysmon,127.0.0.1:8088,x86_64,rdp01,rdp01.magnumtempus.financial,sysmon,"C:\Windows\Microsoft.NET\Framework64\v4.0.30319\csc.exe
/noconfig
/fullpaths
@C:\Users\pat.risus\AppData\Local\Temp\3\0kafajd1.cmdline","""C:\Windows\Microsoft.NET\Framework64\v4.0.30319\csc.exe"" /noconfig /fullpaths @""C:\Users\pat.risus\AppData\Local\Temp\3\0kafajd1.cmdline""",{B59E2A9A-5085-6211-7604-000000001202},C:\Windows\Microsoft.NET\Framework64\v4.0.30319\csc.exe,23ee3d381cfe3b9f6229483e2ce2f9e1,93cf877f5627e55ec076a656e935042fac39950e,4240a12e0b246c9d69af1f697488fe7da1b497df20f4a6f95135b4d5fe180a57,csc.exe,"C:\Windows\System32\WindowsPowerShell\v1.0\powershell.exe
-Version
5.1
-s
-NoLogo
-NoProfile","""C:\Windows\System32\WindowsPowerShell\v1.0\powershell.exe"" -Version 5.1 -s -NoLogo -NoProfile",{B59E2A9A-5080-6211-4A04-000000001202},C:\Windows\System32\WindowsPowerShell\v1.0\powershell.exe,powershell.exe,8464,Microsoft Corporation,Visual C# Command Line Compiler,4.8.3761.0 built by: NET48REL1,ee1e569ad02aa1f7aeca80ac0601d80d,csc.exe,Microsoft® .NET Framework,3300,,C:\Users\pat.risus\,"technique_id=T1086,technique_name=PowerShell",MAGNUMTEMPUS,S-1-5-18,pat.risus,0x6082d1
2022-02-19T20:18:13.000+0000,Process Create (rule: ProcessCreate),process,1,2022-02-19T20:18:13.144Z,Microsoft-Windows-Sysmon,127.0.0.1:8088,x86_64,rdp01,rdp01.magnumtempus.financial,sysmon,"C:\Windows\Microsoft.NET\Framework64\v4.0.30319\csc.exe
/noconfig
/fullpaths
@C:\Users\pat.risus\AppData\Local\Temp\3\3d4ieyfg.cmdline","""C:\Windows\Microsoft.NET\Framework64\v4.0.30319\csc.exe"" /noconfig /fullpaths @""C:\Users\pat.risus\AppData\Local\Temp\3\3d4ieyfg.cmdline""",{B59E2A9A-5084-6211-6A04-000000001202},C:\Windows\Microsoft.NET\Framework64\v4.0.30319\csc.exe,23ee3d381cfe3b9f6229483e2ce2f9e1,93cf877f5627e55ec076a656e935042fac39950e,4240a12e0b246c9d69af1f697488fe7da1b497df20f4a6f95135b4d5fe180a57,csc.exe,"C:\Windows\System32\WindowsPowerShell\v1.0\powershell.exe
-Version
5.1
-s
-NoLogo
-NoProfile","""C:\Windows\System32\WindowsPowerShell\v1.0\powershell.exe"" -Version 5.1 -s -NoLogo -NoProfile",{B59E2A9A-507E-6211-4204-000000001202},C:\Windows\System32\WindowsPowerShell\v1.0\powershell.exe,powershell.exe,2964,Microsoft Corporation,Visual C# Command Line Compiler,4.8.3761.0 built by: NET48REL1,ee1e569ad02aa1f7aeca80ac0601d80d,csc.exe,Microsoft® .NET Framework,8992,,C:\Users\pat.risus\,"technique_id=T1086,technique_name=PowerShell",MAGNUMTEMPUS,S-1-5-18,pat.risus,0x6082d1
2022-02-19T20:18:13.000+0000,Process Create (rule: ProcessCreate),process,1,2022-02-19T20:18:12.869Z,Microsoft-Windows-Sysmon,127.0.0.1:8088,x86_64,rdp01,rdp01.magnumtempus.financial,sysmon,"C:\Windows\Microsoft.NET\Framework64\v4.0.30319\csc.exe
/noconfig
/fullpaths
@C:\Users\pat.risus\AppData\Local\Temp\3\hdmv1wh2.cmdline","""C:\Windows\Microsoft.NET\Framework64\v4.0.30319\csc.exe"" /noconfig /fullpaths @""C:\Users\pat.risus\AppData\Local\Temp\3\hdmv1wh2.cmdline""",{B59E2A9A-5083-6211-6004-000000001202},C:\Windows\Microsoft.NET\Framework64\v4.0.30319\csc.exe,23ee3d381cfe3b9f6229483e2ce2f9e1,93cf877f5627e55ec076a656e935042fac39950e,4240a12e0b246c9d69af1f697488fe7da1b497df20f4a6f95135b4d5fe180a57,csc.exe,"C:\Windows\System32\WindowsPowerShell\v1.0\powershell.exe
-Version
5.1
-s
-NoLogo
-NoProfile","""C:\Windows\System32\WindowsPowerShell\v1.0\powershell.exe"" -Version 5.1 -s -NoLogo -NoProfile",{B59E2A9A-507D-6211-3C04-000000001202},C:\Windows\System32\WindowsPowerShell\v1.0\powershell.exe,powershell.exe,8360,Microsoft Corporation,Visual C# Command Line Compiler,4.8.3761.0 built by: NET48REL1,ee1e569ad02aa1f7aeca80ac0601d80d,csc.exe,Microsoft® .NET Framework,6244,,C:\Users\pat.risus\,"technique_id=T1086,technique_name=PowerShell",MAGNUMTEMPUS,S-1-5-18,pat.risus,0x6082d1
2022-02-19T20:18:13.000+0000,Process Create (rule: ProcessCreate),process,1,2022-02-19T20:18:12.867Z,Microsoft-Windows-Sysmon,127.0.0.1:8088,x86_64,rdp01,rdp01.magnumtempus.financial,sysmon,"C:\Windows\System32\WindowsPowerShell\v1.0\powershell.exe
-Version
5.1
-s
-NoLogo
-NoProfile","""C:\Windows\System32\WindowsPowerShell\v1.0\powershell.exe"" -Version 5.1 -s -NoLogo -NoProfile",{B59E2A9A-5083-6211-5E04-000000001202},C:\Windows\System32\WindowsPowerShell\v1.0\powershell.exe,097ce5761c89434367598b34fe32893b,044a0cf1f6bc478a7172bf207eef1e201a18ba02,ba4038fd20e474c047be8aad5bfacdb1bfc1ddbe12f803f473b7918d8d819436,powershell.exe,C:\Windows\System32\WindowsPowerShell\v1.0\powershell.exe,"""C:\Windows\System32\WindowsPowerShell\v1.0\powershell.exe"" ",{B59E2A9A-4F1B-6211-8A01-000000001202},C:\Windows\System32\WindowsPowerShell\v1.0\powershell.exe,powershell.exe,6784,Microsoft Corporation,Windows PowerShell,10.0.14393.206 (rs1_release.160915-0644),caee994f79d85e47c06e5fa9cdeae453,PowerShell.EXE,Microsoft® Windows® Operating System,8048,,C:\Users\pat.risus\,"technique_id=T1086,technique_name=PowerShell",MAGNUMTEMPUS,S-1-5-18,pat.risus,0x6082d1
2022-02-19T20:18:13.000+0000,Process Create (rule: ProcessCreate),process,1,2022-02-19T20:18:12.867Z,Microsoft-Windows-Sysmon,127.0.0.1:8088,x86_64,rdp01,rdp01.magnumtempus.financial,sysmon,"C:\Windows\Microsoft.NET\Framework64\v4.0.30319\csc.exe
/noconfig
/fullpaths
@C:\Users\pat.risus\AppData\Local\Temp\3\dnropuds.cmdline","""C:\Windows\Microsoft.NET\Framework64\v4.0.30319\csc.exe"" /noconfig /fullpaths @""C:\Users\pat.risus\AppData\Local\Temp\3\dnropuds.cmdline""",{B59E2A9A-5083-6211-5C04-000000001202},C:\Windows\Microsoft.NET\Framework64\v4.0.30319\csc.exe,23ee3d381cfe3b9f6229483e2ce2f9e1,93cf877f5627e55ec076a656e935042fac39950e,4240a12e0b246c9d69af1f697488fe7da1b497df20f4a6f95135b4d5fe180a57,csc.exe,"C:\Windows\System32\WindowsPowerShell\v1.0\powershell.exe
-Version
5.1
-s
-NoLogo
-NoProfile","""C:\Windows\System32\WindowsPowerShell\v1.0\powershell.exe"" -Version 5.1 -s -NoLogo -NoProfile",{B59E2A9A-507D-6211-3A04-000000001202},C:\Windows\System32\WindowsPowerShell\v1.0\powershell.exe,powershell.exe,7536,Microsoft Corporation,Visual C# Command Line Compiler,4.8.3761.0 built by: NET48REL1,ee1e569ad02aa1f7aeca80ac0601d80d,csc.exe,Microsoft® .NET Framework,3784,,C:\Users\pat.risus\,"technique_id=T1086,technique_name=PowerShell",MAGNUMTEMPUS,S-1-5-18,pat.risus,0x6082d1
2022-02-19T20:18:13.000+0000,Process Create (rule: ProcessCreate),process,1,2022-02-19T20:18:12.865Z,Microsoft-Windows-Sysmon,127.0.0.1:8088,x86_64,rdp01,rdp01.magnumtempus.financial,sysmon,"C:\Windows\System32\WindowsPowerShell\v1.0\powershell.exe
-Version
5.1
-s
-NoLogo
-NoProfile","""C:\Windows\System32\WindowsPowerShell\v1.0\powershell.exe"" -Version 5.1 -s -NoLogo -NoProfile",{B59E2A9A-5082-6211-5A04-000000001202},C:\Windows\System32\WindowsPowerShell\v1.0\powershell.exe,097ce5761c89434367598b34fe32893b,044a0cf1f6bc478a7172bf207eef1e201a18ba02,ba4038fd20e474c047be8aad5bfacdb1bfc1ddbe12f803f473b7918d8d819436,powershell.exe,C:\Windows\System32\WindowsPowerShell\v1.0\powershell.exe,"""C:\Windows\System32\WindowsPowerShell\v1.0\powershell.exe"" ",{B59E2A9A-4F1B-6211-8A01-000000001202},C:\Windows\System32\WindowsPowerShell\v1.0\powershell.exe,powershell.exe,6784,Microsoft Corporation,Windows PowerShell,10.0.14393.206 (rs1_release.160915-0644),caee994f79d85e47c06e5fa9cdeae453,PowerShell.EXE,Microsoft® Windows® Operating System,8720,,C:\Users\pat.risus\,"technique_id=T1086,technique_name=PowerShell",MAGNUMTEMPUS,S-1-5-18,pat.risus,0x6082d1
2022-02-19T20:18:13.000+0000,Process Create (rule: ProcessCreate),process,1,2022-02-19T20:18:13.137Z,Microsoft-Windows-Sysmon,127.0.0.1:8088,x86_64,rdp01,rdp01.magnumtempus.financial,sysmon,"C:\Windows\System32\WindowsPowerShell\v1.0\powershell.exe
-Version
5.1
-s
-NoLogo
-NoProfile","""C:\Windows\System32\WindowsPowerShell\v1.0\powershell.exe"" -Version 5.1 -s -NoLogo -NoProfile",{B59E2A9A-5083-6211-6404-000000001202},C:\Windows\System32\WindowsPowerShell\v1.0\powershell.exe,097ce5761c89434367598b34fe32893b,044a0cf1f6bc478a7172bf207eef1e201a18ba02,ba4038fd20e474c047be8aad5bfacdb1bfc1ddbe12f803f473b7918d8d819436,powershell.exe,C:\Windows\System32\WindowsPowerShell\v1.0\powershell.exe,"""C:\Windows\System32\WindowsPowerShell\v1.0\powershell.exe"" ",{B59E2A9A-4F1B-6211-8A01-000000001202},C:\Windows\System32\WindowsPowerShell\v1.0\powershell.exe,powershell.exe,6784,Microsoft Corporation,Windows PowerShell,10.0.14393.206 (rs1_release.160915-0644),caee994f79d85e47c06e5fa9cdeae453,PowerShell.EXE,Microsoft® Windows® Operating System,8312,,C:\Users\pat.risus\,"technique_id=T1086,technique_name=PowerShell",MAGNUMTEMPUS,S-1-5-18,pat.risus,0x6082d1
2022-02-19T20:18:13.000+0000,Process Create (rule: ProcessCreate),process,1,2022-02-19T20:18:12.869Z,Microsoft-Windows-Sysmon,127.0.0.1:8088,x86_64,rdp01,rdp01.magnumtempus.financial,sysmon,"C:\Windows\Microsoft.NET\Framework64\v4.0.30319\csc.exe
/noconfig
/fullpaths
@C:\Users\pat.risus\AppData\Local\Temp\3\ewc4pti1.cmdline","""C:\Windows\Microsoft.NET\Framework64\v4.0.30319\csc.exe"" /noconfig /fullpaths @""C:\Users\pat.risus\AppData\Local\Temp\3\ewc4pti1.cmdline""",{B59E2A9A-5083-6211-6104-000000001202},C:\Windows\Microsoft.NET\Framework64\v4.0.30319\csc.exe,23ee3d381cfe3b9f6229483e2ce2f9e1,93cf877f5627e55ec076a656e935042fac39950e,4240a12e0b246c9d69af1f697488fe7da1b497df20f4a6f95135b4d5fe180a57,csc.exe,"C:\Windows\System32\WindowsPowerShell\v1.0\powershell.exe
-Version
5.1
-s
-NoLogo
-NoProfile","""C:\Windows\System32\WindowsPowerShell\v1.0\powershell.exe"" -Version 5.1 -s -NoLogo -NoProfile",{B59E2A9A-507E-6211-3E04-000000001202},C:\Windows\System32\WindowsPowerShell\v1.0\powershell.exe,powershell.exe,7460,Microsoft Corporation,Visual C# Command Line Compiler,4.8.3761.0 built by: NET48REL1,ee1e569ad02aa1f7aeca80ac0601d80d,csc.exe,Microsoft® .NET Framework,7824,,C:\Users\pat.risus\,"technique_id=T1086,technique_name=PowerShell",MAGNUMTEMPUS,S-1-5-18,pat.risus,0x6082d1
2022-02-19T20:18:13.000+0000,Process Create (rule: ProcessCreate),process,1,2022-02-19T20:18:13.141Z,Microsoft-Windows-Sysmon,127.0.0.1:8088,x86_64,rdp01,rdp01.magnumtempus.financial,sysmon,"C:\Windows\System32\WindowsPowerShell\v1.0\powershell.exe
-Version
5.1
-s
-NoLogo
-NoProfile","""C:\Windows\System32\WindowsPowerShell\v1.0\powershell.exe"" -Version 5.1 -s -NoLogo -NoProfile",{B59E2A9A-5084-6211-6804-000000001202},C:\Windows\System32\WindowsPowerShell\v1.0\powershell.exe,097ce5761c89434367598b34fe32893b,044a0cf1f6bc478a7172bf207eef1e201a18ba02,ba4038fd20e474c047be8aad5bfacdb1bfc1ddbe12f803f473b7918d8d819436,powershell.exe,C:\Windows\System32\WindowsPowerShell\v1.0\powershell.exe,"""C:\Windows\System32\WindowsPowerShell\v1.0\powershell.exe"" ",{B59E2A9A-4F1B-6211-8A01-000000001202},C:\Windows\System32\WindowsPowerShell\v1.0\powershell.exe,powershell.exe,6784,Microsoft Corporation,Windows PowerShell,10.0.14393.206 (rs1_release.160915-0644),caee994f79d85e47c06e5fa9cdeae453,PowerShell.EXE,Microsoft® Windows® Operating System,9120,,C:\Users\pat.risus\,"technique_id=T1086,technique_name=PowerShell",MAGNUMTEMPUS,S-1-5-18,pat.risus,0x6082d1
2022-02-19T20:18:13.000+0000,Process Create (rule: ProcessCreate),process,1,2022-02-19T20:18:13.138Z,Microsoft-Windows-Sysmon,127.0.0.1:8088,x86_64,rdp01,rdp01.magnumtempus.financial,sysmon,"C:\Windows\Microsoft.NET\Framework64\v4.0.30319\csc.exe
/noconfig
/fullpaths
@C:\Users\pat.risus\AppData\Local\Temp\3\i5q3sqyx.cmdline","""C:\Windows\Microsoft.NET\Framework64\v4.0.30319\csc.exe"" /noconfig /fullpaths @""C:\Users\pat.risus\AppData\Local\Temp\3\i5q3sqyx.cmdline""",{B59E2A9A-5083-6211-6604-000000001202},C:\Windows\Microsoft.NET\Framework64\v4.0.30319\csc.exe,23ee3d381cfe3b9f6229483e2ce2f9e1,93cf877f5627e55ec076a656e935042fac39950e,4240a12e0b246c9d69af1f697488fe7da1b497df20f4a6f95135b4d5fe180a57,csc.exe,"C:\Windows\System32\WindowsPowerShell\v1.0\powershell.exe
-Version
5.1
-s
-NoLogo
-NoProfile","""C:\Windows\System32\WindowsPowerShell\v1.0\powershell.exe"" -Version 5.1 -s -NoLogo -NoProfile",{B59E2A9A-507E-6211-4004-000000001202},C:\Windows\System32\WindowsPowerShell\v1.0\powershell.exe,powershell.exe,7840,Microsoft Corporation,Visual C# Command Line Compiler,4.8.3761.0 built by: NET48REL1,ee1e569ad02aa1f7aeca80ac0601d80d,csc.exe,Microsoft® .NET Framework,5700,,C:\Users\pat.risus\,"technique_id=T1086,technique_name=PowerShell",MAGNUMTEMPUS,S-1-5-18,pat.risus,0x6082d1
2022-02-19T20:18:12.000+0000,Process Create (rule: ProcessCreate),process,1,2022-02-19T20:18:11.595Z,Microsoft-Windows-Sysmon,127.0.0.1:8088,x86_64,rdp01,rdp01.magnumtempus.financial,sysmon,"C:\Windows\Microsoft.NET\Framework64\v4.0.30319\csc.exe
/noconfig
/fullpaths
@C:\Users\pat.risus\AppData\Local\Temp\3\heelxmdp.cmdline","""C:\Windows\Microsoft.NET\Framework64\v4.0.30319\csc.exe"" /noconfig /fullpaths @""C:\Users\pat.risus\AppData\Local\Temp\3\heelxmdp.cmdline""",{B59E2A9A-5082-6211-5804-000000001202},C:\Windows\Microsoft.NET\Framework64\v4.0.30319\csc.exe,23ee3d381cfe3b9f6229483e2ce2f9e1,93cf877f5627e55ec076a656e935042fac39950e,4240a12e0b246c9d69af1f697488fe7da1b497df20f4a6f95135b4d5fe180a57,csc.exe,"C:\Windows\System32\WindowsPowerShell\v1.0\powershell.exe
-Version
5.1
-s
-NoLogo
-NoProfile","""C:\Windows\System32\WindowsPowerShell\v1.0\powershell.exe"" -Version 5.1 -s -NoLogo -NoProfile",{B59E2A9A-507C-6211-3404-000000001202},C:\Windows\System32\WindowsPowerShell\v1.0\powershell.exe,powershell.exe,3580,Microsoft Corporation,Visual C# Command Line Compiler,4.8.3761.0 built by: NET48REL1,ee1e569ad02aa1f7aeca80ac0601d80d,csc.exe,Microsoft® .NET Framework,9064,,C:\Users\pat.risus\,"technique_id=T1086,technique_name=PowerShell",MAGNUMTEMPUS,S-1-5-18,pat.risus,0x6082d1
2022-02-19T20:18:12.000+0000,Process Create (rule: ProcessCreate),process,1,2022-02-19T20:18:11.363Z,Microsoft-Windows-Sysmon,127.0.0.1:8088,x86_64,rdp01,rdp01.magnumtempus.financial,sysmon,"C:\Windows\System32\WindowsPowerShell\v1.0\powershell.exe
-Version
5.1
-s
-NoLogo
-NoProfile","""C:\Windows\System32\WindowsPowerShell\v1.0\powershell.exe"" -Version 5.1 -s -NoLogo -NoProfile",{B59E2A9A-5082-6211-5604-000000001202},C:\Windows\System32\WindowsPowerShell\v1.0\powershell.exe,097ce5761c89434367598b34fe32893b,044a0cf1f6bc478a7172bf207eef1e201a18ba02,ba4038fd20e474c047be8aad5bfacdb1bfc1ddbe12f803f473b7918d8d819436,powershell.exe,C:\Windows\System32\WindowsPowerShell\v1.0\powershell.exe,"""C:\Windows\System32\WindowsPowerShell\v1.0\powershell.exe"" ",{B59E2A9A-4F1B-6211-8A01-000000001202},C:\Windows\System32\WindowsPowerShell\v1.0\powershell.exe,powershell.exe,6784,Microsoft Corporation,Windows PowerShell,10.0.14393.206 (rs1_release.160915-0644),caee994f79d85e47c06e5fa9cdeae453,PowerShell.EXE,Microsoft® Windows® Operating System,6188,,C:\Users\pat.risus\,"technique_id=T1086,technique_name=PowerShell",MAGNUMTEMPUS,S-1-5-18,pat.risus,0x6082d1
2022-02-19T20:18:12.000+0000,Process Create (rule: ProcessCreate),process,1,2022-02-19T20:18:11.361Z,Microsoft-Windows-Sysmon,127.0.0.1:8088,x86_64,rdp01,rdp01.magnumtempus.financial,sysmon,"C:\Windows\System32\WindowsPowerShell\v1.0\powershell.exe
-Version
5.1
-s
-NoLogo
-NoProfile","""C:\Windows\System32\WindowsPowerShell\v1.0\powershell.exe"" -Version 5.1 -s -NoLogo -NoProfile",{B59E2A9A-5081-6211-5404-000000001202},C:\Windows\System32\WindowsPowerShell\v1.0\powershell.exe,097ce5761c89434367598b34fe32893b,044a0cf1f6bc478a7172bf207eef1e201a18ba02,ba4038fd20e474c047be8aad5bfacdb1bfc1ddbe12f803f473b7918d8d819436,powershell.exe,C:\Windows\System32\WindowsPowerShell\v1.0\powershell.exe,"""C:\Windows\System32\WindowsPowerShell\v1.0\powershell.exe"" ",{B59E2A9A-4F1B-6211-8A01-000000001202},C:\Windows\System32\WindowsPowerShell\v1.0\powershell.exe,powershell.exe,6784,Microsoft Corporation,Windows PowerShell,10.0.14393.206 (rs1_release.160915-0644),caee994f79d85e47c06e5fa9cdeae453,PowerShell.EXE,Microsoft® Windows® Operating System,8552,,C:\Users\pat.risus\,"technique_id=T1086,technique_name=PowerShell",MAGNUMTEMPUS,S-1-5-18,pat.risus,0x6082d1
2022-02-19T20:18:11.000+0000,Process Create (rule: ProcessCreate),process,1,2022-02-19T20:18:09.868Z,Microsoft-Windows-Sysmon,127.0.0.1:8088,x86_64,rdp01,rdp01.magnumtempus.financial,sysmon,"C:\Windows\System32\WindowsPowerShell\v1.0\powershell.exe
-Version
5.1
-s
-NoLogo
-NoProfile","""C:\Windows\System32\WindowsPowerShell\v1.0\powershell.exe"" -Version 5.1 -s -NoLogo -NoProfile",{B59E2A9A-5081-6211-5204-000000001202},C:\Windows\System32\WindowsPowerShell\v1.0\powershell.exe,097ce5761c89434367598b34fe32893b,044a0cf1f6bc478a7172bf207eef1e201a18ba02,ba4038fd20e474c047be8aad5bfacdb1bfc1ddbe12f803f473b7918d8d819436,powershell.exe,C:\Windows\System32\WindowsPowerShell\v1.0\powershell.exe,"""C:\Windows\System32\WindowsPowerShell\v1.0\powershell.exe"" ",{B59E2A9A-4F1B-6211-8A01-000000001202},C:\Windows\System32\WindowsPowerShell\v1.0\powershell.exe,powershell.exe,6784,Microsoft Corporation,Windows PowerShell,10.0.14393.206 (rs1_release.160915-0644),caee994f79d85e47c06e5fa9cdeae453,PowerShell.EXE,Microsoft® Windows® Operating System,5672,,C:\Users\pat.risus\,"technique_id=T1086,technique_name=PowerShell",MAGNUMTEMPUS,S-1-5-18,pat.risus,0x6082d1
2022-02-19T20:18:11.000+0000,Process Create (rule: ProcessCreate),process,1,2022-02-19T20:18:09.866Z,Microsoft-Windows-Sysmon,127.0.0.1:8088,x86_64,rdp01,rdp01.magnumtempus.financial,sysmon,"C:\Windows\System32\WindowsPowerShell\v1.0\powershell.exe
-Version
5.1
-s
-NoLogo
-NoProfile","""C:\Windows\System32\WindowsPowerShell\v1.0\powershell.exe"" -Version 5.1 -s -NoLogo -NoProfile",{B59E2A9A-5081-6211-5004-000000001202},C:\Windows\System32\WindowsPowerShell\v1.0\powershell.exe,097ce5761c89434367598b34fe32893b,044a0cf1f6bc478a7172bf207eef1e201a18ba02,ba4038fd20e474c047be8aad5bfacdb1bfc1ddbe12f803f473b7918d8d819436,powershell.exe,C:\Windows\System32\WindowsPowerShell\v1.0\powershell.exe,"""C:\Windows\System32\WindowsPowerShell\v1.0\powershell.exe"" ",{B59E2A9A-4F1B-6211-8A01-000000001202},C:\Windows\System32\WindowsPowerShell\v1.0\powershell.exe,powershell.exe,6784,Microsoft Corporation,Windows PowerShell,10.0.14393.206 (rs1_release.160915-0644),caee994f79d85e47c06e5fa9cdeae453,PowerShell.EXE,Microsoft® Windows® Operating System,9116,,C:\Users\pat.risus\,"technique_id=T1086,technique_name=PowerShell",MAGNUMTEMPUS,S-1-5-18,pat.risus,0x6082d1
2022-02-19T20:18:11.000+0000,Process Create (rule: ProcessCreate),process,1,2022-02-19T20:18:09.797Z,Microsoft-Windows-Sysmon,127.0.0.1:8088,x86_64,rdp01,rdp01.magnumtempus.financial,sysmon,"C:\Windows\System32\WindowsPowerShell\v1.0\powershell.exe
-Version
5.1
-s
-NoLogo
-NoProfile","""C:\Windows\System32\WindowsPowerShell\v1.0\powershell.exe"" -Version 5.1 -s -NoLogo -NoProfile",{B59E2A9A-5080-6211-4C04-000000001202},C:\Windows\System32\WindowsPowerShell\v1.0\powershell.exe,097ce5761c89434367598b34fe32893b,044a0cf1f6bc478a7172bf207eef1e201a18ba02,ba4038fd20e474c047be8aad5bfacdb1bfc1ddbe12f803f473b7918d8d819436,powershell.exe,C:\Windows\System32\WindowsPowerShell\v1.0\powershell.exe,"""C:\Windows\System32\WindowsPowerShell\v1.0\powershell.exe"" ",{B59E2A9A-4F1B-6211-8A01-000000001202},C:\Windows\System32\WindowsPowerShell\v1.0\powershell.exe,powershell.exe,6784,Microsoft Corporation,Windows PowerShell,10.0.14393.206 (rs1_release.160915-0644),caee994f79d85e47c06e5fa9cdeae453,PowerShell.EXE,Microsoft® Windows® Operating System,3180,,C:\Users\pat.risus\,"technique_id=T1086,technique_name=PowerShell",MAGNUMTEMPUS,S-1-5-18,pat.risus,0x6082d1
2022-02-19T20:18:11.000+0000,Process Create (rule: ProcessCreate),process,1,2022-02-19T20:18:09.793Z,Microsoft-Windows-Sysmon,127.0.0.1:8088,x86_64,rdp01,rdp01.magnumtempus.financial,sysmon,"C:\Windows\System32\WindowsPowerShell\v1.0\powershell.exe
-Version
5.1
-s
-NoLogo
-NoProfile","""C:\Windows\System32\WindowsPowerShell\v1.0\powershell.exe"" -Version 5.1 -s -NoLogo -NoProfile",{B59E2A9A-507F-6211-4804-000000001202},C:\Windows\System32\WindowsPowerShell\v1.0\powershell.exe,097ce5761c89434367598b34fe32893b,044a0cf1f6bc478a7172bf207eef1e201a18ba02,ba4038fd20e474c047be8aad5bfacdb1bfc1ddbe12f803f473b7918d8d819436,powershell.exe,C:\Windows\System32\WindowsPowerShell\v1.0\powershell.exe,"""C:\Windows\System32\WindowsPowerShell\v1.0\powershell.exe"" ",{B59E2A9A-4F1B-6211-8A01-000000001202},C:\Windows\System32\WindowsPowerShell\v1.0\powershell.exe,powershell.exe,6784,Microsoft Corporation,Windows PowerShell,10.0.14393.206 (rs1_release.160915-0644),caee994f79d85e47c06e5fa9cdeae453,PowerShell.EXE,Microsoft® Windows® Operating System,5796,,C:\Users\pat.risus\,"technique_id=T1086,technique_name=PowerShell",MAGNUMTEMPUS,S-1-5-18,pat.risus,0x6082d1
2022-02-19T20:18:11.000+0000,Process Create (rule: ProcessCreate),process,1,2022-02-19T20:18:09.795Z,Microsoft-Windows-Sysmon,127.0.0.1:8088,x86_64,rdp01,rdp01.magnumtempus.financial,sysmon,"C:\Windows\System32\WindowsPowerShell\v1.0\powershell.exe
-Version
5.1
-s
-NoLogo
-NoProfile","""C:\Windows\System32\WindowsPowerShell\v1.0\powershell.exe"" -Version 5.1 -s -NoLogo -NoProfile",{B59E2A9A-5080-6211-4A04-000000001202},C:\Windows\System32\WindowsPowerShell\v1.0\powershell.exe,097ce5761c89434367598b34fe32893b,044a0cf1f6bc478a7172bf207eef1e201a18ba02,ba4038fd20e474c047be8aad5bfacdb1bfc1ddbe12f803f473b7918d8d819436,powershell.exe,C:\Windows\System32\WindowsPowerShell\v1.0\powershell.exe,"""C:\Windows\System32\WindowsPowerShell\v1.0\powershell.exe"" ",{B59E2A9A-4F1B-6211-8A01-000000001202},C:\Windows\System32\WindowsPowerShell\v1.0\powershell.exe,powershell.exe,6784,Microsoft Corporation,Windows PowerShell,10.0.14393.206 (rs1_release.160915-0644),caee994f79d85e47c06e5fa9cdeae453,PowerShell.EXE,Microsoft® Windows® Operating System,8464,,C:\Users\pat.risus\,"technique_id=T1086,technique_name=PowerShell",MAGNUMTEMPUS,S-1-5-18,pat.risus,0x6082d1
2022-02-19T20:18:11.000+0000,Process Create (rule: ProcessCreate),process,1,2022-02-19T20:18:09.799Z,Microsoft-Windows-Sysmon,127.0.0.1:8088,x86_64,rdp01,rdp01.magnumtempus.financial,sysmon,"C:\Windows\System32\WindowsPowerShell\v1.0\powershell.exe
-Version
5.1
-s
-NoLogo
-NoProfile","""C:\Windows\System32\WindowsPowerShell\v1.0\powershell.exe"" -Version 5.1 -s -NoLogo -NoProfile",{B59E2A9A-5080-6211-4E04-000000001202},C:\Windows\System32\WindowsPowerShell\v1.0\powershell.exe,097ce5761c89434367598b34fe32893b,044a0cf1f6bc478a7172bf207eef1e201a18ba02,ba4038fd20e474c047be8aad5bfacdb1bfc1ddbe12f803f473b7918d8d819436,powershell.exe,C:\Windows\System32\WindowsPowerShell\v1.0\powershell.exe,"""C:\Windows\System32\WindowsPowerShell\v1.0\powershell.exe"" ",{B59E2A9A-4F1B-6211-8A01-000000001202},C:\Windows\System32\WindowsPowerShell\v1.0\powershell.exe,powershell.exe,6784,Microsoft Corporation,Windows PowerShell,10.0.14393.206 (rs1_release.160915-0644),caee994f79d85e47c06e5fa9cdeae453,PowerShell.EXE,Microsoft® Windows® Operating System,5668,,C:\Users\pat.risus\,"technique_id=T1086,technique_name=PowerShell",MAGNUMTEMPUS,S-1-5-18,pat.risus,0x6082d1
2022-02-19T20:18:11.000+0000,Process Create (rule: ProcessCreate),process,1,2022-02-19T20:18:09.790Z,Microsoft-Windows-Sysmon,127.0.0.1:8088,x86_64,rdp01,rdp01.magnumtempus.financial,sysmon,"C:\Windows\System32\WindowsPowerShell\v1.0\powershell.exe
-Version
5.1
-s
-NoLogo
-NoProfile","""C:\Windows\System32\WindowsPowerShell\v1.0\powershell.exe"" -Version 5.1 -s -NoLogo -NoProfile",{B59E2A9A-507F-6211-4604-000000001202},C:\Windows\System32\WindowsPowerShell\v1.0\powershell.exe,097ce5761c89434367598b34fe32893b,044a0cf1f6bc478a7172bf207eef1e201a18ba02,ba4038fd20e474c047be8aad5bfacdb1bfc1ddbe12f803f473b7918d8d819436,powershell.exe,C:\Windows\System32\WindowsPowerShell\v1.0\powershell.exe,"""C:\Windows\System32\WindowsPowerShell\v1.0\powershell.exe"" ",{B59E2A9A-4F1B-6211-8A01-000000001202},C:\Windows\System32\WindowsPowerShell\v1.0\powershell.exe,powershell.exe,6784,Microsoft Corporation,Windows PowerShell,10.0.14393.206 (rs1_release.160915-0644),caee994f79d85e47c06e5fa9cdeae453,PowerShell.EXE,Microsoft® Windows® Operating System,7644,,C:\Users\pat.risus\,"technique_id=T1086,technique_name=PowerShell",MAGNUMTEMPUS,S-1-5-18,pat.risus,0x6082d1
2022-02-19T20:18:08.000+0000,Process Create (rule: ProcessCreate),process,1,2022-02-19T20:18:07.471Z,Microsoft-Windows-Sysmon,127.0.0.1:8088,x86_64,rdp01,rdp01.magnumtempus.financial,sysmon,"C:\Windows\System32\WindowsPowerShell\v1.0\powershell.exe
-Version
5.1
-s
-NoLogo
-NoProfile","""C:\Windows\System32\WindowsPowerShell\v1.0\powershell.exe"" -Version 5.1 -s -NoLogo -NoProfile",{B59E2A9A-507F-6211-4404-000000001202},C:\Windows\System32\WindowsPowerShell\v1.0\powershell.exe,097ce5761c89434367598b34fe32893b,044a0cf1f6bc478a7172bf207eef1e201a18ba02,ba4038fd20e474c047be8aad5bfacdb1bfc1ddbe12f803f473b7918d8d819436,powershell.exe,C:\Windows\System32\WindowsPowerShell\v1.0\powershell.exe,"""C:\Windows\System32\WindowsPowerShell\v1.0\powershell.exe"" ",{B59E2A9A-4F1B-6211-8A01-000000001202},C:\Windows\System32\WindowsPowerShell\v1.0\powershell.exe,powershell.exe,6784,Microsoft Corporation,Windows PowerShell,10.0.14393.206 (rs1_release.160915-0644),caee994f79d85e47c06e5fa9cdeae453,PowerShell.EXE,Microsoft® Windows® Operating System,8688,,C:\Users\pat.risus\,"technique_id=T1086,technique_name=PowerShell",MAGNUMTEMPUS,S-1-5-18,pat.risus,0x6082d1
